<?xml version="1.0" encoding="UTF-8"?>
<coverage generated="1738909029291" clover="3.2.0">
  <project timestamp="1738909029291" name="All files">
    <metrics statements="1730" coveredstatements="1486" conditionals="527" coveredconditionals="380" methods="255" coveredmethods="224" elements="2512" coveredelements="2090" complexity="0" loc="1730" ncloc="1730" packages="6" files="24" classes="24"/>
    <package name="src.client">
      <metrics statements="343" coveredstatements="283" conditionals="122" coveredconditionals="96" methods="61" coveredmethods="48"/>
      <file name="wsClient.ts" path="/Users/menshibin/go/src/taos-connector-node/nodejs/src/client/wsClient.ts">
        <metrics statements="98" coveredstatements="76" conditionals="44" coveredconditionals="37" methods="24" coveredmethods="19"/>
        <line num="1" count="7" type="stmt"/>
        <line num="3" count="7" type="stmt"/>
        <line num="4" count="7" type="stmt"/>
        <line num="5" count="7" type="stmt"/>
        <line num="9" count="7" type="stmt"/>
        <line num="10" count="7" type="stmt"/>
        <line num="13" count="7" type="stmt"/>
        <line num="19" count="109" type="stmt"/>
        <line num="20" count="109" type="stmt"/>
        <line num="21" count="109" type="stmt"/>
        <line num="26" count="84" type="stmt"/>
        <line num="27" count="84" type="cond" truecount="1" falsecount="0"/>
        <line num="28" count="64" type="stmt"/>
        <line num="31" count="84" type="stmt"/>
        <line num="41" count="84" type="stmt"/>
        <line num="42" count="84" type="cond" truecount="1" falsecount="0"/>
        <line num="43" count="35" type="stmt"/>
        <line num="45" count="49" type="stmt"/>
        <line num="46" count="49" type="stmt"/>
        <line num="48" count="49" type="stmt"/>
        <line num="49" count="49" type="cond" truecount="1" falsecount="0"/>
        <line num="50" count="49" type="stmt"/>
        <line num="52" count="0" type="stmt"/>
        <line num="55" count="0" type="stmt"/>
        <line num="56" count="0" type="stmt"/>
        <line num="63" count="36" type="stmt"/>
        <line num="64" count="36" type="cond" truecount="3" falsecount="0"/>
        <line num="65" count="36" type="stmt"/>
        <line num="66" count="36" type="stmt"/>
        <line num="68" count="0" type="stmt"/>
        <line num="73" count="561" type="stmt"/>
        <line num="74" count="561" type="stmt"/>
        <line num="75" count="561" type="cond" truecount="3" falsecount="1"/>
        <line num="76" count="561" type="stmt"/>
        <line num="77" count="561" type="cond" truecount="2" falsecount="0"/>
        <line num="78" count="554" type="cond" truecount="2" falsecount="0"/>
        <line num="79" count="86" type="stmt"/>
        <line num="81" count="468" type="stmt"/>
        <line num="84" count="7" type="stmt"/>
        <line num="86" count="0" type="stmt"/>
        <line num="88" count="0" type="stmt"/>
        <line num="96" count="328" type="stmt"/>
        <line num="97" count="328" type="cond" truecount="3" falsecount="1"/>
        <line num="98" count="328" type="stmt"/>
        <line num="99" count="328" type="cond" truecount="1" falsecount="0"/>
        <line num="100" count="119" type="stmt"/>
        <line num="103" count="328" type="cond" truecount="2" falsecount="0"/>
        <line num="104" count="205" type="cond" truecount="2" falsecount="0"/>
        <line num="105" count="173" type="stmt"/>
        <line num="107" count="32" type="stmt"/>
        <line num="110" count="123" type="stmt"/>
        <line num="112" count="0" type="stmt"/>
        <line num="114" count="0" type="stmt"/>
        <line num="122" count="532" type="cond" truecount="1" falsecount="0"/>
        <line num="123" count="532" type="stmt"/>
        <line num="125" count="0" type="stmt"/>
        <line num="130" count="25" type="stmt"/>
        <line num="131" count="25" type="stmt"/>
        <line num="132" count="25" type="cond" truecount="1" falsecount="0"/>
        <line num="133" count="21" type="stmt"/>
        <line num="135" count="25" type="stmt"/>
        <line num="136" count="25" type="stmt"/>
        <line num="138" count="0" type="stmt"/>
        <line num="139" count="0" type="stmt"/>
        <line num="145" count="3" type="stmt"/>
        <line num="146" count="3" type="stmt"/>
        <line num="147" count="3" type="cond" truecount="3" falsecount="1"/>
        <line num="148" count="3" type="stmt"/>
        <line num="149" count="3" type="stmt"/>
        <line num="150" count="0" type="stmt"/>
        <line num="152" count="0" type="stmt"/>
        <line num="158" count="60" type="stmt"/>
        <line num="165" count="60" type="stmt"/>
        <line num="166" count="60" type="stmt"/>
        <line num="167" count="60" type="stmt"/>
        <line num="168" count="60" type="cond" truecount="3" falsecount="1"/>
        <line num="169" count="60" type="stmt"/>
        <line num="170" count="0" type="stmt"/>
        <line num="171" count="0" type="stmt"/>
        <line num="173" count="0" type="stmt"/>
        <line num="179" count="21" type="stmt"/>
        <line num="186" count="21" type="cond" truecount="1" falsecount="0"/>
        <line num="187" count="21" type="stmt"/>
        <line num="188" count="21" type="cond" truecount="0" falsecount="1"/>
        <line num="189" count="0" type="stmt"/>
        <line num="191" count="21" type="stmt"/>
        <line num="192" count="21" type="cond" truecount="1" falsecount="0"/>
        <line num="193" count="21" type="stmt"/>
        <line num="195" count="0" type="stmt"/>
        <line num="197" count="0" type="stmt"/>
        <line num="198" count="0" type="stmt"/>
        <line num="203" count="0" type="stmt"/>
        <line num="207" count="106" type="cond" truecount="1" falsecount="0"/>
        <line num="208" count="106" type="stmt"/>
        <line num="209" count="106" type="stmt"/>
        <line num="217" count="109" type="cond" truecount="1" falsecount="0"/>
        <line num="218" count="109" type="cond" truecount="1" falsecount="2"/>
        <line num="219" count="0" type="stmt"/>
      </file>
      <file name="wsConnector.ts" path="/Users/menshibin/go/src/taos-connector-node/nodejs/src/client/wsConnector.ts">
        <metrics statements="74" coveredstatements="62" conditionals="31" coveredconditionals="22" methods="18" coveredmethods="14"/>
        <line num="1" count="7" type="stmt"/>
        <line num="2" count="7" type="stmt"/>
        <line num="3" count="7" type="stmt"/>
        <line num="4" count="7" type="stmt"/>
        <line num="5" count="7" type="stmt"/>
        <line num="7" count="7" type="stmt"/>
        <line num="10" count="70" type="stmt"/>
        <line num="15" count="70" type="cond" truecount="1" falsecount="1"/>
        <line num="16" count="70" type="stmt"/>
        <line num="17" count="70" type="stmt"/>
        <line num="18" count="70" type="stmt"/>
        <line num="19" count="70" type="stmt"/>
        <line num="20" count="70" type="cond" truecount="1" falsecount="0"/>
        <line num="21" count="21" type="stmt"/>
        <line num="23" count="70" type="stmt"/>
        <line num="24" count="70" type="stmt"/>
        <line num="26" count="70" type="stmt"/>
        <line num="28" count="70" type="stmt"/>
        <line num="29" count="70" type="stmt"/>
        <line num="31" count="0" type="stmt"/>
        <line num="37" count="70" type="stmt"/>
        <line num="38" count="70" type="stmt"/>
        <line num="39" count="70" type="stmt"/>
        <line num="42" count="70" type="stmt"/>
        <line num="43" count="70" type="stmt"/>
        <line num="44" count="70" type="stmt"/>
        <line num="51" count="0" type="stmt"/>
        <line num="56" count="962" type="stmt"/>
        <line num="57" count="962" type="stmt"/>
        <line num="58" count="962" type="cond" truecount="2" falsecount="0"/>
        <line num="59" count="122" type="stmt"/>
        <line num="60" count="122" type="stmt"/>
        <line num="63" count="840" type="cond" truecount="1" falsecount="1"/>
        <line num="64" count="0" type="stmt"/>
        <line num="65" count="0" type="stmt"/>
        <line num="66" count="0" type="stmt"/>
        <line num="70" count="840" type="cond" truecount="1" falsecount="1"/>
        <line num="71" count="840" type="stmt"/>
        <line num="72" count="840" type="stmt"/>
        <line num="73" count="840" type="stmt"/>
        <line num="76" count="0" type="stmt"/>
        <line num="82" count="37" type="cond" truecount="1" falsecount="1"/>
        <line num="83" count="37" type="stmt"/>
        <line num="86" count="0" type="stmt"/>
        <line num="91" count="1781" type="stmt"/>
        <line num="95" count="36" type="stmt"/>
        <line num="96" count="36" type="stmt"/>
        <line num="97" count="36" type="cond" truecount="0" falsecount="1"/>
        <line num="98" count="0" type="stmt"/>
        <line num="101" count="36" type="stmt"/>
        <line num="102" count="36" type="cond" truecount="3" falsecount="1"/>
        <line num="103" count="36" type="stmt"/>
        <line num="104" count="36" type="stmt"/>
        <line num="106" count="0" type="stmt"/>
        <line num="114" count="694" type="stmt"/>
        <line num="115" count="694" type="stmt"/>
        <line num="116" count="694" type="cond" truecount="1" falsecount="0"/>
        <line num="117" count="60" type="stmt"/>
        <line num="120" count="694" type="stmt"/>
        <line num="121" count="694" type="cond" truecount="3" falsecount="1"/>
        <line num="122" count="694" type="cond" truecount="1" falsecount="0"/>
        <line num="123" count="634" type="stmt"/>
        <line num="127" count="694" type="stmt"/>
        <line num="128" count="694" type="stmt"/>
        <line num="130" count="0" type="stmt"/>
        <line num="137" count="328" type="stmt"/>
        <line num="138" count="328" type="cond" truecount="3" falsecount="1"/>
        <line num="139" count="328" type="cond" truecount="1" falsecount="0"/>
        <line num="140" count="328" type="stmt"/>
        <line num="143" count="328" type="stmt"/>
        <line num="144" count="328" type="stmt"/>
        <line num="146" count="0" type="stmt"/>
        <line num="153" count="0" type="stmt"/>
        <line num="157" count="106" type="stmt"/>
      </file>
      <file name="wsConnectorPool.ts" path="/Users/menshibin/go/src/taos-connector-node/nodejs/src/client/wsConnectorPool.ts">
        <metrics statements="63" coveredstatements="51" conditionals="16" coveredconditionals="12" methods="8" coveredmethods="5"/>
        <line num="1" count="7" type="stmt"/>
        <line num="2" count="7" type="stmt"/>
        <line num="3" count="7" type="stmt"/>
        <line num="4" count="7" type="stmt"/>
        <line num="6" count="7" type="stmt"/>
        <line num="7" count="7" type="stmt"/>
        <line num="9" count="7" type="stmt"/>
        <line num="13" count="7" type="stmt"/>
        <line num="14" count="7" type="stmt"/>
        <line num="18" count="223" type="cond" truecount="1" falsecount="0"/>
        <line num="19" count="7" type="stmt"/>
        <line num="21" count="223" type="stmt"/>
        <line num="25" count="109" type="stmt"/>
        <line num="26" count="109" type="stmt"/>
        <line num="28" count="109" type="stmt"/>
        <line num="29" count="109" type="stmt"/>
        <line num="30" count="109" type="cond" truecount="1" falsecount="0"/>
        <line num="31" count="81" type="stmt"/>
        <line num="32" count="81" type="cond" truecount="1" falsecount="0"/>
        <line num="33" count="81" type="cond" truecount="1" falsecount="0"/>
        <line num="34" count="39" type="stmt"/>
        <line num="39" count="109" type="cond" truecount="1" falsecount="0"/>
        <line num="40" count="39" type="stmt"/>
        <line num="41" count="39" type="stmt"/>
        <line num="43" count="70" type="cond" truecount="1" falsecount="2"/>
        <line num="44" count="0" type="stmt"/>
        <line num="47" count="70" type="stmt"/>
        <line num="48" count="70" type="stmt"/>
        <line num="50" count="109" type="stmt"/>
        <line num="55" count="106" type="cond" truecount="1" falsecount="0"/>
        <line num="56" count="106" type="stmt"/>
        <line num="57" count="106" type="stmt"/>
        <line num="58" count="106" type="cond" truecount="1" falsecount="1"/>
        <line num="59" count="106" type="stmt"/>
        <line num="60" count="106" type="stmt"/>
        <line num="61" count="106" type="stmt"/>
        <line num="62" count="106" type="cond" truecount="2" falsecount="0"/>
        <line num="63" count="9" type="stmt"/>
        <line num="64" count="9" type="stmt"/>
        <line num="65" count="9" type="stmt"/>
        <line num="68" count="97" type="stmt"/>
        <line num="71" count="0" type="stmt"/>
        <line num="72" count="0" type="stmt"/>
        <line num="75" count="106" type="stmt"/>
        <line num="81" count="8" type="cond" truecount="1" falsecount="0"/>
        <line num="82" count="8" type="stmt"/>
        <line num="83" count="9" type="stmt"/>
        <line num="84" count="37" type="stmt"/>
        <line num="88" count="8" type="stmt"/>
        <line num="89" count="8" type="stmt"/>
        <line num="90" count="8" type="stmt"/>
        <line num="95" count="7" type="stmt"/>
        <line num="96" count="0" type="stmt"/>
        <line num="97" count="0" type="stmt"/>
        <line num="98" count="0" type="stmt"/>
        <line num="101" count="7" type="stmt"/>
        <line num="102" count="0" type="stmt"/>
        <line num="103" count="0" type="stmt"/>
        <line num="104" count="0" type="stmt"/>
        <line num="107" count="7" type="stmt"/>
        <line num="108" count="0" type="stmt"/>
        <line num="109" count="0" type="stmt"/>
        <line num="110" count="0" type="stmt"/>
      </file>
      <file name="wsEventCallback.ts" path="/Users/menshibin/go/src/taos-connector-node/nodejs/src/client/wsEventCallback.ts">
        <metrics statements="53" coveredstatements="47" conditionals="24" coveredconditionals="19" methods="6" coveredmethods="6"/>
        <line num="1" count="7" type="stmt"/>
        <line num="2" count="7" type="stmt"/>
        <line num="4" count="7" type="stmt"/>
        <line num="20" count="7" type="cond" truecount="2" falsecount="0"/>
        <line num="21" count="7" type="stmt"/>
        <line num="22" count="7" type="stmt"/>
        <line num="23" count="7" type="stmt"/>
        <line num="24" count="7" type="stmt"/>
        <line num="27" count="7" type="stmt"/>
        <line num="28" count="7" type="stmt"/>
        <line num="30" count="7" type="stmt"/>
        <line num="35" count="2064" type="cond" truecount="1" falsecount="0"/>
        <line num="36" count="7" type="stmt"/>
        <line num="38" count="2064" type="stmt"/>
        <line num="42" count="1032" type="stmt"/>
        <line num="43" count="1032" type="stmt"/>
        <line num="44" count="1032" type="stmt"/>
        <line num="49" count="37" type="stmt"/>
        <line num="53" count="1032" type="stmt"/>
        <line num="58" count="1032" type="stmt"/>
        <line num="60" count="1032" type="stmt"/>
        <line num="61" count="1032" type="stmt"/>
        <line num="62" count="1032" type="stmt"/>
        <line num="63" count="1032" type="stmt"/>
        <line num="64" count="1032" type="stmt"/>
        <line num="65" count="1032" type="stmt"/>
        <line num="66" count="17588" type="cond" truecount="2" falsecount="0"/>
        <line num="67" count="1053" type="cond" truecount="3" falsecount="0"/>
        <line num="68" count="122" type="stmt"/>
        <line num="69" count="122" type="stmt"/>
        <line num="70" count="122" type="stmt"/>
        <line num="72" count="16535" type="cond" truecount="1" falsecount="1"/>
        <line num="73" count="0" type="cond" truecount="0" falsecount="3"/>
        <line num="74" count="0" type="stmt"/>
        <line num="75" count="0" type="stmt"/>
        <line num="76" count="0" type="stmt"/>
        <line num="78" count="16535" type="cond" truecount="2" falsecount="0"/>
        <line num="79" count="16170" type="cond" truecount="3" falsecount="0"/>
        <line num="80" count="840" type="stmt"/>
        <line num="81" count="840" type="stmt"/>
        <line num="82" count="840" type="stmt"/>
        <line num="84" count="365" type="cond" truecount="1" falsecount="0"/>
        <line num="85" count="365" type="cond" truecount="3" falsecount="0"/>
        <line num="86" count="70" type="stmt"/>
        <line num="87" count="70" type="stmt"/>
        <line num="88" count="70" type="stmt"/>
        <line num="93" count="1032" type="stmt"/>
        <line num="96" count="1032" type="cond" truecount="1" falsecount="1"/>
        <line num="97" count="1032" type="stmt"/>
        <line num="98" count="1032" type="stmt"/>
        <line num="102" count="1032" type="stmt"/>
        <line num="104" count="0" type="stmt"/>
        <line num="105" count="0" type="stmt"/>
      </file>
      <file name="wsResponse.ts" path="/Users/menshibin/go/src/taos-connector-node/nodejs/src/client/wsResponse.ts">
        <metrics statements="55" coveredstatements="47" conditionals="7" coveredconditionals="6" methods="5" coveredmethods="4"/>
        <line num="5" count="7" type="stmt"/>
        <line num="7" count="7" type="stmt"/>
        <line num="14" count="21" type="stmt"/>
        <line num="15" count="21" type="stmt"/>
        <line num="16" count="21" type="stmt"/>
        <line num="17" count="21" type="stmt"/>
        <line num="18" count="21" type="stmt"/>
        <line num="22" count="7" type="stmt"/>
        <line num="39" count="674" type="stmt"/>
        <line num="40" count="674" type="stmt"/>
        <line num="43" count="674" type="stmt"/>
        <line num="44" count="674" type="stmt"/>
        <line num="45" count="674" type="stmt"/>
        <line num="46" count="674" type="stmt"/>
        <line num="47" count="674" type="stmt"/>
        <line num="48" count="674" type="cond" truecount="2" falsecount="0"/>
        <line num="49" count="60" type="stmt"/>
        <line num="51" count="614" type="stmt"/>
        <line num="54" count="674" type="stmt"/>
        <line num="55" count="674" type="stmt"/>
        <line num="56" count="674" type="stmt"/>
        <line num="57" count="674" type="stmt"/>
        <line num="58" count="674" type="stmt"/>
        <line num="59" count="674" type="stmt"/>
        <line num="60" count="674" type="stmt"/>
        <line num="64" count="7" type="stmt"/>
        <line num="77" count="122" type="stmt"/>
        <line num="78" count="122" type="stmt"/>
        <line num="79" count="122" type="stmt"/>
        <line num="80" count="122" type="stmt"/>
        <line num="81" count="122" type="stmt"/>
        <line num="82" count="122" type="stmt"/>
        <line num="83" count="122" type="stmt"/>
        <line num="84" count="122" type="cond" truecount="0" falsecount="1"/>
        <line num="85" count="0" type="stmt"/>
        <line num="86" count="0" type="stmt"/>
        <line num="87" count="0" type="stmt"/>
        <line num="89" count="122" type="stmt"/>
        <line num="90" count="122" type="stmt"/>
        <line num="91" count="122" type="cond" truecount="2" falsecount="0"/>
        <line num="92" count="3" type="stmt"/>
        <line num="93" count="3" type="stmt"/>
        <line num="95" count="119" type="stmt"/>
        <line num="96" count="119" type="cond" truecount="1" falsecount="0"/>
        <line num="97" count="59" type="stmt"/>
        <line num="99" count="60" type="stmt"/>
        <line num="102" count="63" type="stmt"/>
        <line num="103" count="63" type="cond" truecount="1" falsecount="0"/>
        <line num="104" count="63" type="stmt"/>
        <line num="118" count="7" type="stmt"/>
        <line num="126" count="0" type="stmt"/>
        <line num="127" count="0" type="stmt"/>
        <line num="128" count="0" type="stmt"/>
        <line num="129" count="0" type="stmt"/>
        <line num="130" count="0" type="stmt"/>
      </file>
    </package>
    <package name="src.common">
      <metrics statements="394" coveredstatements="351" conditionals="130" coveredconditionals="94" methods="58" coveredmethods="50"/>
      <file name="config.ts" path="/Users/menshibin/go/src/taos-connector-node/nodejs/src/common/config.ts">
        <metrics statements="14" coveredstatements="11" conditionals="0" coveredconditionals="0" methods="13" coveredmethods="10"/>
        <line num="1" count="7" type="stmt"/>
        <line num="10" count="78" type="stmt"/>
        <line num="14" count="84" type="stmt"/>
        <line num="17" count="0" type="stmt"/>
        <line num="21" count="114" type="stmt"/>
        <line num="24" count="30" type="stmt"/>
        <line num="28" count="114" type="stmt"/>
        <line num="31" count="30" type="stmt"/>
        <line num="35" count="156" type="stmt"/>
        <line num="38" count="64" type="stmt"/>
        <line num="42" count="168" type="stmt"/>
        <line num="46" count="0" type="stmt"/>
        <line num="50" count="0" type="stmt"/>
        <line num="53" count="84" type="stmt"/>
      </file>
      <file name="constant.ts" path="/Users/menshibin/go/src/taos-connector-node/nodejs/src/common/constant.ts">
        <metrics statements="27" coveredstatements="27" conditionals="2" coveredconditionals="2" methods="1" coveredmethods="1"/>
        <line num="9" count="7" type="stmt"/>
        <line num="10" count="7" type="stmt"/>
        <line num="12" count="7" type="stmt"/>
        <line num="33" count="7" type="stmt"/>
        <line num="42" count="7" type="cond" truecount="2" falsecount="0"/>
        <line num="43" count="7" type="stmt"/>
        <line num="44" count="7" type="stmt"/>
        <line num="45" count="7" type="stmt"/>
        <line num="46" count="7" type="stmt"/>
        <line num="47" count="7" type="stmt"/>
        <line num="48" count="7" type="stmt"/>
        <line num="49" count="7" type="stmt"/>
        <line num="50" count="7" type="stmt"/>
        <line num="51" count="7" type="stmt"/>
        <line num="52" count="7" type="stmt"/>
        <line num="53" count="7" type="stmt"/>
        <line num="54" count="7" type="stmt"/>
        <line num="55" count="7" type="stmt"/>
        <line num="56" count="7" type="stmt"/>
        <line num="57" count="7" type="stmt"/>
        <line num="58" count="7" type="stmt"/>
        <line num="59" count="7" type="stmt"/>
        <line num="60" count="7" type="stmt"/>
        <line num="61" count="7" type="stmt"/>
        <line num="64" count="7" type="stmt"/>
        <line num="70" count="7" type="stmt"/>
        <line num="85" count="7" type="stmt"/>
      </file>
      <file name="log.ts" path="/Users/menshibin/go/src/taos-connector-node/nodejs/src/common/log.ts">
        <metrics statements="11" coveredstatements="10" conditionals="4" coveredconditionals="2" methods="2" coveredmethods="2"/>
        <line num="1" count="8" type="stmt"/>
        <line num="2" count="8" type="stmt"/>
        <line num="4" count="8" type="stmt"/>
        <line num="5" count="127" type="cond" truecount="2" falsecount="2"/>
        <line num="6" count="0" type="stmt"/>
        <line num="8" count="127" type="stmt"/>
        <line num="11" count="8" type="stmt"/>
        <line num="27" count="8" type="stmt"/>
        <line num="32" count="8" type="stmt"/>
        <line num="33" count="2" type="stmt"/>
        <line num="36" count="8" type="stmt"/>
      </file>
      <file name="reqid.ts" path="/Users/menshibin/go/src/taos-connector-node/nodejs/src/common/reqid.ts">
        <metrics statements="37" coveredstatements="35" conditionals="4" coveredconditionals="2" methods="4" coveredmethods="4"/>
        <line num="1" count="7" type="stmt"/>
        <line num="2" count="7" type="stmt"/>
        <line num="3" count="7" type="stmt"/>
        <line num="6" count="7" type="stmt"/>
        <line num="7" count="7" type="cond" truecount="0" falsecount="1"/>
        <line num="8" count="0" type="stmt"/>
        <line num="10" count="7" type="stmt"/>
        <line num="14" count="7" type="stmt"/>
        <line num="16" count="7" type="stmt"/>
        <line num="19" count="7" type="stmt"/>
        <line num="22" count="7" type="stmt"/>
        <line num="24" count="7" type="stmt"/>
        <line num="25" count="7" type="stmt"/>
        <line num="28" count="7" type="stmt"/>
        <line num="29" count="7" type="stmt"/>
        <line num="30" count="7" type="stmt"/>
        <line num="31" count="7" type="stmt"/>
        <line num="32" count="7" type="stmt"/>
        <line num="33" count="7" type="stmt"/>
        <line num="34" count="7" type="stmt"/>
        <line num="36" count="7" type="cond" truecount="1" falsecount="1"/>
        <line num="37" count="7" type="stmt"/>
        <line num="39" count="0" type="stmt"/>
        <line num="42" count="7" type="stmt"/>
        <line num="46" count="1174" type="cond" truecount="1" falsecount="0"/>
        <line num="47" count="1" type="stmt"/>
        <line num="49" count="1173" type="stmt"/>
        <line num="50" count="1173" type="stmt"/>
        <line num="51" count="1173" type="stmt"/>
        <line num="52" count="1173" type="stmt"/>
        <line num="53" count="1173" type="stmt"/>
        <line num="54" count="1173" type="stmt"/>
        <line num="55" count="1173" type="stmt"/>
        <line num="56" count="1173" type="stmt"/>
        <line num="57" count="1173" type="stmt"/>
        <line num="58" count="1173" type="stmt"/>
        <line num="59" count="1173" type="stmt"/>
      </file>
      <file name="taosResult.ts" path="/Users/menshibin/go/src/taos-connector-node/nodejs/src/common/taosResult.ts">
        <metrics statements="211" coveredstatements="179" conditionals="90" coveredconditionals="68" methods="31" coveredmethods="26"/>
        <line num="2" count="7" type="stmt"/>
        <line num="3" count="7" type="stmt"/>
        <line num="4" count="7" type="stmt"/>
        <line num="5" count="7" type="stmt"/>
        <line num="24" count="7" type="stmt"/>
        <line num="31" count="203" type="stmt"/>
        <line num="37" count="203" type="cond" truecount="1" falsecount="0"/>
        <line num="38" count="30" type="stmt"/>
        <line num="39" count="30" type="stmt"/>
        <line num="40" count="30" type="stmt"/>
        <line num="41" count="30" type="stmt"/>
        <line num="43" count="173" type="cond" truecount="2" falsecount="0"/>
        <line num="44" count="113" type="stmt"/>
        <line num="45" count="113" type="stmt"/>
        <line num="47" count="60" type="cond" truecount="5" falsecount="1"/>
        <line num="48" count="60" type="stmt"/>
        <line num="49" count="60" type="stmt"/>
        <line num="50" count="313" type="stmt"/>
        <line num="56" count="60" type="stmt"/>
        <line num="58" count="0" type="stmt"/>
        <line num="61" count="60" type="stmt"/>
        <line num="64" count="173" type="stmt"/>
        <line num="65" count="173" type="stmt"/>
        <line num="66" count="173" type="stmt"/>
        <line num="67" count="173" type="stmt"/>
        <line num="71" count="24" type="stmt"/>
        <line num="75" count="0" type="cond" truecount="0" falsecount="2"/>
        <line num="76" count="0" type="stmt"/>
        <line num="78" count="0" type="stmt"/>
        <line num="80" count="0" type="cond" truecount="0" falsecount="1"/>
        <line num="81" count="0" type="stmt"/>
        <line num="86" count="0" type="cond" truecount="0" falsecount="1"/>
        <line num="87" count="0" type="stmt"/>
        <line num="89" count="0" type="stmt"/>
        <line num="92" count="30" type="stmt"/>
        <line num="95" count="70" type="stmt"/>
        <line num="99" count="66" type="cond" truecount="1" falsecount="0"/>
        <line num="100" count="66" type="stmt"/>
        <line num="105" count="226" type="stmt"/>
        <line num="108" count="10" type="stmt"/>
        <line num="111" count="7" type="stmt"/>
        <line num="115" count="60" type="stmt"/>
        <line num="119" count="0" type="stmt"/>
        <line num="122" count="0" type="stmt"/>
        <line num="125" count="119" type="stmt"/>
        <line num="129" count="60" type="cond" truecount="0" falsecount="1"/>
        <line num="130" count="0" type="stmt"/>
        <line num="133" count="60" type="cond" truecount="1" falsecount="0"/>
        <line num="134" count="60" type="stmt"/>
        <line num="141" count="70" type="cond" truecount="1" falsecount="0"/>
        <line num="142" count="70" type="stmt"/>
        <line num="143" count="70" type="stmt"/>
        <line num="144" count="496" type="stmt"/>
        <line num="150" count="70" type="stmt"/>
        <line num="152" count="0" type="stmt"/>
        <line num="156" count="7" type="stmt"/>
        <line num="157" count="60" type="stmt"/>
        <line num="158" count="60" type="stmt"/>
        <line num="159" count="60" type="stmt"/>
        <line num="160" count="60" type="cond" truecount="5" falsecount="1"/>
        <line num="161" count="60" type="stmt"/>
        <line num="162" count="60" type="cond" truecount="0" falsecount="1"/>
        <line num="163" count="0" type="stmt"/>
        <line num="166" count="60" type="stmt"/>
        <line num="167" count="60" type="stmt"/>
        <line num="169" count="60" type="stmt"/>
        <line num="170" count="60" type="stmt"/>
        <line num="171" count="60" type="stmt"/>
        <line num="173" count="60" type="stmt"/>
        <line num="177" count="60" type="stmt"/>
        <line num="178" count="60" type="stmt"/>
        <line num="180" count="60" type="stmt"/>
        <line num="181" count="60" type="stmt"/>
        <line num="182" count="146" type="stmt"/>
        <line num="184" count="146" type="stmt"/>
        <line num="186" count="146" type="stmt"/>
        <line num="188" count="146" type="stmt"/>
        <line num="190" count="1352" type="stmt"/>
        <line num="191" count="1352" type="cond" truecount="2" falsecount="0"/>
        <line num="193" count="992" type="stmt"/>
        <line num="195" count="992" type="stmt"/>
        <line num="196" count="992" type="stmt"/>
        <line num="198" count="992" type="stmt"/>
        <line num="199" count="992" type="stmt"/>
        <line num="201" count="992" type="cond" truecount="2" falsecount="0"/>
        <line num="202" count="45" type="stmt"/>
        <line num="204" count="947" type="stmt"/>
        <line num="207" count="992" type="stmt"/>
        <line num="211" count="360" type="stmt"/>
        <line num="212" count="360" type="cond" truecount="1" falsecount="1"/>
        <line num="213" count="0" type="stmt"/>
        <line num="214" count="0" type="stmt"/>
        <line num="216" count="360" type="stmt"/>
        <line num="217" count="360" type="stmt"/>
        <line num="218" count="360" type="cond" truecount="2" falsecount="0"/>
        <line num="219" count="210" type="stmt"/>
        <line num="220" count="150" type="cond" truecount="4" falsecount="0"/>
        <line num="221" count="90" type="stmt"/>
        <line num="223" count="60" type="stmt"/>
        <line num="225" count="360" type="stmt"/>
        <line num="229" count="146" type="stmt"/>
        <line num="231" count="60" type="stmt"/>
        <line num="233" count="0" type="stmt"/>
        <line num="238" count="7" type="stmt"/>
        <line num="239" count="1592" type="cond" truecount="6" falsecount="1"/>
        <line num="241" count="68" type="stmt"/>
        <line num="244" count="218" type="stmt"/>
        <line num="247" count="0" type="stmt"/>
        <line num="250" count="20" type="stmt"/>
        <line num="253" count="49" type="stmt"/>
        <line num="256" count="49" type="stmt"/>
        <line num="259" count="1188" type="stmt"/>
        <line num="263" count="7" type="stmt"/>
        <line num="266" count="196" type="stmt"/>
        <line num="267" count="196" type="cond" truecount="12" falsecount="1"/>
        <line num="271" count="24" type="stmt"/>
        <line num="272" count="120" type="cond" truecount="1" falsecount="1"/>
        <line num="273" count="0" type="stmt"/>
        <line num="275" count="120" type="stmt"/>
        <line num="279" count="24" type="stmt"/>
        <line num="282" count="8" type="stmt"/>
        <line num="283" count="40" type="cond" truecount="1" falsecount="1"/>
        <line num="284" count="0" type="stmt"/>
        <line num="286" count="40" type="stmt"/>
        <line num="289" count="8" type="stmt"/>
        <line num="292" count="52" type="stmt"/>
        <line num="293" count="1260" type="cond" truecount="2" falsecount="0"/>
        <line num="294" count="20" type="stmt"/>
        <line num="296" count="1240" type="stmt"/>
        <line num="299" count="52" type="stmt"/>
        <line num="302" count="8" type="stmt"/>
        <line num="303" count="40" type="cond" truecount="1" falsecount="1"/>
        <line num="304" count="0" type="stmt"/>
        <line num="306" count="40" type="stmt"/>
        <line num="309" count="8" type="stmt"/>
        <line num="312" count="8" type="stmt"/>
        <line num="313" count="40" type="cond" truecount="1" falsecount="1"/>
        <line num="314" count="0" type="stmt"/>
        <line num="316" count="40" type="stmt"/>
        <line num="319" count="8" type="stmt"/>
        <line num="322" count="8" type="stmt"/>
        <line num="323" count="40" type="cond" truecount="1" falsecount="1"/>
        <line num="324" count="0" type="stmt"/>
        <line num="326" count="40" type="stmt"/>
        <line num="329" count="8" type="stmt"/>
        <line num="332" count="8" type="stmt"/>
        <line num="333" count="40" type="cond" truecount="1" falsecount="1"/>
        <line num="334" count="0" type="stmt"/>
        <line num="336" count="40" type="stmt"/>
        <line num="339" count="8" type="stmt"/>
        <line num="342" count="48" type="stmt"/>
        <line num="343" count="1240" type="cond" truecount="1" falsecount="1"/>
        <line num="344" count="0" type="stmt"/>
        <line num="346" count="1240" type="stmt"/>
        <line num="349" count="48" type="stmt"/>
        <line num="353" count="8" type="stmt"/>
        <line num="354" count="40" type="cond" truecount="1" falsecount="1"/>
        <line num="355" count="0" type="stmt"/>
        <line num="357" count="40" type="stmt"/>
        <line num="360" count="8" type="stmt"/>
        <line num="363" count="24" type="stmt"/>
        <line num="364" count="620" type="cond" truecount="1" falsecount="1"/>
        <line num="365" count="0" type="stmt"/>
        <line num="367" count="620" type="stmt"/>
        <line num="370" count="24" type="stmt"/>
        <line num="373" count="0" type="stmt"/>
        <line num="376" count="196" type="stmt"/>
        <line num="379" count="7" type="stmt"/>
        <line num="381" count="947" type="cond" truecount="12" falsecount="1"/>
        <line num="383" count="60" type="stmt"/>
        <line num="386" count="60" type="stmt"/>
        <line num="389" count="60" type="stmt"/>
        <line num="392" count="160" type="stmt"/>
        <line num="395" count="61" type="stmt"/>
        <line num="398" count="60" type="stmt"/>
        <line num="401" count="60" type="stmt"/>
        <line num="404" count="60" type="stmt"/>
        <line num="407" count="60" type="stmt"/>
        <line num="410" count="154" type="stmt"/>
        <line num="413" count="60" type="stmt"/>
        <line num="416" count="92" type="stmt"/>
        <line num="420" count="0" type="stmt"/>
        <line num="425" count="7" type="stmt"/>
        <line num="426" count="130" type="stmt"/>
        <line num="427" count="130" type="stmt"/>
        <line num="430" count="7" type="stmt"/>
        <line num="432" count="850" type="stmt"/>
        <line num="433" count="850" type="stmt"/>
        <line num="436" count="7" type="stmt"/>
        <line num="437" count="100" type="stmt"/>
        <line num="439" count="100" type="stmt"/>
        <line num="440" count="100" type="stmt"/>
        <line num="441" count="1014" type="stmt"/>
        <line num="444" count="100" type="stmt"/>
        <line num="447" count="7" type="stmt"/>
        <line num="449" count="66" type="stmt"/>
        <line num="450" count="66" type="stmt"/>
        <line num="454" count="0" type="stmt"/>
        <line num="455" count="0" type="stmt"/>
        <line num="456" count="0" type="stmt"/>
        <line num="462" count="3480" type="stmt"/>
        <line num="463" count="3480" type="stmt"/>
        <line num="464" count="3480" type="stmt"/>
        <line num="465" count="3480" type="stmt"/>
        <line num="469" count="7" type="stmt"/>
        <line num="470" count="20" type="stmt"/>
        <line num="473" count="7" type="stmt"/>
        <line num="474" count="20" type="stmt"/>
        <line num="478" count="20" type="stmt"/>
        <line num="481" count="7" type="stmt"/>
        <line num="482" count="148" type="stmt"/>
      </file>
      <file name="ut8Helper.ts" path="/Users/menshibin/go/src/taos-connector-node/nodejs/src/common/ut8Helper.ts">
        <metrics statements="25" coveredstatements="22" conditionals="10" coveredconditionals="6" methods="1" coveredmethods="1"/>
        <line num="3" count="7" type="stmt"/>
        <line num="5" count="7" type="stmt"/>
        <line num="7" count="7" type="stmt"/>
        <line num="8" count="7" type="stmt"/>
        <line num="9" count="7" type="stmt"/>
        <line num="10" count="7" type="stmt"/>
        <line num="11" count="7" type="stmt"/>
        <line num="12" count="7" type="stmt"/>
        <line num="13" count="7" type="stmt"/>
        <line num="14" count="7" type="stmt"/>
        <line num="16" count="7" type="stmt"/>
        <line num="17" count="7" type="stmt"/>
        <line num="23" count="7" type="stmt"/>
        <line num="24" count="1014" type="stmt"/>
        <line num="25" count="1014" type="cond" truecount="1" falsecount="0"/>
        <line num="26" count="929" type="stmt"/>
        <line num="27" count="929" type="stmt"/>
        <line num="29" count="85" type="cond" truecount="1" falsecount="1"/>
        <line num="30" count="0" type="stmt"/>
        <line num="31" count="85" type="cond" truecount="3" falsecount="2"/>
        <line num="32" count="0" type="stmt"/>
        <line num="33" count="85" type="cond" truecount="1" falsecount="1"/>
        <line num="34" count="85" type="stmt"/>
        <line num="36" count="0" type="stmt"/>
        <line num="39" count="85" type="stmt"/>
      </file>
      <file name="utils.ts" path="/Users/menshibin/go/src/taos-connector-node/nodejs/src/common/utils.ts">
        <metrics statements="41" coveredstatements="40" conditionals="14" coveredconditionals="9" methods="4" coveredmethods="4"/>
        <line num="3" count="7" type="stmt"/>
        <line num="4" count="84" type="stmt"/>
        <line num="5" count="84" type="cond" truecount="1" falsecount="0"/>
        <line num="6" count="30" type="cond" truecount="1" falsecount="1"/>
        <line num="8" count="84" type="cond" truecount="1" falsecount="0"/>
        <line num="9" count="30" type="cond" truecount="1" falsecount="1"/>
        <line num="12" count="84" type="stmt"/>
        <line num="13" count="84" type="cond" truecount="0" falsecount="1"/>
        <line num="14" count="0" type="stmt"/>
        <line num="16" count="84" type="stmt"/>
        <line num="17" count="84" type="stmt"/>
        <line num="21" count="7" type="stmt"/>
        <line num="22" count="563" type="cond" truecount="3" falsecount="0"/>
        <line num="24" count="543" type="cond" truecount="1" falsecount="2"/>
        <line num="26" count="543" type="stmt"/>
        <line num="29" count="7" type="stmt"/>
        <line num="32" count="295" type="cond" truecount="1" falsecount="0"/>
        <line num="33" count="176" type="stmt"/>
        <line num="34" count="176" type="stmt"/>
        <line num="35" count="176" type="stmt"/>
        <line num="36" count="176" type="stmt"/>
        <line num="37" count="176" type="stmt"/>
        <line num="38" count="176" type="stmt"/>
        <line num="39" count="176" type="stmt"/>
        <line num="40" count="176" type="stmt"/>
        <line num="41" count="176" type="stmt"/>
        <line num="42" count="176" type="stmt"/>
        <line num="43" count="176" type="stmt"/>
        <line num="44" count="176" type="stmt"/>
        <line num="45" count="16976" type="stmt"/>
        <line num="47" count="176" type="stmt"/>
        <line num="50" count="119" type="stmt"/>
        <line num="51" count="119" type="stmt"/>
        <line num="52" count="119" type="stmt"/>
        <line num="53" count="119" type="stmt"/>
        <line num="54" count="119" type="stmt"/>
        <line num="55" count="119" type="stmt"/>
        <line num="56" count="119" type="stmt"/>
        <line num="57" count="119" type="stmt"/>
        <line num="60" count="7" type="stmt"/>
        <line num="61" count="135" type="stmt"/>
      </file>
      <file name="wsError.ts" path="/Users/menshibin/go/src/taos-connector-node/nodejs/src/common/wsError.ts">
        <metrics statements="28" coveredstatements="27" conditionals="6" coveredconditionals="5" methods="2" coveredmethods="2"/>
        <line num="1" count="7" type="stmt"/>
        <line num="2" count="176" type="stmt"/>
        <line num="4" count="176" type="stmt"/>
        <line num="5" count="176" type="stmt"/>
        <line num="6" count="176" type="stmt"/>
        <line num="7" count="176" type="cond" truecount="1" falsecount="0"/>
        <line num="8" count="176" type="stmt"/>
        <line num="10" count="176" type="cond" truecount="1" falsecount="1"/>
        <line num="11" count="176" type="stmt"/>
        <line num="13" count="0" type="stmt"/>
        <line num="17" count="7" type="stmt"/>
        <line num="18" count="7" type="stmt"/>
        <line num="19" count="7" type="stmt"/>
        <line num="20" count="7" type="stmt"/>
        <line num="21" count="7" type="stmt"/>
        <line num="23" count="7" type="cond" truecount="2" falsecount="0"/>
        <line num="24" count="7" type="stmt"/>
        <line num="25" count="7" type="stmt"/>
        <line num="26" count="7" type="stmt"/>
        <line num="27" count="7" type="stmt"/>
        <line num="28" count="7" type="stmt"/>
        <line num="29" count="7" type="stmt"/>
        <line num="30" count="7" type="stmt"/>
        <line num="31" count="7" type="stmt"/>
        <line num="32" count="7" type="stmt"/>
        <line num="33" count="7" type="stmt"/>
        <line num="34" count="7" type="stmt"/>
        <line num="35" count="7" type="stmt"/>
      </file>
    </package>
    <package name="src.sql">
      <metrics statements="151" coveredstatements="129" conditionals="49" coveredconditionals="40" methods="21" coveredmethods="20"/>
      <file name="wsProto.ts" path="/Users/menshibin/go/src/taos-connector-node/nodejs/src/sql/wsProto.ts">
        <metrics statements="12" coveredstatements="12" conditionals="4" coveredconditionals="4" methods="2" coveredmethods="2"/>
        <line num="14" count="1" type="cond" truecount="2" falsecount="0"/>
        <line num="15" count="1" type="stmt"/>
        <line num="16" count="1" type="stmt"/>
        <line num="17" count="1" type="stmt"/>
        <line num="18" count="1" type="stmt"/>
        <line num="19" count="1" type="stmt"/>
        <line num="20" count="1" type="stmt"/>
        <line num="21" count="1" type="stmt"/>
        <line num="24" count="1" type="cond" truecount="2" falsecount="0"/>
        <line num="25" count="1" type="stmt"/>
        <line num="26" count="1" type="stmt"/>
        <line num="27" count="1" type="stmt"/>
      </file>
      <file name="wsRows.ts" path="/Users/menshibin/go/src/taos-connector-node/nodejs/src/sql/wsRows.ts">
        <metrics statements="51" coveredstatements="42" conditionals="23" coveredconditionals="19" methods="6" coveredmethods="6"/>
        <line num="1" count="7" type="stmt"/>
        <line num="2" count="7" type="stmt"/>
        <line num="3" count="7" type="stmt"/>
        <line num="5" count="7" type="stmt"/>
        <line num="6" count="7" type="stmt"/>
        <line num="7" count="7" type="stmt"/>
        <line num="8" count="7" type="stmt"/>
        <line num="10" count="7" type="stmt"/>
        <line num="17" count="11" type="stmt"/>
        <line num="18" count="11" type="stmt"/>
        <line num="19" count="11" type="stmt"/>
        <line num="20" count="11" type="stmt"/>
        <line num="24" count="20" type="cond" truecount="2" falsecount="1"/>
        <line num="25" count="0" type="stmt"/>
        <line num="26" count="0" type="stmt"/>
        <line num="29" count="20" type="stmt"/>
        <line num="30" count="20" type="cond" truecount="3" falsecount="0"/>
        <line num="31" count="20" type="cond" truecount="3" falsecount="1"/>
        <line num="32" count="0" type="stmt"/>
        <line num="36" count="20" type="stmt"/>
        <line num="37" count="20" type="cond" truecount="1" falsecount="0"/>
        <line num="38" count="10" type="stmt"/>
        <line num="40" count="10" type="stmt"/>
        <line num="44" count="20" type="stmt"/>
        <line num="45" count="20" type="cond" truecount="1" falsecount="0"/>
        <line num="46" count="20" type="stmt"/>
        <line num="47" count="20" type="stmt"/>
        <line num="50" count="20" type="stmt"/>
        <line num="51" count="20" type="stmt"/>
        <line num="52" count="20" type="cond" truecount="0" falsecount="1"/>
        <line num="53" count="0" type="stmt"/>
        <line num="54" count="0" type="stmt"/>
        <line num="57" count="20" type="cond" truecount="2" falsecount="0"/>
        <line num="58" count="10" type="stmt"/>
        <line num="59" count="10" type="stmt"/>
        <line num="61" count="10" type="stmt"/>
        <line num="64" count="20" type="stmt"/>
        <line num="66" count="0" type="stmt"/>
        <line num="67" count="0" type="stmt"/>
        <line num="72" count="10" type="stmt"/>
        <line num="76" count="10" type="cond" truecount="0" falsecount="1"/>
        <line num="77" count="0" type="stmt"/>
        <line num="80" count="10" type="stmt"/>
        <line num="81" count="10" type="cond" truecount="3" falsecount="0"/>
        <line num="82" count="10" type="cond" truecount="3" falsecount="0"/>
        <line num="83" count="10" type="stmt"/>
        <line num="86" count="0" type="stmt"/>
        <line num="90" count="21" type="cond" truecount="1" falsecount="0"/>
        <line num="91" count="10" type="stmt"/>
        <line num="93" count="11" type="stmt"/>
        <line num="94" count="11" type="stmt"/>
      </file>
      <file name="wsSql.ts" path="/Users/menshibin/go/src/taos-connector-node/nodejs/src/sql/wsSql.ts">
        <metrics statements="88" coveredstatements="75" conditionals="22" coveredconditionals="17" methods="13" coveredmethods="12"/>
        <line num="1" count="7" type="stmt"/>
        <line num="2" count="7" type="stmt"/>
        <line num="3" count="7" type="stmt"/>
        <line num="4" count="7" type="stmt"/>
        <line num="6" count="7" type="stmt"/>
        <line num="7" count="7" type="stmt"/>
        <line num="9" count="7" type="stmt"/>
        <line num="10" count="7" type="stmt"/>
        <line num="11" count="7" type="stmt"/>
        <line num="12" count="7" type="stmt"/>
        <line num="14" count="7" type="stmt"/>
        <line num="18" count="84" type="stmt"/>
        <line num="19" count="84" type="stmt"/>
        <line num="20" count="84" type="stmt"/>
        <line num="24" count="84" type="cond" truecount="0" falsecount="1"/>
        <line num="25" count="0" type="stmt"/>
        <line num="27" count="84" type="stmt"/>
        <line num="28" count="84" type="stmt"/>
        <line num="29" count="84" type="stmt"/>
        <line num="30" count="84" type="stmt"/>
        <line num="31" count="84" type="cond" truecount="3" falsecount="0"/>
        <line num="32" count="64" type="stmt"/>
        <line num="34" count="81" type="stmt"/>
        <line num="36" count="3" type="stmt"/>
        <line num="37" count="3" type="stmt"/>
        <line num="43" count="40" type="stmt"/>
        <line num="50" count="21" type="stmt"/>
        <line num="54" count="81" type="stmt"/>
        <line num="58" count="8" type="stmt"/>
        <line num="59" count="8" type="cond" truecount="3" falsecount="1"/>
        <line num="60" count="0" type="stmt"/>
        <line num="63" count="8" type="stmt"/>
        <line num="64" count="8" type="stmt"/>
        <line num="65" count="8" type="cond" truecount="0" falsecount="1"/>
        <line num="66" count="0" type="stmt"/>
        <line num="70" count="8" type="stmt"/>
        <line num="80" count="8" type="stmt"/>
        <line num="84" count="36" type="cond" truecount="1" falsecount="0"/>
        <line num="85" count="36" type="stmt"/>
        <line num="86" count="36" type="stmt"/>
        <line num="87" count="36" type="cond" truecount="1" falsecount="0"/>
        <line num="88" count="36" type="stmt"/>
        <line num="89" count="36" type="stmt"/>
        <line num="90" count="36" type="stmt"/>
        <line num="92" count="36" type="cond" truecount="4" falsecount="0"/>
        <line num="93" count="36" type="stmt"/>
        <line num="96" count="36" type="stmt"/>
        <line num="98" count="0" type="stmt"/>
        <line num="99" count="0" type="stmt"/>
        <line num="103" count="0" type="stmt"/>
        <line num="107" count="165" type="stmt"/>
        <line num="108" count="165" type="stmt"/>
        <line num="109" count="165" type="stmt"/>
        <line num="111" count="162" type="stmt"/>
        <line num="112" count="162" type="cond" truecount="2" falsecount="0"/>
        <line num="113" count="113" type="stmt"/>
        <line num="115" count="49" type="cond" truecount="1" falsecount="0"/>
        <line num="116" count="49" type="stmt"/>
        <line num="117" count="49" type="stmt"/>
        <line num="118" count="99" type="stmt"/>
        <line num="119" count="99" type="stmt"/>
        <line num="122" count="99" type="stmt"/>
        <line num="123" count="99" type="stmt"/>
        <line num="124" count="99" type="cond" truecount="0" falsecount="1"/>
        <line num="125" count="0" type="stmt"/>
        <line num="126" count="0" type="stmt"/>
        <line num="129" count="99" type="cond" truecount="1" falsecount="0"/>
        <line num="130" count="49" type="stmt"/>
        <line num="132" count="50" type="stmt"/>
        <line num="135" count="49" type="stmt"/>
        <line num="137" count="0" type="stmt"/>
        <line num="139" count="49" type="stmt"/>
        <line num="142" count="0" type="stmt"/>
        <line num="146" count="3" type="stmt"/>
        <line num="151" count="8" type="stmt"/>
        <line num="152" count="8" type="stmt"/>
        <line num="153" count="8" type="stmt"/>
        <line num="154" count="8" type="stmt"/>
        <line num="155" count="7" type="stmt"/>
        <line num="156" count="7" type="stmt"/>
        <line num="158" count="1" type="stmt"/>
        <line num="164" count="11" type="stmt"/>
        <line num="165" count="11" type="stmt"/>
        <line num="166" count="11" type="stmt"/>
        <line num="168" count="11" type="stmt"/>
        <line num="170" count="0" type="stmt"/>
        <line num="176" count="0" type="stmt"/>
        <line num="184" count="0" type="stmt"/>
      </file>
    </package>
    <package name="src.stmt">
      <metrics statements="354" coveredstatements="295" conditionals="121" coveredconditionals="76" methods="48" coveredmethods="47"/>
      <file name="wsParams.ts" path="/Users/menshibin/go/src/taos-connector-node/nodejs/src/stmt/wsParams.ts">
        <metrics statements="230" coveredstatements="185" conditionals="100" coveredconditionals="63" methods="28" coveredmethods="28"/>
        <line num="1" count="7" type="stmt"/>
        <line num="2" count="7" type="stmt"/>
        <line num="3" count="7" type="stmt"/>
        <line num="4" count="7" type="stmt"/>
        <line num="6" count="7" type="stmt"/>
        <line num="12" count="178" type="stmt"/>
        <line num="13" count="178" type="stmt"/>
        <line num="14" count="178" type="stmt"/>
        <line num="15" count="178" type="stmt"/>
        <line num="19" count="7" type="stmt"/>
        <line num="20" count="34" type="stmt"/>
        <line num="22" count="34" type="stmt"/>
        <line num="23" count="34" type="stmt"/>
        <line num="25" count="34" type="cond" truecount="1" falsecount="0"/>
        <line num="26" count="34" type="stmt"/>
        <line num="28" count="34" type="stmt"/>
        <line num="33" count="33" type="stmt"/>
        <line num="37" count="33" type="stmt"/>
        <line num="41" count="99" type="stmt"/>
        <line num="45" count="6" type="cond" truecount="2" falsecount="1"/>
        <line num="46" count="0" type="stmt"/>
        <line num="48" count="6" type="stmt"/>
        <line num="50" count="6" type="stmt"/>
        <line num="54" count="6" type="cond" truecount="2" falsecount="1"/>
        <line num="55" count="0" type="stmt"/>
        <line num="57" count="6" type="stmt"/>
        <line num="58" count="6" type="stmt"/>
        <line num="62" count="6" type="cond" truecount="2" falsecount="1"/>
        <line num="63" count="0" type="stmt"/>
        <line num="65" count="6" type="stmt"/>
        <line num="66" count="6" type="stmt"/>
        <line num="70" count="6" type="cond" truecount="2" falsecount="1"/>
        <line num="71" count="0" type="stmt"/>
        <line num="73" count="6" type="stmt"/>
        <line num="74" count="6" type="stmt"/>
        <line num="79" count="6" type="cond" truecount="2" falsecount="1"/>
        <line num="80" count="0" type="stmt"/>
        <line num="82" count="6" type="stmt"/>
        <line num="83" count="6" type="stmt"/>
        <line num="87" count="34" type="cond" truecount="2" falsecount="1"/>
        <line num="88" count="0" type="stmt"/>
        <line num="90" count="34" type="stmt"/>
        <line num="91" count="34" type="stmt"/>
        <line num="95" count="6" type="cond" truecount="2" falsecount="1"/>
        <line num="96" count="0" type="stmt"/>
        <line num="98" count="6" type="stmt"/>
        <line num="99" count="6" type="stmt"/>
        <line num="103" count="6" type="cond" truecount="2" falsecount="1"/>
        <line num="104" count="0" type="stmt"/>
        <line num="106" count="6" type="stmt"/>
        <line num="107" count="6" type="stmt"/>
        <line num="111" count="6" type="cond" truecount="2" falsecount="1"/>
        <line num="112" count="0" type="stmt"/>
        <line num="114" count="6" type="stmt"/>
        <line num="115" count="6" type="stmt"/>
        <line num="119" count="39" type="cond" truecount="2" falsecount="1"/>
        <line num="120" count="0" type="stmt"/>
        <line num="122" count="39" type="stmt"/>
        <line num="123" count="38" type="stmt"/>
        <line num="127" count="6" type="cond" truecount="2" falsecount="1"/>
        <line num="128" count="0" type="stmt"/>
        <line num="130" count="6" type="stmt"/>
        <line num="131" count="6" type="stmt"/>
        <line num="135" count="9" type="stmt"/>
        <line num="136" count="9" type="stmt"/>
        <line num="140" count="6" type="stmt"/>
        <line num="144" count="6" type="stmt"/>
        <line num="148" count="2" type="stmt"/>
        <line num="152" count="4" type="stmt"/>
        <line num="156" count="4" type="stmt"/>
        <line num="160" count="21" type="cond" truecount="2" falsecount="1"/>
        <line num="161" count="0" type="stmt"/>
        <line num="165" count="21" type="stmt"/>
        <line num="167" count="21" type="stmt"/>
        <line num="169" count="21" type="stmt"/>
        <line num="171" count="21" type="stmt"/>
        <line num="172" count="21" type="cond" truecount="1" falsecount="1"/>
        <line num="173" count="0" type="cond" truecount="0" falsecount="1"/>
        <line num="174" count="0" type="stmt"/>
        <line num="177" count="21" type="stmt"/>
        <line num="180" count="21" type="stmt"/>
        <line num="181" count="66" type="cond" truecount="1" falsecount="1"/>
        <line num="182" count="66" type="cond" truecount="1" falsecount="1"/>
        <line num="183" count="0" type="stmt"/>
        <line num="185" count="0" type="cond" truecount="0" falsecount="2"/>
        <line num="186" count="0" type="stmt"/>
        <line num="187" count="0" type="stmt"/>
        <line num="188" count="0" type="cond" truecount="0" falsecount="2"/>
        <line num="189" count="0" type="stmt"/>
        <line num="190" count="0" type="stmt"/>
        <line num="192" count="0" type="stmt"/>
        <line num="195" count="66" type="cond" truecount="3" falsecount="0"/>
        <line num="198" count="66" type="cond" truecount="2" falsecount="0"/>
        <line num="199" count="51" type="stmt"/>
        <line num="201" count="15" type="stmt"/>
        <line num="204" count="66" type="stmt"/>
        <line num="206" count="66" type="cond" truecount="1" falsecount="1"/>
        <line num="207" count="0" type="cond" truecount="0" falsecount="2"/>
        <line num="208" count="0" type="stmt"/>
        <line num="210" count="0" type="stmt"/>
        <line num="212" count="66" type="cond" truecount="1" falsecount="1"/>
        <line num="213" count="66" type="stmt"/>
        <line num="215" count="0" type="stmt"/>
        <line num="220" count="0" type="stmt"/>
        <line num="221" count="0" type="stmt"/>
        <line num="222" count="0" type="stmt"/>
        <line num="226" count="21" type="stmt"/>
        <line num="227" count="21" type="stmt"/>
        <line num="232" count="127" type="stmt"/>
        <line num="233" count="127" type="stmt"/>
        <line num="234" count="127" type="stmt"/>
        <line num="235" count="127" type="stmt"/>
        <line num="236" count="127" type="cond" truecount="2" falsecount="0"/>
        <line num="237" count="125" type="cond" truecount="1" falsecount="0"/>
        <line num="238" count="1" type="stmt"/>
        <line num="241" count="2" type="stmt"/>
        <line num="244" count="126" type="stmt"/>
        <line num="245" count="402" type="cond" truecount="2" falsecount="0"/>
        <line num="246" count="382" type="cond" truecount="1" falsecount="1"/>
        <line num="247" count="382" type="cond" truecount="11" falsecount="1"/>
        <line num="249" count="22" type="cond" truecount="2" falsecount="0"/>
        <line num="250" count="13" type="stmt"/>
        <line num="252" count="9" type="stmt"/>
        <line num="254" count="22" type="stmt"/>
        <line num="257" count="22" type="stmt"/>
        <line num="258" count="22" type="stmt"/>
        <line num="261" count="22" type="stmt"/>
        <line num="262" count="22" type="stmt"/>
        <line num="265" count="22" type="stmt"/>
        <line num="266" count="22" type="stmt"/>
        <line num="269" count="22" type="stmt"/>
        <line num="270" count="22" type="stmt"/>
        <line num="274" count="74" type="stmt"/>
        <line num="275" count="74" type="stmt"/>
        <line num="279" count="22" type="stmt"/>
        <line num="280" count="22" type="stmt"/>
        <line num="284" count="22" type="stmt"/>
        <line num="285" count="22" type="stmt"/>
        <line num="289" count="22" type="stmt"/>
        <line num="290" count="22" type="stmt"/>
        <line num="294" count="110" type="stmt"/>
        <line num="295" count="110" type="stmt"/>
        <line num="298" count="22" type="stmt"/>
        <line num="299" count="22" type="stmt"/>
        <line num="302" count="0" type="stmt"/>
        <line num="307" count="0" type="stmt"/>
        <line num="311" count="20" type="stmt"/>
        <line num="312" count="20" type="stmt"/>
        <line num="313" count="20" type="stmt"/>
        <line num="316" count="126" type="stmt"/>
        <line num="317" count="126" type="stmt"/>
        <line num="321" count="25" type="stmt"/>
        <line num="322" count="25" type="stmt"/>
        <line num="324" count="25" type="stmt"/>
        <line num="325" count="25" type="stmt"/>
        <line num="326" count="25" type="cond" truecount="2" falsecount="0"/>
        <line num="327" count="14" type="cond" truecount="0" falsecount="1"/>
        <line num="328" count="0" type="stmt"/>
        <line num="331" count="11" type="stmt"/>
        <line num="333" count="25" type="stmt"/>
        <line num="335" count="73" type="stmt"/>
        <line num="336" count="73" type="cond" truecount="1" falsecount="1"/>
        <line num="338" count="73" type="stmt"/>
        <line num="339" count="73" type="cond" truecount="2" falsecount="0"/>
        <line num="341" count="33" type="stmt"/>
        <line num="342" count="33" type="stmt"/>
        <line num="343" count="33" type="stmt"/>
        <line num="345" count="33" type="stmt"/>
        <line num="346" count="40" type="cond" truecount="1" falsecount="1"/>
        <line num="348" count="40" type="stmt"/>
        <line num="349" count="40" type="stmt"/>
        <line num="350" count="40" type="stmt"/>
        <line num="352" count="0" type="stmt"/>
        <line num="358" count="0" type="stmt"/>
        <line num="359" count="0" type="stmt"/>
        <line num="365" count="25" type="stmt"/>
        <line num="366" count="25" type="stmt"/>
        <line num="371" count="31" type="stmt"/>
        <line num="373" count="31" type="stmt"/>
        <line num="374" count="31" type="stmt"/>
        <line num="375" count="31" type="stmt"/>
        <line num="377" count="31" type="stmt"/>
        <line num="379" count="31" type="stmt"/>
        <line num="380" count="31" type="stmt"/>
        <line num="382" count="95" type="stmt"/>
        <line num="383" count="95" type="stmt"/>
        <line num="385" count="95" type="stmt"/>
        <line num="386" count="2054" type="stmt"/>
        <line num="388" count="95" type="stmt"/>
        <line num="391" count="31" type="stmt"/>
        <line num="395" count="6" type="stmt"/>
        <line num="396" count="6" type="stmt"/>
        <line num="397" count="6" type="stmt"/>
        <line num="398" count="6" type="stmt"/>
        <line num="399" count="6" type="cond" truecount="1" falsecount="1"/>
        <line num="400" count="6" type="cond" truecount="0" falsecount="1"/>
        <line num="401" count="0" type="stmt"/>
        <line num="404" count="0" type="stmt"/>
        <line num="407" count="6" type="stmt"/>
        <line num="408" count="22" type="stmt"/>
        <line num="409" count="22" type="cond" truecount="1" falsecount="1"/>
        <line num="410" count="22" type="stmt"/>
        <line num="411" count="22" type="cond" truecount="1" falsecount="1"/>
        <line num="412" count="22" type="stmt"/>
        <line num="413" count="22" type="stmt"/>
        <line num="414" count="22" type="stmt"/>
        <line num="416" count="200" type="stmt"/>
        <line num="419" count="22" type="stmt"/>
        <line num="420" count="22" type="stmt"/>
        <line num="421" count="22" type="stmt"/>
        <line num="423" count="200" type="stmt"/>
        <line num="425" count="22" type="stmt"/>
        <line num="426" count="22" type="stmt"/>
        <line num="428" count="0" type="cond" truecount="0" falsecount="2"/>
        <line num="429" count="0" type="stmt"/>
        <line num="430" count="0" type="stmt"/>
        <line num="431" count="0" type="stmt"/>
        <line num="433" count="0" type="stmt"/>
        <line num="438" count="0" type="stmt"/>
        <line num="439" count="0" type="stmt"/>
        <line num="445" count="6" type="stmt"/>
        <line num="446" count="6" type="stmt"/>
        <line num="450" count="66" type="cond" truecount="0" falsecount="1"/>
        <line num="451" count="0" type="stmt"/>
        <line num="453" count="66" type="stmt"/>
        <line num="454" count="66" type="stmt"/>
        <line num="455" count="66" type="stmt"/>
        <line num="456" count="858" type="stmt"/>
        <line num="457" count="858" type="stmt"/>
        <line num="459" count="66" type="stmt"/>
      </file>
      <file name="wsProto.ts" path="/Users/menshibin/go/src/taos-connector-node/nodejs/src/stmt/wsProto.ts">
        <metrics statements="40" coveredstatements="40" conditionals="1" coveredconditionals="1" methods="2" coveredmethods="2"/>
        <line num="1" count="7" type="stmt"/>
        <line num="2" count="7" type="stmt"/>
        <line num="21" count="7" type="stmt"/>
        <line num="25" count="415" type="stmt"/>
        <line num="26" count="415" type="stmt"/>
        <line num="27" count="415" type="stmt"/>
        <line num="37" count="7" type="stmt"/>
        <line num="39" count="33" type="stmt"/>
        <line num="40" count="33" type="stmt"/>
        <line num="41" count="33" type="stmt"/>
        <line num="42" count="33" type="stmt"/>
        <line num="43" count="33" type="stmt"/>
        <line num="45" count="33" type="stmt"/>
        <line num="46" count="33" type="stmt"/>
        <line num="48" count="33" type="stmt"/>
        <line num="49" count="33" type="stmt"/>
        <line num="50" count="33" type="stmt"/>
        <line num="52" count="33" type="stmt"/>
        <line num="54" count="33" type="stmt"/>
        <line num="56" count="33" type="stmt"/>
        <line num="58" count="33" type="stmt"/>
        <line num="60" count="33" type="stmt"/>
        <line num="62" count="33" type="stmt"/>
        <line num="64" count="33" type="stmt"/>
        <line num="66" count="33" type="stmt"/>
        <line num="68" count="33" type="stmt"/>
        <line num="70" count="33" type="stmt"/>
        <line num="71" count="33" type="stmt"/>
        <line num="72" count="33" type="stmt"/>
        <line num="73" count="33" type="stmt"/>
        <line num="75" count="177" type="stmt"/>
        <line num="77" count="177" type="stmt"/>
        <line num="79" count="177" type="stmt"/>
        <line num="80" count="177" type="cond" truecount="1" falsecount="0"/>
        <line num="82" count="177" type="stmt"/>
        <line num="83" count="177" type="stmt"/>
        <line num="85" count="177" type="stmt"/>
        <line num="86" count="177" type="stmt"/>
        <line num="88" count="177" type="stmt"/>
        <line num="91" count="33" type="stmt"/>
      </file>
      <file name="wsStmt.ts" path="/Users/menshibin/go/src/taos-connector-node/nodejs/src/stmt/wsStmt.ts">
        <metrics statements="84" coveredstatements="70" conditionals="20" coveredconditionals="12" methods="18" coveredmethods="17"/>
        <line num="2" count="7" type="stmt"/>
        <line num="3" count="7" type="stmt"/>
        <line num="4" count="7" type="stmt"/>
        <line num="5" count="7" type="stmt"/>
        <line num="6" count="7" type="stmt"/>
        <line num="7" count="7" type="stmt"/>
        <line num="9" count="7" type="stmt"/>
        <line num="12" count="36" type="stmt"/>
        <line num="16" count="36" type="stmt"/>
        <line num="17" count="36" type="cond" truecount="1" falsecount="0"/>
        <line num="18" count="36" type="stmt"/>
        <line num="23" count="36" type="stmt"/>
        <line num="24" count="36" type="stmt"/>
        <line num="25" count="36" type="stmt"/>
        <line num="27" count="0" type="stmt"/>
        <line num="28" count="0" type="stmt"/>
        <line num="34" count="35" type="stmt"/>
        <line num="42" count="35" type="stmt"/>
        <line num="46" count="36" type="stmt"/>
        <line num="54" count="36" type="stmt"/>
        <line num="58" count="20" type="stmt"/>
        <line num="66" count="20" type="stmt"/>
        <line num="70" count="34" type="stmt"/>
        <line num="74" count="13" type="cond" truecount="2" falsecount="1"/>
        <line num="75" count="0" type="stmt"/>
        <line num="78" count="13" type="stmt"/>
        <line num="79" count="13" type="cond" truecount="0" falsecount="1"/>
        <line num="80" count="0" type="stmt"/>
        <line num="82" count="13" type="stmt"/>
        <line num="83" count="13" type="stmt"/>
        <line num="84" count="13" type="stmt"/>
        <line num="88" count="20" type="cond" truecount="2" falsecount="1"/>
        <line num="89" count="0" type="stmt"/>
        <line num="92" count="20" type="stmt"/>
        <line num="93" count="20" type="cond" truecount="0" falsecount="1"/>
        <line num="94" count="0" type="stmt"/>
        <line num="96" count="20" type="stmt"/>
        <line num="97" count="20" type="stmt"/>
        <line num="98" count="20" type="stmt"/>
        <line num="102" count="200" type="stmt"/>
        <line num="110" count="200" type="stmt"/>
        <line num="114" count="30" type="stmt"/>
        <line num="121" count="30" type="stmt"/>
        <line num="128" count="0" type="stmt"/>
        <line num="132" count="30" type="stmt"/>
        <line num="139" count="30" type="stmt"/>
        <line num="143" count="26" type="stmt"/>
        <line num="147" count="36" type="stmt"/>
        <line num="154" count="36" type="stmt"/>
        <line num="158" count="20" type="stmt"/>
        <line num="162" count="423" type="stmt"/>
        <line num="163" count="423" type="cond" truecount="0" falsecount="1"/>
        <line num="164" count="0" type="stmt"/>
        <line num="166" count="423" type="stmt"/>
        <line num="167" count="423" type="cond" truecount="2" falsecount="0"/>
        <line num="168" count="387" type="stmt"/>
        <line num="169" count="383" type="stmt"/>
        <line num="170" count="383" type="cond" truecount="1" falsecount="0"/>
        <line num="171" count="383" type="stmt"/>
        <line num="174" count="383" type="cond" truecount="1" falsecount="0"/>
        <line num="175" count="28" type="stmt"/>
        <line num="178" count="36" type="stmt"/>
        <line num="179" count="36" type="stmt"/>
        <line num="180" count="36" type="stmt"/>
        <line num="182" count="419" type="stmt"/>
        <line num="184" count="4" type="stmt"/>
        <line num="189" count="33" type="cond" truecount="0" falsecount="1"/>
        <line num="190" count="0" type="stmt"/>
        <line num="192" count="33" type="stmt"/>
        <line num="193" count="32" type="stmt"/>
        <line num="194" count="32" type="cond" truecount="1" falsecount="0"/>
        <line num="195" count="32" type="stmt"/>
        <line num="198" count="32" type="cond" truecount="0" falsecount="1"/>
        <line num="199" count="0" type="stmt"/>
        <line num="204" count="36" type="cond" truecount="1" falsecount="0"/>
        <line num="205" count="36" type="stmt"/>
        <line num="206" count="36" type="cond" truecount="0" falsecount="1"/>
        <line num="207" count="0" type="stmt"/>
        <line num="209" count="36" type="stmt"/>
        <line num="215" count="36" type="stmt"/>
        <line num="216" count="36" type="stmt"/>
        <line num="218" count="0" type="stmt"/>
        <line num="219" count="0" type="stmt"/>
        <line num="223" count="0" type="stmt"/>
      </file>
    </package>
    <package name="src.tmq">
      <metrics statements="403" coveredstatements="350" conditionals="90" coveredconditionals="63" methods="47" coveredmethods="41"/>
      <file name="config.ts" path="/Users/menshibin/go/src/taos-connector-node/nodejs/src/tmq/config.ts">
        <metrics statements="25" coveredstatements="21" conditionals="8" coveredconditionals="4" methods="1" coveredmethods="1"/>
        <line num="1" count="2" type="stmt"/>
        <line num="3" count="2" type="stmt"/>
        <line num="18" count="25" type="stmt"/>
        <line num="19" count="25" type="stmt"/>
        <line num="20" count="25" type="stmt"/>
        <line num="21" count="25" type="stmt"/>
        <line num="22" count="25" type="stmt"/>
        <line num="23" count="25" type="stmt"/>
        <line num="24" count="25" type="stmt"/>
        <line num="26" count="25" type="cond" truecount="0" falsecount="1"/>
        <line num="27" count="0" type="stmt"/>
        <line num="30" count="25" type="stmt"/>
        <line num="31" count="25" type="cond" truecount="0" falsecount="1"/>
        <line num="32" count="0" type="stmt"/>
        <line num="35" count="25" type="stmt"/>
        <line num="36" count="25" type="cond" truecount="1" falsecount="0"/>
        <line num="37" count="25" type="stmt"/>
        <line num="40" count="25" type="cond" truecount="1" falsecount="0"/>
        <line num="41" count="25" type="cond" truecount="1" falsecount="1"/>
        <line num="42" count="25" type="stmt"/>
        <line num="44" count="0" type="stmt"/>
        <line num="46" count="25" type="cond" truecount="1" falsecount="1"/>
        <line num="47" count="25" type="stmt"/>
        <line num="50" count="0" type="stmt"/>
        <line num="52" count="25" type="stmt"/>
      </file>
      <file name="constant.ts" path="/Users/menshibin/go/src/taos-connector-node/nodejs/src/tmq/constant.ts">
        <metrics statements="40" coveredstatements="39" conditionals="0" coveredconditionals="0" methods="2" coveredmethods="1"/>
        <line num="1" count="2" type="stmt"/>
        <line num="2" count="2" type="stmt"/>
        <line num="4" count="2" type="stmt"/>
        <line num="9" count="2" type="stmt"/>
        <line num="14" count="2" type="stmt"/>
        <line num="19" count="2" type="stmt"/>
        <line num="24" count="2" type="stmt"/>
        <line num="29" count="2" type="stmt"/>
        <line num="34" count="2" type="stmt"/>
        <line num="39" count="2" type="stmt"/>
        <line num="44" count="2" type="stmt"/>
        <line num="49" count="2" type="stmt"/>
        <line num="54" count="2" type="stmt"/>
        <line num="59" count="2" type="stmt"/>
        <line num="64" count="2" type="stmt"/>
        <line num="71" count="2" type="stmt"/>
        <line num="78" count="2" type="stmt"/>
        <line num="84" count="2" type="stmt"/>
        <line num="88" count="2" type="stmt"/>
        <line num="89" count="2" type="stmt"/>
        <line num="90" count="2" type="stmt"/>
        <line num="91" count="2" type="stmt"/>
        <line num="92" count="2" type="stmt"/>
        <line num="93" count="2" type="stmt"/>
        <line num="94" count="2" type="stmt"/>
        <line num="95" count="2" type="stmt"/>
        <line num="96" count="2" type="stmt"/>
        <line num="97" count="2" type="stmt"/>
        <line num="98" count="2" type="stmt"/>
        <line num="99" count="2" type="stmt"/>
        <line num="100" count="2" type="stmt"/>
        <line num="101" count="2" type="stmt"/>
        <line num="104" count="2" type="stmt"/>
        <line num="110" count="0" type="stmt"/>
        <line num="114" count="2" type="stmt"/>
        <line num="121" count="66" type="stmt"/>
        <line num="122" count="66" type="stmt"/>
        <line num="123" count="66" type="stmt"/>
        <line num="124" count="66" type="stmt"/>
        <line num="125" count="66" type="stmt"/>
      </file>
      <file name="tmqResponse.ts" path="/Users/menshibin/go/src/taos-connector-node/nodejs/src/tmq/tmqResponse.ts">
        <metrics statements="202" coveredstatements="172" conditionals="36" coveredconditionals="24" methods="18" coveredmethods="14"/>
        <line num="1" count="2" type="stmt"/>
        <line num="2" count="2" type="stmt"/>
        <line num="3" count="2" type="stmt"/>
        <line num="4" count="2" type="stmt"/>
        <line num="5" count="2" type="stmt"/>
        <line num="6" count="2" type="stmt"/>
        <line num="7" count="2" type="stmt"/>
        <line num="9" count="2" type="stmt"/>
        <line num="23" count="30" type="stmt"/>
        <line num="24" count="30" type="stmt"/>
        <line num="25" count="30" type="stmt"/>
        <line num="26" count="30" type="stmt"/>
        <line num="27" count="30" type="stmt"/>
        <line num="28" count="30" type="stmt"/>
        <line num="29" count="30" type="stmt"/>
        <line num="30" count="30" type="stmt"/>
        <line num="31" count="30" type="stmt"/>
        <line num="32" count="30" type="stmt"/>
        <line num="33" count="30" type="stmt"/>
        <line num="34" count="30" type="cond" truecount="1" falsecount="1"/>
        <line num="35" count="0" type="stmt"/>
        <line num="37" count="30" type="stmt"/>
        <line num="43" count="2" type="stmt"/>
        <line num="51" count="0" type="stmt"/>
        <line num="52" count="0" type="stmt"/>
        <line num="53" count="0" type="stmt"/>
        <line num="54" count="0" type="stmt"/>
        <line num="55" count="0" type="stmt"/>
        <line num="59" count="2" type="stmt"/>
        <line num="63" count="30" type="stmt"/>
        <line num="64" count="30" type="stmt"/>
        <line num="65" count="30" type="stmt"/>
        <line num="66" count="30" type="stmt"/>
        <line num="70" count="2" type="stmt"/>
        <line num="83" count="3" type="stmt"/>
        <line num="84" count="3" type="stmt"/>
        <line num="85" count="3" type="stmt"/>
        <line num="86" count="3" type="stmt"/>
        <line num="87" count="3" type="stmt"/>
        <line num="88" count="3" type="stmt"/>
        <line num="91" count="0" type="stmt"/>
        <line num="94" count="3" type="stmt"/>
        <line num="95" count="3" type="cond" truecount="1" falsecount="0"/>
        <line num="96" count="3" type="stmt"/>
        <line num="97" count="3" type="stmt"/>
        <line num="99" count="0" type="stmt"/>
        <line num="100" count="0" type="stmt"/>
        <line num="101" count="0" type="stmt"/>
        <line num="102" count="0" type="stmt"/>
        <line num="106" count="0" type="cond" truecount="0" falsecount="4"/>
        <line num="108" count="0" type="stmt"/>
        <line num="111" count="0" type="stmt"/>
        <line num="113" count="0" type="stmt"/>
        <line num="118" count="3" type="stmt"/>
        <line num="119" count="3" type="cond" truecount="0" falsecount="1"/>
        <line num="120" count="0" type="stmt"/>
        <line num="122" count="3" type="cond" truecount="1" falsecount="1"/>
        <line num="123" count="3" type="cond" truecount="1" falsecount="1"/>
        <line num="126" count="3" type="stmt"/>
        <line num="127" count="3" type="stmt"/>
        <line num="130" count="3" type="stmt"/>
        <line num="131" count="24" type="stmt"/>
        <line num="132" count="24" type="stmt"/>
        <line num="133" count="24" type="stmt"/>
        <line num="134" count="24" type="stmt"/>
        <line num="135" count="24" type="stmt"/>
        <line num="136" count="24" type="stmt"/>
        <line num="140" count="3" type="stmt"/>
        <line num="141" count="3" type="stmt"/>
        <line num="146" count="24" type="cond" truecount="1" falsecount="0"/>
        <line num="147" count="24" type="stmt"/>
        <line num="148" count="24" type="cond" truecount="2" falsecount="0"/>
        <line num="149" count="3" type="stmt"/>
        <line num="150" count="3" type="stmt"/>
        <line num="151" count="3" type="stmt"/>
        <line num="152" count="3" type="stmt"/>
        <line num="153" count="3" type="stmt"/>
        <line num="154" count="3" type="stmt"/>
        <line num="155" count="3" type="stmt"/>
        <line num="156" count="3" type="stmt"/>
        <line num="157" count="66" type="stmt"/>
        <line num="158" count="66" type="stmt"/>
        <line num="159" count="66" type="stmt"/>
        <line num="160" count="66" type="stmt"/>
        <line num="161" count="66" type="stmt"/>
        <line num="162" count="66" type="stmt"/>
        <line num="163" count="66" type="stmt"/>
        <line num="164" count="66" type="stmt"/>
        <line num="165" count="66" type="stmt"/>
        <line num="166" count="66" type="stmt"/>
        <line num="167" count="66" type="stmt"/>
        <line num="168" count="66" type="stmt"/>
        <line num="170" count="66" type="cond" truecount="1" falsecount="0"/>
        <line num="171" count="66" type="stmt"/>
        <line num="176" count="66" type="stmt"/>
        <line num="178" count="66" type="stmt"/>
        <line num="179" count="66" type="stmt"/>
        <line num="182" count="3" type="cond" truecount="0" falsecount="1"/>
        <line num="183" count="0" type="stmt"/>
        <line num="184" count="0" type="stmt"/>
        <line num="185" count="0" type="stmt"/>
        <line num="186" count="0" type="stmt"/>
        <line num="187" count="0" type="stmt"/>
        <line num="190" count="3" type="stmt"/>
        <line num="192" count="21" type="stmt"/>
        <line num="196" count="0" type="stmt"/>
        <line num="200" count="228" type="stmt"/>
        <line num="201" count="228" type="stmt"/>
        <line num="202" count="228" type="stmt"/>
        <line num="203" count="228" type="stmt"/>
        <line num="204" count="263" type="stmt"/>
        <line num="205" count="263" type="stmt"/>
        <line num="206" count="263" type="cond" truecount="1" falsecount="0"/>
        <line num="207" count="228" type="stmt"/>
        <line num="209" count="35" type="stmt"/>
        <line num="210" count="35" type="stmt"/>
        <line num="213" count="228" type="stmt"/>
        <line num="218" count="24" type="stmt"/>
        <line num="219" count="24" type="cond" truecount="0" falsecount="1"/>
        <line num="220" count="0" type="stmt"/>
        <line num="223" count="24" type="stmt"/>
        <line num="224" count="24" type="stmt"/>
        <line num="225" count="24" type="cond" truecount="4" falsecount="0"/>
        <line num="226" count="24" type="stmt"/>
        <line num="228" count="24" type="stmt"/>
        <line num="230" count="24" type="stmt"/>
        <line num="231" count="24" type="stmt"/>
        <line num="232" count="24" type="stmt"/>
        <line num="234" count="240" type="stmt"/>
        <line num="237" count="24" type="stmt"/>
        <line num="238" count="24" type="stmt"/>
        <line num="239" count="240" type="stmt"/>
        <line num="241" count="240" type="stmt"/>
        <line num="243" count="240" type="cond" truecount="2" falsecount="0"/>
        <line num="245" count="196" type="stmt"/>
        <line num="246" count="196" type="stmt"/>
        <line num="248" count="196" type="stmt"/>
        <line num="252" count="44" type="stmt"/>
        <line num="253" count="44" type="stmt"/>
        <line num="254" count="44" type="stmt"/>
        <line num="256" count="720" type="stmt"/>
        <line num="259" count="44" type="stmt"/>
        <line num="260" count="720" type="stmt"/>
        <line num="261" count="720" type="cond" truecount="1" falsecount="1"/>
        <line num="262" count="0" type="stmt"/>
        <line num="264" count="720" type="stmt"/>
        <line num="265" count="720" type="stmt"/>
        <line num="266" count="720" type="cond" truecount="2" falsecount="0"/>
        <line num="269" count="640" type="stmt"/>
        <line num="270" count="80" type="cond" truecount="4" falsecount="0"/>
        <line num="272" count="40" type="stmt"/>
        <line num="275" count="40" type="stmt"/>
        <line num="280" count="720" type="stmt"/>
        <line num="282" count="44" type="stmt"/>
        <line num="285" count="240" type="stmt"/>
        <line num="287" count="240" type="stmt"/>
        <line num="288" count="4200" type="cond" truecount="1" falsecount="0"/>
        <line num="289" count="620" type="stmt"/>
        <line num="291" count="4200" type="stmt"/>
        <line num="294" count="24" type="stmt"/>
        <line num="298" count="24" type="stmt"/>
        <line num="303" count="2" type="stmt"/>
        <line num="312" count="52" type="stmt"/>
        <line num="313" count="52" type="stmt"/>
        <line num="314" count="52" type="stmt"/>
        <line num="315" count="52" type="stmt"/>
        <line num="316" count="52" type="stmt"/>
        <line num="317" count="52" type="stmt"/>
        <line num="318" count="52" type="stmt"/>
        <line num="319" count="52" type="stmt"/>
        <line num="320" count="28" type="stmt"/>
        <line num="324" count="2" type="stmt"/>
        <line num="333" count="1" type="stmt"/>
        <line num="334" count="1" type="stmt"/>
        <line num="335" count="1" type="stmt"/>
        <line num="336" count="1" type="stmt"/>
        <line num="337" count="1" type="stmt"/>
        <line num="338" count="1" type="stmt"/>
        <line num="339" count="1" type="stmt"/>
        <line num="343" count="2" type="stmt"/>
        <line num="352" count="2" type="stmt"/>
        <line num="353" count="2" type="stmt"/>
        <line num="354" count="2" type="stmt"/>
        <line num="355" count="2" type="stmt"/>
        <line num="356" count="2" type="stmt"/>
        <line num="357" count="2" type="stmt"/>
        <line num="358" count="2" type="stmt"/>
        <line num="362" count="2" type="cond" truecount="0" falsecount="1"/>
        <line num="363" count="0" type="stmt"/>
        <line num="365" count="2" type="stmt"/>
        <line num="366" count="4" type="stmt"/>
        <line num="368" count="2" type="stmt"/>
        <line num="373" count="2" type="stmt"/>
        <line num="375" count="2" type="stmt"/>
        <line num="376" count="2" type="stmt"/>
        <line num="380" count="2" type="stmt"/>
        <line num="387" count="0" type="stmt"/>
        <line num="388" count="0" type="stmt"/>
        <line num="389" count="0" type="stmt"/>
        <line num="390" count="0" type="stmt"/>
        <line num="391" count="0" type="stmt"/>
        <line num="396" count="24" type="stmt"/>
      </file>
      <file name="wsTmq.ts" path="/Users/menshibin/go/src/taos-connector-node/nodejs/src/tmq/wsTmq.ts">
        <metrics statements="136" coveredstatements="118" conditionals="46" coveredconditionals="35" methods="26" coveredmethods="25"/>
        <line num="1" count="2" type="stmt"/>
        <line num="2" count="2" type="stmt"/>
        <line num="3" count="2" type="stmt"/>
        <line num="5" count="2" type="stmt"/>
        <line num="6" count="2" type="stmt"/>
        <line num="7" count="2" type="stmt"/>
        <line num="8" count="2" type="stmt"/>
        <line num="9" count="2" type="stmt"/>
        <line num="11" count="2" type="stmt"/>
        <line num="17" count="25" type="stmt"/>
        <line num="18" count="25" type="stmt"/>
        <line num="19" count="25" type="stmt"/>
        <line num="23" count="25" type="stmt"/>
        <line num="24" count="25" type="stmt"/>
        <line num="29" count="25" type="cond" truecount="2" falsecount="1"/>
        <line num="30" count="0" type="stmt"/>
        <line num="33" count="25" type="stmt"/>
        <line num="34" count="25" type="stmt"/>
        <line num="39" count="24" type="cond" truecount="2" falsecount="1"/>
        <line num="40" count="0" type="stmt"/>
        <line num="44" count="24" type="stmt"/>
        <line num="58" count="24" type="stmt"/>
        <line num="59" count="24" type="stmt"/>
        <line num="63" count="22" type="stmt"/>
        <line num="69" count="22" type="stmt"/>
        <line num="73" count="30" type="cond" truecount="1" falsecount="0"/>
        <line num="74" count="30" type="cond" truecount="2" falsecount="0"/>
        <line num="75" count="9" type="stmt"/>
        <line num="76" count="9" type="stmt"/>
        <line num="77" count="9" type="cond" truecount="1" falsecount="0"/>
        <line num="78" count="4" type="stmt"/>
        <line num="79" count="4" type="stmt"/>
        <line num="82" count="21" type="stmt"/>
        <line num="85" count="30" type="stmt"/>
        <line num="89" count="1" type="stmt"/>
        <line num="96" count="1" type="stmt"/>
        <line num="97" count="1" type="stmt"/>
        <line num="101" count="21" type="stmt"/>
        <line num="102" count="21" type="stmt"/>
        <line num="106" count="25" type="stmt"/>
        <line num="114" count="25" type="stmt"/>
        <line num="118" count="2" type="cond" truecount="2" falsecount="1"/>
        <line num="119" count="0" type="stmt"/>
        <line num="122" count="2" type="stmt"/>
        <line num="123" count="2" type="stmt"/>
        <line num="124" count="4" type="stmt"/>
        <line num="128" count="4" type="stmt"/>
        <line num="131" count="2" type="stmt"/>
        <line num="139" count="2" type="stmt"/>
        <line num="140" count="2" type="stmt"/>
        <line num="144" count="1" type="cond" truecount="2" falsecount="1"/>
        <line num="145" count="0" type="stmt"/>
        <line num="148" count="1" type="stmt"/>
        <line num="149" count="1" type="stmt"/>
        <line num="150" count="2" type="stmt"/>
        <line num="152" count="1" type="stmt"/>
        <line num="153" count="1" type="stmt"/>
        <line num="158" count="2" type="cond" truecount="0" falsecount="1"/>
        <line num="159" count="0" type="stmt"/>
        <line num="163" count="2" type="stmt"/>
        <line num="172" count="2" type="stmt"/>
        <line num="176" count="0" type="cond" truecount="0" falsecount="3"/>
        <line num="177" count="0" type="stmt"/>
        <line num="181" count="0" type="stmt"/>
        <line num="182" count="0" type="stmt"/>
        <line num="183" count="0" type="stmt"/>
        <line num="187" count="0" type="stmt"/>
        <line num="189" count="0" type="stmt"/>
        <line num="197" count="0" type="stmt"/>
        <line num="198" count="0" type="stmt"/>
        <line num="202" count="8" type="cond" truecount="0" falsecount="1"/>
        <line num="203" count="0" type="stmt"/>
        <line num="207" count="8" type="stmt"/>
        <line num="216" count="8" type="stmt"/>
        <line num="220" count="2" type="cond" truecount="2" falsecount="1"/>
        <line num="221" count="0" type="stmt"/>
        <line num="224" count="2" type="stmt"/>
        <line num="228" count="2" type="cond" truecount="2" falsecount="1"/>
        <line num="229" count="0" type="stmt"/>
        <line num="233" count="2" type="stmt"/>
        <line num="237" count="25" type="stmt"/>
        <line num="241" count="3" type="stmt"/>
        <line num="248" count="3" type="stmt"/>
        <line num="249" count="3" type="stmt"/>
        <line num="250" count="3" type="stmt"/>
        <line num="251" count="3" type="stmt"/>
        <line num="252" count="3" type="cond" truecount="4" falsecount="0"/>
        <line num="253" count="3" type="stmt"/>
        <line num="254" count="3" type="stmt"/>
        <line num="255" count="3" type="cond" truecount="1" falsecount="0"/>
        <line num="256" count="3" type="stmt"/>
        <line num="261" count="0" type="stmt"/>
        <line num="265" count="30" type="stmt"/>
        <line num="274" count="30" type="stmt"/>
        <line num="275" count="30" type="stmt"/>
        <line num="276" count="30" type="stmt"/>
        <line num="277" count="30" type="stmt"/>
        <line num="278" count="30" type="stmt"/>
        <line num="279" count="30" type="cond" truecount="3" falsecount="0"/>
        <line num="280" count="27" type="stmt"/>
        <line num="283" count="3" type="stmt"/>
        <line num="285" count="3" type="stmt"/>
        <line num="286" count="3" type="stmt"/>
        <line num="289" count="3" type="stmt"/>
        <line num="293" count="52" type="stmt"/>
        <line num="301" count="52" type="stmt"/>
        <line num="302" count="52" type="stmt"/>
        <line num="303" count="52" type="stmt"/>
        <line num="307" count="48" type="cond" truecount="3" falsecount="0"/>
        <line num="308" count="44" type="stmt"/>
        <line num="311" count="48" type="stmt"/>
        <line num="313" count="48" type="cond" truecount="3" falsecount="0"/>
        <line num="314" count="48" type="stmt"/>
        <line num="315" count="48" type="stmt"/>
        <line num="316" count="52" type="stmt"/>
        <line num="318" count="48" type="stmt"/>
        <line num="319" count="48" type="stmt"/>
        <line num="320" count="52" type="stmt"/>
        <line num="323" count="48" type="stmt"/>
        <line num="327" count="4" type="stmt"/>
        <line num="328" count="4" type="stmt"/>
        <line num="329" count="8" type="stmt"/>
        <line num="332" count="4" type="stmt"/>
        <line num="333" count="4" type="stmt"/>
        <line num="334" count="16" type="stmt"/>
        <line num="335" count="16" type="stmt"/>
        <line num="338" count="4" type="stmt"/>
        <line num="339" count="4" type="stmt"/>
        <line num="340" count="8" type="cond" truecount="1" falsecount="0"/>
        <line num="341" count="8" type="stmt"/>
        <line num="342" count="8" type="cond" truecount="1" falsecount="0"/>
        <line num="343" count="8" type="cond" truecount="2" falsecount="0"/>
        <line num="344" count="4" type="stmt"/>
        <line num="346" count="4" type="stmt"/>
        <line num="348" count="8" type="stmt"/>
        <line num="352" count="4" type="stmt"/>
      </file>
    </package>
    <package name="test">
      <metrics statements="85" coveredstatements="78" conditionals="15" coveredconditionals="11" methods="20" coveredmethods="18"/>
      <file name="utils.ts" path="/Users/menshibin/go/src/taos-connector-node/nodejs/test/utils.ts">
        <metrics statements="85" coveredstatements="78" conditionals="15" coveredconditionals="11" methods="20" coveredmethods="18"/>
        <line num="1" count="5" type="stmt"/>
        <line num="6" count="5" type="stmt"/>
        <line num="7" count="4" type="stmt"/>
        <line num="9" count="4" type="stmt"/>
        <line num="10" count="24" type="stmt"/>
        <line num="13" count="4" type="stmt"/>
        <line num="14" count="4" type="stmt"/>
        <line num="15" count="64" type="stmt"/>
        <line num="17" count="4" type="stmt"/>
        <line num="18" count="4" type="stmt"/>
        <line num="21" count="5" type="cond" truecount="1" falsecount="0"/>
        <line num="22" count="6" type="cond" truecount="1" falsecount="1"/>
        <line num="23" count="6" type="stmt"/>
        <line num="24" count="6" type="stmt"/>
        <line num="25" count="54" type="cond" truecount="2" falsecount="0"/>
        <line num="26" count="10" type="cond" truecount="1" falsecount="1"/>
        <line num="27" count="0" type="stmt"/>
        <line num="29" count="10" type="stmt"/>
        <line num="32" count="44" type="stmt"/>
        <line num="33" count="44" type="stmt"/>
        <line num="37" count="6" type="stmt"/>
        <line num="38" count="6" type="stmt"/>
        <line num="40" count="6" type="stmt"/>
        <line num="41" count="6" type="stmt"/>
        <line num="42" count="30" type="stmt"/>
        <line num="43" count="30" type="stmt"/>
        <line num="44" count="510" type="cond" truecount="2" falsecount="0"/>
        <line num="45" count="150" type="stmt"/>
        <line num="47" count="360" type="stmt"/>
        <line num="48" count="360" type="stmt"/>
        <line num="51" count="30" type="stmt"/>
        <line num="52" count="30" type="stmt"/>
        <line num="54" count="6" type="stmt"/>
        <line num="57" count="5" type="stmt"/>
        <line num="58" count="2" type="stmt"/>
        <line num="59" count="2" type="stmt"/>
        <line num="60" count="10" type="stmt"/>
        <line num="61" count="10" type="stmt"/>
        <line num="62" count="170" type="cond" truecount="2" falsecount="0"/>
        <line num="63" count="50" type="cond" truecount="2" falsecount="0"/>
        <line num="64" count="10" type="stmt"/>
        <line num="66" count="40" type="stmt"/>
        <line num="69" count="120" type="stmt"/>
        <line num="70" count="120" type="stmt"/>
        <line num="73" count="10" type="stmt"/>
        <line num="74" count="10" type="stmt"/>
        <line num="77" count="2" type="stmt"/>
        <line num="81" count="5" type="stmt"/>
        <line num="169" count="5" type="stmt"/>
        <line num="176" count="5" type="stmt"/>
        <line num="244" count="5" type="stmt"/>
        <line num="245" count="1" type="stmt"/>
        <line num="248" count="5" type="stmt"/>
        <line num="249" count="0" type="stmt"/>
        <line num="252" count="5" type="stmt"/>
        <line num="253" count="0" type="stmt"/>
        <line num="256" count="5" type="stmt"/>
        <line num="257" count="3" type="stmt"/>
        <line num="260" count="5" type="stmt"/>
        <line num="261" count="3" type="stmt"/>
        <line num="264" count="5" type="stmt"/>
        <line num="265" count="2" type="stmt"/>
        <line num="270" count="5" type="stmt"/>
        <line num="271" count="4" type="stmt"/>
        <line num="272" count="4" type="stmt"/>
        <line num="273" count="20" type="stmt"/>
        <line num="275" count="4" type="stmt"/>
        <line num="278" count="5" type="stmt"/>
        <line num="279" count="9" type="stmt"/>
        <line num="280" count="9" type="stmt"/>
        <line num="281" count="9" type="stmt"/>
        <line num="282" count="261" type="stmt"/>
        <line num="283" count="261" type="stmt"/>
        <line num="285" count="9" type="stmt"/>
        <line num="307" count="5" type="stmt"/>
        <line num="308" count="40" type="cond" truecount="0" falsecount="1"/>
        <line num="309" count="0" type="stmt"/>
        <line num="310" count="0" type="stmt"/>
        <line num="312" count="40" type="stmt"/>
        <line num="313" count="1092" type="cond" truecount="0" falsecount="1"/>
        <line num="314" count="0" type="stmt"/>
        <line num="315" count="0" type="stmt"/>
        <line num="318" count="40" type="stmt"/>
        <line num="321" count="5" type="stmt"/>
        <line num="322" count="3" type="stmt"/>
      </file>
    </package>
  </project>
</coverage>
