{"/Users/menshibin/go/src/taos-connector-node/nodejs/src/client/wsClient.ts": {"path":"/Users/menshibin/go/src/taos-connector-node/nodejs/src/client/wsClient.ts","statementMap":{"0":{"start":{"line":1,"column":0},"end":{"line":1,"column":34}},"1":{"start":{"line":3,"column":0},"end":{"line":3,"column":59}},"2":{"start":{"line":4,"column":0},"end":{"line":4,"column":116}},"3":{"start":{"line":5,"column":0},"end":{"line":5,"column":null}},"4":{"start":{"line":9,"column":0},"end":{"line":9,"column":40}},"5":{"start":{"line":10,"column":0},"end":{"line":10,"column":35}},"6":{"start":{"line":19,"column":8},"end":{"line":19,"column":27}},"7":{"start":{"line":20,"column":8},"end":{"line":20,"column":24}},"8":{"start":{"line":21,"column":8},"end":{"line":21,"column":32}},"9":{"start":{"line":26,"column":18},"end":{"line":26,"column":50}},"10":{"start":{"line":27,"column":8},"end":{"line":29,"column":9}},"11":{"start":{"line":28,"column":12},"end":{"line":28,"column":27}},"12":{"start":{"line":31,"column":22},"end":{"line":39,"column":10}},"13":{"start":{"line":41,"column":8},"end":{"line":41,"column":109}},"14":{"start":{"line":42,"column":8},"end":{"line":44,"column":9}},"15":{"start":{"line":43,"column":12},"end":{"line":43,"column":19}},"16":{"start":{"line":45,"column":8},"end":{"line":57,"column":9}},"17":{"start":{"line":46,"column":12},"end":{"line":46,"column":44}},"18":{"start":{"line":48,"column":30},"end":{"line":48,"column":86}},"19":{"start":{"line":49,"column":12},"end":{"line":51,"column":13}},"20":{"start":{"line":50,"column":16},"end":{"line":50,"column":23}},"21":{"start":{"line":52,"column":12},"end":{"line":52,"column":80}},"22":{"start":{"line":55,"column":12},"end":{"line":55,"column":44}},"23":{"start":{"line":56,"column":12},"end":{"line":56,"column":136}},"24":{"start":{"line":63,"column":8},"end":{"line":63,"column":73}},"25":{"start":{"line":64,"column":8},"end":{"line":67,"column":9}},"26":{"start":{"line":65,"column":12},"end":{"line":65,"column":null}},"27":{"start":{"line":66,"column":12},"end":{"line":66,"column":19}},"28":{"start":{"line":68,"column":8},"end":{"line":68,"column":null}},"29":{"start":{"line":73,"column":8},"end":{"line":90,"column":11}},"30":{"start":{"line":74,"column":12},"end":{"line":74,"column":77}},"31":{"start":{"line":75,"column":12},"end":{"line":89,"column":13}},"32":{"start":{"line":76,"column":16},"end":{"line":86,"column":46}},"33":{"start":{"line":77,"column":20},"end":{"line":85,"column":21}},"34":{"start":{"line":78,"column":24},"end":{"line":82,"column":25}},"35":{"start":{"line":79,"column":28},"end":{"line":79,"column":60}},"36":{"start":{"line":81,"column":28},"end":{"line":81,"column":null}},"37":{"start":{"line":84,"column":24},"end":{"line":84,"column":87}},"38":{"start":{"line":86,"column":33},"end":{"line":86,"column":43}},"39":{"start":{"line":88,"column":16},"end":{"line":88,"column":null}},"40":{"start":{"line":96,"column":8},"end":{"line":117,"column":11}},"41":{"start":{"line":97,"column":12},"end":{"line":115,"column":13}},"42":{"start":{"line":98,"column":16},"end":{"line":112,"column":46}},"43":{"start":{"line":99,"column":20},"end":{"line":101,"column":21}},"44":{"start":{"line":100,"column":24},"end":{"line":100,"column":35}},"45":{"start":{"line":103,"column":20},"end":{"line":111,"column":21}},"46":{"start":{"line":104,"column":24},"end":{"line":108,"column":25}},"47":{"start":{"line":105,"column":28},"end":{"line":105,"column":60}},"48":{"start":{"line":107,"column":28},"end":{"line":107,"column":39}},"49":{"start":{"line":110,"column":24},"end":{"line":110,"column":87}},"50":{"start":{"line":112,"column":33},"end":{"line":112,"column":43}},"51":{"start":{"line":114,"column":16},"end":{"line":114,"column":null}},"52":{"start":{"line":122,"column":8},"end":{"line":124,"column":9}},"53":{"start":{"line":123,"column":12},"end":{"line":123,"column":50}},"54":{"start":{"line":125,"column":8},"end":{"line":125,"column":18}},"55":{"start":{"line":130,"column":8},"end":{"line":140,"column":9}},"56":{"start":{"line":131,"column":12},"end":{"line":131,"column":113}},"57":{"start":{"line":132,"column":12},"end":{"line":134,"column":13}},"58":{"start":{"line":133,"column":16},"end":{"line":133,"column":null}},"59":{"start":{"line":135,"column":12},"end":{"line":135,"column":null}},"60":{"start":{"line":136,"column":12},"end":{"line":136,"column":19}},"61":{"start":{"line":138,"column":12},"end":{"line":138,"column":44}},"62":{"start":{"line":139,"column":12},"end":{"line":139,"column":136}},"63":{"start":{"line":145,"column":8},"end":{"line":154,"column":11}},"64":{"start":{"line":146,"column":12},"end":{"line":146,"column":null}},"65":{"start":{"line":147,"column":12},"end":{"line":153,"column":13}},"66":{"start":{"line":148,"column":16},"end":{"line":150,"column":43}},"67":{"start":{"line":149,"column":20},"end":{"line":149,"column":31}},"68":{"start":{"line":150,"column":32},"end":{"line":150,"column":41}},"69":{"start":{"line":152,"column":16},"end":{"line":152,"column":113}},"70":{"start":{"line":158,"column":28},"end":{"line":164,"column":10}},"71":{"start":{"line":165,"column":8},"end":{"line":175,"column":11}},"72":{"start":{"line":166,"column":26},"end":{"line":166,"column":58}},"73":{"start":{"line":167,"column":12},"end":{"line":167,"column":null}},"74":{"start":{"line":168,"column":12},"end":{"line":174,"column":13}},"75":{"start":{"line":169,"column":16},"end":{"line":171,"column":41}},"76":{"start":{"line":170,"column":35},"end":{"line":170,"column":46}},"77":{"start":{"line":171,"column":30},"end":{"line":171,"column":39}},"78":{"start":{"line":173,"column":16},"end":{"line":173,"column":113}},"79":{"start":{"line":179,"column":25},"end":{"line":184,"column":10}},"80":{"start":{"line":186,"column":8},"end":{"line":202,"column":9}},"81":{"start":{"line":187,"column":12},"end":{"line":199,"column":13}},"82":{"start":{"line":188,"column":16},"end":{"line":190,"column":17}},"83":{"start":{"line":189,"column":20},"end":{"line":189,"column":52}},"84":{"start":{"line":191,"column":33},"end":{"line":191,"column":95}},"85":{"start":{"line":192,"column":16},"end":{"line":194,"column":17}},"86":{"start":{"line":193,"column":20},"end":{"line":193,"column":65}},"87":{"start":{"line":195,"column":16},"end":{"line":195,"column":88}},"88":{"start":{"line":197,"column":16},"end":{"line":197,"column":48}},"89":{"start":{"line":198,"column":16},"end":{"line":198,"column":140}},"90":{"start":{"line":203,"column":8},"end":{"line":203,"column":76}},"91":{"start":{"line":207,"column":8},"end":{"line":211,"column":9}},"92":{"start":{"line":208,"column":12},"end":{"line":208,"column":null}},"93":{"start":{"line":209,"column":12},"end":{"line":209,"column":null}},"94":{"start":{"line":217,"column":8},"end":{"line":221,"column":9}},"95":{"start":{"line":218,"column":12},"end":{"line":220,"column":13}},"96":{"start":{"line":219,"column":16},"end":{"line":219,"column":133}},"97":{"start":{"line":13,"column":0},"end":{"line":13,"column":13}}},"fnMap":{"0":{"name":"(anonymous_1)","decl":{"start":{"line":18,"column":4},"end":{"line":18,"column":16}},"loc":{"start":{"line":18,"column":61},"end":{"line":23,"column":5}}},"1":{"name":"(anonymous_2)","decl":{"start":{"line":25,"column":4},"end":{"line":25,"column":9}},"loc":{"start":{"line":25,"column":54},"end":{"line":60,"column":5}}},"2":{"name":"(anonymous_3)","decl":{"start":{"line":62,"column":4},"end":{"line":62,"column":9}},"loc":{"start":{"line":62,"column":37},"end":{"line":69,"column":5}}},"3":{"name":"(anonymous_4)","decl":{"start":{"line":72,"column":4},"end":{"line":72,"column":9}},"loc":{"start":{"line":72,"column":57},"end":{"line":91,"column":5}}},"4":{"name":"(anonymous_5)","decl":{"start":{"line":73,"column":27},"end":{"line":73,"column":28}},"loc":{"start":{"line":73,"column":47},"end":{"line":90,"column":9}}},"5":{"name":"(anonymous_6)","decl":{"start":{"line":76,"column":57},"end":{"line":76,"column":58}},"loc":{"start":{"line":76,"column":68},"end":{"line":86,"column":17}}},"6":{"name":"(anonymous_7)","decl":{"start":{"line":86,"column":25},"end":{"line":86,"column":26}},"loc":{"start":{"line":86,"column":31},"end":{"line":86,"column":44}}},"7":{"name":"(anonymous_8)","decl":{"start":{"line":95,"column":4},"end":{"line":95,"column":9}},"loc":{"start":{"line":95,"column":132},"end":{"line":118,"column":5}}},"8":{"name":"(anonymous_9)","decl":{"start":{"line":96,"column":27},"end":{"line":96,"column":28}},"loc":{"start":{"line":96,"column":47},"end":{"line":117,"column":9}}},"9":{"name":"(anonymous_10)","decl":{"start":{"line":98,"column":77},"end":{"line":98,"column":78}},"loc":{"start":{"line":98,"column":88},"end":{"line":112,"column":17}}},"10":{"name":"(anonymous_11)","decl":{"start":{"line":112,"column":25},"end":{"line":112,"column":26}},"loc":{"start":{"line":112,"column":31},"end":{"line":112,"column":44}}},"11":{"name":"(anonymous_12)","decl":{"start":{"line":121,"column":4},"end":{"line":121,"column":12}},"loc":{"start":{"line":121,"column":12},"end":{"line":127,"column":5}}},"12":{"name":"(anonymous_13)","decl":{"start":{"line":129,"column":4},"end":{"line":129,"column":9}},"loc":{"start":{"line":129,"column":15},"end":{"line":142,"column":5}}},"13":{"name":"(anonymous_14)","decl":{"start":{"line":144,"column":4},"end":{"line":144,"column":9}},"loc":{"start":{"line":144,"column":28},"end":{"line":155,"column":5}}},"14":{"name":"(anonymous_15)","decl":{"start":{"line":145,"column":27},"end":{"line":145,"column":28}},"loc":{"start":{"line":145,"column":47},"end":{"line":154,"column":9}}},"15":{"name":"(anonymous_16)","decl":{"start":{"line":148,"column":52},"end":{"line":148,"column":53}},"loc":{"start":{"line":148,"column":63},"end":{"line":150,"column":17}}},"16":{"name":"(anonymous_17)","decl":{"start":{"line":150,"column":25},"end":{"line":150,"column":26}},"loc":{"start":{"line":150,"column":32},"end":{"line":150,"column":41}}},"17":{"name":"(anonymous_18)","decl":{"start":{"line":157,"column":4},"end":{"line":157,"column":9}},"loc":{"start":{"line":157,"column":41},"end":{"line":176,"column":5}}},"18":{"name":"(anonymous_19)","decl":{"start":{"line":165,"column":27},"end":{"line":165,"column":28}},"loc":{"start":{"line":165,"column":47},"end":{"line":175,"column":9}}},"19":{"name":"(anonymous_20)","decl":{"start":{"line":170,"column":22},"end":{"line":170,"column":23}},"loc":{"start":{"line":170,"column":33},"end":{"line":170,"column":47}}},"20":{"name":"(anonymous_21)","decl":{"start":{"line":171,"column":23},"end":{"line":171,"column":24}},"loc":{"start":{"line":171,"column":30},"end":{"line":171,"column":39}}},"21":{"name":"(anonymous_22)","decl":{"start":{"line":178,"column":4},"end":{"line":178,"column":9}},"loc":{"start":{"line":178,"column":17},"end":{"line":204,"column":5}}},"22":{"name":"(anonymous_23)","decl":{"start":{"line":206,"column":4},"end":{"line":206,"column":9}},"loc":{"start":{"line":206,"column":15},"end":{"line":213,"column":5}}},"23":{"name":"(anonymous_24)","decl":{"start":{"line":215,"column":4},"end":{"line":215,"column":12}},"loc":{"start":{"line":215,"column":21},"end":{"line":222,"column":5}}}},"branchMap":{"0":{"loc":{"start":{"line":27,"column":8},"end":{"line":29,"column":9}},"type":"if","locations":[{"start":{"line":27,"column":8},"end":{"line":29,"column":9}}]},"1":{"loc":{"start":{"line":42,"column":8},"end":{"line":44,"column":9}},"type":"if","locations":[{"start":{"line":42,"column":8},"end":{"line":44,"column":9}}]},"2":{"loc":{"start":{"line":49,"column":12},"end":{"line":51,"column":13}},"type":"if","locations":[{"start":{"line":49,"column":12},"end":{"line":51,"column":13}}]},"3":{"loc":{"start":{"line":64,"column":8},"end":{"line":67,"column":9}},"type":"if","locations":[{"start":{"line":64,"column":8},"end":{"line":67,"column":9}}]},"4":{"loc":{"start":{"line":64,"column":12},"end":{"line":64,"column":67}},"type":"binary-expr","locations":[{"start":{"line":64,"column":12},"end":{"line":64,"column":29}},{"start":{"line":64,"column":33},"end":{"line":64,"column":67}}]},"5":{"loc":{"start":{"line":72,"column":33},"end":{"line":72,"column":57}},"type":"default-arg","locations":[{"start":{"line":72,"column":53},"end":{"line":72,"column":57}}]},"6":{"loc":{"start":{"line":75,"column":12},"end":{"line":89,"column":13}},"type":"if","locations":[{"start":{"line":75,"column":12},"end":{"line":89,"column":13}},{"start":{"line":87,"column":19},"end":{"line":89,"column":13}}]},"7":{"loc":{"start":{"line":75,"column":16},"end":{"line":75,"column":71}},"type":"binary-expr","locations":[{"start":{"line":75,"column":16},"end":{"line":75,"column":33}},{"start":{"line":75,"column":37},"end":{"line":75,"column":71}}]},"8":{"loc":{"start":{"line":77,"column":20},"end":{"line":85,"column":21}},"type":"if","locations":[{"start":{"line":77,"column":20},"end":{"line":85,"column":21}},{"start":{"line":83,"column":27},"end":{"line":85,"column":21}}]},"9":{"loc":{"start":{"line":78,"column":24},"end":{"line":82,"column":25}},"type":"if","locations":[{"start":{"line":78,"column":24},"end":{"line":82,"column":25}},{"start":{"line":80,"column":29},"end":{"line":82,"column":25}}]},"10":{"loc":{"start":{"line":95,"column":76},"end":{"line":95,"column":100}},"type":"default-arg","locations":[{"start":{"line":95,"column":96},"end":{"line":95,"column":100}}]},"11":{"loc":{"start":{"line":95,"column":102},"end":{"line":95,"column":132}},"type":"default-arg","locations":[{"start":{"line":95,"column":127},"end":{"line":95,"column":132}}]},"12":{"loc":{"start":{"line":97,"column":12},"end":{"line":115,"column":13}},"type":"if","locations":[{"start":{"line":97,"column":12},"end":{"line":115,"column":13}},{"start":{"line":113,"column":19},"end":{"line":115,"column":13}}]},"13":{"loc":{"start":{"line":97,"column":16},"end":{"line":97,"column":71}},"type":"binary-expr","locations":[{"start":{"line":97,"column":16},"end":{"line":97,"column":33}},{"start":{"line":97,"column":37},"end":{"line":97,"column":71}}]},"14":{"loc":{"start":{"line":99,"column":20},"end":{"line":101,"column":21}},"type":"if","locations":[{"start":{"line":99,"column":20},"end":{"line":101,"column":21}}]},"15":{"loc":{"start":{"line":103,"column":20},"end":{"line":111,"column":21}},"type":"if","locations":[{"start":{"line":103,"column":20},"end":{"line":111,"column":21}},{"start":{"line":109,"column":27},"end":{"line":111,"column":21}}]},"16":{"loc":{"start":{"line":104,"column":24},"end":{"line":108,"column":25}},"type":"if","locations":[{"start":{"line":104,"column":24},"end":{"line":108,"column":25}},{"start":{"line":106,"column":29},"end":{"line":108,"column":25}}]},"17":{"loc":{"start":{"line":122,"column":8},"end":{"line":124,"column":9}},"type":"if","locations":[{"start":{"line":122,"column":8},"end":{"line":124,"column":9}}]},"18":{"loc":{"start":{"line":132,"column":12},"end":{"line":134,"column":13}},"type":"if","locations":[{"start":{"line":132,"column":12},"end":{"line":134,"column":13}}]},"19":{"loc":{"start":{"line":147,"column":12},"end":{"line":153,"column":13}},"type":"if","locations":[{"start":{"line":147,"column":12},"end":{"line":153,"column":13}},{"start":{"line":151,"column":19},"end":{"line":153,"column":13}}]},"20":{"loc":{"start":{"line":147,"column":16},"end":{"line":147,"column":71}},"type":"binary-expr","locations":[{"start":{"line":147,"column":16},"end":{"line":147,"column":33}},{"start":{"line":147,"column":37},"end":{"line":147,"column":71}}]},"21":{"loc":{"start":{"line":168,"column":12},"end":{"line":174,"column":13}},"type":"if","locations":[{"start":{"line":168,"column":12},"end":{"line":174,"column":13}},{"start":{"line":172,"column":19},"end":{"line":174,"column":13}}]},"22":{"loc":{"start":{"line":168,"column":16},"end":{"line":168,"column":71}},"type":"binary-expr","locations":[{"start":{"line":168,"column":16},"end":{"line":168,"column":33}},{"start":{"line":168,"column":37},"end":{"line":168,"column":71}}]},"23":{"loc":{"start":{"line":186,"column":8},"end":{"line":202,"column":9}},"type":"if","locations":[{"start":{"line":186,"column":8},"end":{"line":202,"column":9}}]},"24":{"loc":{"start":{"line":188,"column":16},"end":{"line":190,"column":17}},"type":"if","locations":[{"start":{"line":188,"column":16},"end":{"line":190,"column":17}}]},"25":{"loc":{"start":{"line":192,"column":16},"end":{"line":194,"column":17}},"type":"if","locations":[{"start":{"line":192,"column":16},"end":{"line":194,"column":17}}]},"26":{"loc":{"start":{"line":207,"column":8},"end":{"line":211,"column":9}},"type":"if","locations":[{"start":{"line":207,"column":8},"end":{"line":211,"column":9}}]},"27":{"loc":{"start":{"line":217,"column":8},"end":{"line":221,"column":9}},"type":"if","locations":[{"start":{"line":217,"column":8},"end":{"line":221,"column":9}}]},"28":{"loc":{"start":{"line":218,"column":12},"end":{"line":220,"column":13}},"type":"if","locations":[{"start":{"line":218,"column":12},"end":{"line":220,"column":13}}]},"29":{"loc":{"start":{"line":218,"column":18},"end":{"line":218,"column":46}},"type":"binary-expr","locations":[{"start":{"line":218,"column":18},"end":{"line":218,"column":30}},{"start":{"line":218,"column":34},"end":{"line":218,"column":46}}]}},"s":{"0":7,"1":7,"2":7,"3":7,"4":7,"5":7,"6":109,"7":109,"8":109,"9":84,"10":84,"11":64,"12":84,"13":84,"14":84,"15":35,"16":49,"17":49,"18":49,"19":49,"20":49,"21":0,"22":0,"23":0,"24":36,"25":36,"26":36,"27":36,"28":0,"29":561,"30":561,"31":561,"32":561,"33":561,"34":554,"35":86,"36":468,"37":7,"38":0,"39":0,"40":328,"41":328,"42":328,"43":328,"44":119,"45":328,"46":205,"47":173,"48":32,"49":123,"50":0,"51":0,"52":532,"53":532,"54":0,"55":25,"56":25,"57":25,"58":21,"59":25,"60":25,"61":0,"62":0,"63":3,"64":3,"65":3,"66":3,"67":3,"68":0,"69":0,"70":60,"71":60,"72":60,"73":60,"74":60,"75":60,"76":0,"77":0,"78":0,"79":21,"80":21,"81":21,"82":21,"83":0,"84":21,"85":21,"86":21,"87":0,"88":0,"89":0,"90":0,"91":106,"92":106,"93":106,"94":109,"95":109,"96":0,"97":7},"f":{"0":109,"1":84,"2":36,"3":561,"4":561,"5":561,"6":0,"7":328,"8":328,"9":328,"10":0,"11":532,"12":25,"13":3,"14":3,"15":3,"16":0,"17":60,"18":60,"19":0,"20":0,"21":21,"22":106,"23":109},"b":{"0":[64],"1":[35],"2":[49],"3":[36],"4":[36,36],"5":[89],"6":[561,0],"7":[561,561],"8":[554,7],"9":[86,468],"10":[176],"11":[209],"12":[328,0],"13":[328,328],"14":[119],"15":[205,123],"16":[173,32],"17":[532],"18":[21],"19":[3,0],"20":[3,3],"21":[60,0],"22":[60,60],"23":[21],"24":[0],"25":[21],"26":[106],"27":[109],"28":[0],"29":[109,0]}}
,"/Users/menshibin/go/src/taos-connector-node/nodejs/src/client/wsConnector.ts": {"path":"/Users/menshibin/go/src/taos-connector-node/nodejs/src/client/wsConnector.ts","statementMap":{"0":{"start":{"line":1,"column":0},"end":{"line":1,"column":54}},"1":{"start":{"line":2,"column":0},"end":{"line":2,"column":90}},"2":{"start":{"line":3,"column":0},"end":{"line":3,"column":67}},"3":{"start":{"line":4,"column":0},"end":{"line":4,"column":35}},"4":{"start":{"line":5,"column":0},"end":{"line":5,"column":40}},"5":{"start":{"line":10,"column":4},"end":{"line":10,"column":20}},"6":{"start":{"line":15,"column":8},"end":{"line":32,"column":9}},"7":{"start":{"line":16,"column":12},"end":{"line":16,"column":30}},"8":{"start":{"line":17,"column":25},"end":{"line":17,"column":35}},"9":{"start":{"line":18,"column":27},"end":{"line":18,"column":39}},"10":{"start":{"line":19,"column":25},"end":{"line":19,"column":35}},"11":{"start":{"line":20,"column":12},"end":{"line":22,"column":13}},"12":{"start":{"line":21,"column":16},"end":{"line":21,"column":null}},"13":{"start":{"line":23,"column":12},"end":{"line":23,"column":198}},"14":{"start":{"line":24,"column":12},"end":{"line":24,"column":null}},"15":{"start":{"line":24,"column":59},"end":{"line":24,"column":85}},"16":{"start":{"line":24,"column":86},"end":{"line":24,"column":96}},"17":{"start":{"line":26,"column":12},"end":{"line":26,"column":null}},"18":{"start":{"line":28,"column":12},"end":{"line":28,"column":null}},"19":{"start":{"line":29,"column":12},"end":{"line":29,"column":null}},"20":{"start":{"line":31,"column":12},"end":{"line":31,"column":null}},"21":{"start":{"line":37,"column":8},"end":{"line":47,"column":null}},"22":{"start":{"line":38,"column":24},"end":{"line":38,"column":40}},"23":{"start":{"line":39,"column":12},"end":{"line":40,"column":76}},"24":{"start":{"line":42,"column":12},"end":{"line":46,"column":null}},"25":{"start":{"line":43,"column":16},"end":{"line":43,"column":null}},"26":{"start":{"line":44,"column":16},"end":{"line":45,"column":61}},"27":{"start":{"line":51,"column":8},"end":{"line":51,"column":null}},"28":{"start":{"line":56,"column":19},"end":{"line":56,"column":29}},"29":{"start":{"line":57,"column":8},"end":{"line":57,"column":null}},"30":{"start":{"line":58,"column":8},"end":{"line":78,"column":9}},"31":{"start":{"line":59,"column":21},"end":{"line":59,"column":68}},"32":{"start":{"line":60,"column":12},"end":{"line":61,"column":62}},"33":{"start":{"line":63,"column":15},"end":{"line":78,"column":9}},"34":{"start":{"line":64,"column":12},"end":{"line":68,"column":null}},"35":{"start":{"line":65,"column":25},"end":{"line":65,"column":68}},"36":{"start":{"line":66,"column":16},"end":{"line":67,"column":56}},"37":{"start":{"line":70,"column":15},"end":{"line":78,"column":9}},"38":{"start":{"line":71,"column":22},"end":{"line":71,"column":38}},"39":{"start":{"line":72,"column":12},"end":{"line":72,"column":63}},"40":{"start":{"line":73,"column":12},"end":{"line":74,"column":56}},"41":{"start":{"line":76,"column":12},"end":{"line":77,"column":80}},"42":{"start":{"line":82,"column":8},"end":{"line":87,"column":9}},"43":{"start":{"line":83,"column":12},"end":{"line":83,"column":33}},"44":{"start":{"line":86,"column":12},"end":{"line":86,"column":null}},"45":{"start":{"line":91,"column":8},"end":{"line":91,"column":39}},"46":{"start":{"line":95,"column":8},"end":{"line":95,"column":null}},"47":{"start":{"line":96,"column":18},"end":{"line":96,"column":37}},"48":{"start":{"line":97,"column":8},"end":{"line":99,"column":9}},"49":{"start":{"line":98,"column":12},"end":{"line":98,"column":null}},"50":{"start":{"line":101,"column":8},"end":{"line":109,"column":null}},"51":{"start":{"line":102,"column":12},"end":{"line":108,"column":13}},"52":{"start":{"line":103,"column":16},"end":{"line":103,"column":null}},"53":{"start":{"line":104,"column":16},"end":{"line":104,"column":null}},"54":{"start":{"line":106,"column":16},"end":{"line":107,"column":null}},"55":{"start":{"line":114,"column":8},"end":{"line":114,"column":null}},"56":{"start":{"line":115,"column":18},"end":{"line":115,"column":37}},"57":{"start":{"line":116,"column":8},"end":{"line":118,"column":9}},"58":{"start":{"line":117,"column":12},"end":{"line":117,"column":null}},"59":{"start":{"line":120,"column":8},"end":{"line":133,"column":null}},"60":{"start":{"line":121,"column":12},"end":{"line":132,"column":13}},"61":{"start":{"line":122,"column":16},"end":{"line":126,"column":17}},"62":{"start":{"line":123,"column":20},"end":{"line":125,"column":41}},"63":{"start":{"line":127,"column":16},"end":{"line":127,"column":null}},"64":{"start":{"line":128,"column":16},"end":{"line":128,"column":null}},"65":{"start":{"line":130,"column":16},"end":{"line":131,"column":null}},"66":{"start":{"line":137,"column":8},"end":{"line":149,"column":null}},"67":{"start":{"line":138,"column":12},"end":{"line":148,"column":13}},"68":{"start":{"line":139,"column":16},"end":{"line":142,"column":17}},"69":{"start":{"line":140,"column":20},"end":{"line":141,"column":76}},"70":{"start":{"line":143,"column":16},"end":{"line":143,"column":null}},"71":{"start":{"line":144,"column":16},"end":{"line":144,"column":null}},"72":{"start":{"line":146,"column":16},"end":{"line":147,"column":null}},"73":{"start":{"line":153,"column":8},"end":{"line":153,"column":27}},"74":{"start":{"line":157,"column":8},"end":{"line":157,"column":27}},"75":{"start":{"line":7,"column":0},"end":{"line":7,"column":13}}},"fnMap":{"0":{"name":"(anonymous_1)","decl":{"start":{"line":13,"column":4},"end":{"line":13,"column":16}},"loc":{"start":{"line":13,"column":60},"end":{"line":33,"column":5}}},"1":{"name":"(anonymous_2)","decl":{"start":{"line":24,"column":35},"end":{"line":24,"column":45}},"loc":{"start":{"line":24,"column":55},"end":{"line":24,"column":98}}},"2":{"name":"(anonymous_3)","decl":{"start":{"line":35,"column":4},"end":{"line":35,"column":9}},"loc":{"start":{"line":35,"column":15},"end":{"line":48,"column":5}}},"3":{"name":"(anonymous_4)","decl":{"start":{"line":37,"column":27},"end":{"line":37,"column":28}},"loc":{"start":{"line":37,"column":47},"end":{"line":47,"column":9}}},"4":{"name":"(anonymous_5)","decl":{"start":{"line":42,"column":34},"end":{"line":42,"column":37}},"loc":{"start":{"line":42,"column":39},"end":{"line":46,"column":13}}},"5":{"name":"(anonymous_6)","decl":{"start":{"line":50,"column":12},"end":{"line":50,"column":17}},"loc":{"start":{"line":50,"column":41},"end":{"line":52,"column":5}}},"6":{"name":"(anonymous_7)","decl":{"start":{"line":55,"column":12},"end":{"line":55,"column":22}},"loc":{"start":{"line":55,"column":33},"end":{"line":79,"column":5}}},"7":{"name":"(anonymous_8)","decl":{"start":{"line":64,"column":36},"end":{"line":64,"column":37}},"loc":{"start":{"line":64,"column":55},"end":{"line":68,"column":13}}},"8":{"name":"(anonymous_9)","decl":{"start":{"line":81,"column":4},"end":{"line":81,"column":9}},"loc":{"start":{"line":81,"column":9},"end":{"line":88,"column":5}}},"9":{"name":"(anonymous_10)","decl":{"start":{"line":90,"column":4},"end":{"line":90,"column":14}},"loc":{"start":{"line":90,"column":14},"end":{"line":92,"column":5}}},"10":{"name":"(anonymous_11)","decl":{"start":{"line":94,"column":4},"end":{"line":94,"column":9}},"loc":{"start":{"line":94,"column":39},"end":{"line":110,"column":5}}},"11":{"name":"(anonymous_12)","decl":{"start":{"line":101,"column":27},"end":{"line":101,"column":28}},"loc":{"start":{"line":101,"column":47},"end":{"line":109,"column":9}}},"12":{"name":"(anonymous_13)","decl":{"start":{"line":113,"column":4},"end":{"line":113,"column":9}},"loc":{"start":{"line":113,"column":59},"end":{"line":134,"column":5}}},"13":{"name":"(anonymous_14)","decl":{"start":{"line":120,"column":27},"end":{"line":120,"column":28}},"loc":{"start":{"line":120,"column":47},"end":{"line":133,"column":9}}},"14":{"name":"(anonymous_15)","decl":{"start":{"line":136,"column":4},"end":{"line":136,"column":9}},"loc":{"start":{"line":136,"column":100},"end":{"line":150,"column":5}}},"15":{"name":"(anonymous_16)","decl":{"start":{"line":137,"column":27},"end":{"line":137,"column":28}},"loc":{"start":{"line":137,"column":47},"end":{"line":149,"column":9}}},"16":{"name":"(anonymous_17)","decl":{"start":{"line":152,"column":11},"end":{"line":152,"column":24}},"loc":{"start":{"line":152,"column":35},"end":{"line":154,"column":5}}},"17":{"name":"(anonymous_18)","decl":{"start":{"line":156,"column":11},"end":{"line":156,"column":19}},"loc":{"start":{"line":156,"column":19},"end":{"line":158,"column":5}}}},"branchMap":{"0":{"loc":{"start":{"line":15,"column":8},"end":{"line":32,"column":9}},"type":"if","locations":[{"start":{"line":15,"column":8},"end":{"line":32,"column":9}},{"start":{"line":30,"column":15},"end":{"line":32,"column":9}}]},"1":{"loc":{"start":{"line":20,"column":12},"end":{"line":22,"column":13}},"type":"if","locations":[{"start":{"line":20,"column":12},"end":{"line":22,"column":13}}]},"2":{"loc":{"start":{"line":58,"column":8},"end":{"line":78,"column":9}},"type":"if","locations":[{"start":{"line":58,"column":8},"end":{"line":78,"column":9}},{"start":{"line":63,"column":15},"end":{"line":78,"column":9}}]},"3":{"loc":{"start":{"line":63,"column":15},"end":{"line":78,"column":9}},"type":"if","locations":[{"start":{"line":63,"column":15},"end":{"line":78,"column":9}},{"start":{"line":70,"column":15},"end":{"line":78,"column":9}}]},"4":{"loc":{"start":{"line":70,"column":15},"end":{"line":78,"column":9}},"type":"if","locations":[{"start":{"line":70,"column":15},"end":{"line":78,"column":9}},{"start":{"line":75,"column":15},"end":{"line":78,"column":9}}]},"5":{"loc":{"start":{"line":82,"column":8},"end":{"line":87,"column":9}},"type":"if","locations":[{"start":{"line":82,"column":8},"end":{"line":87,"column":9}},{"start":{"line":85,"column":15},"end":{"line":87,"column":9}}]},"6":{"loc":{"start":{"line":97,"column":8},"end":{"line":99,"column":9}},"type":"if","locations":[{"start":{"line":97,"column":8},"end":{"line":99,"column":9}}]},"7":{"loc":{"start":{"line":102,"column":12},"end":{"line":108,"column":13}},"type":"if","locations":[{"start":{"line":102,"column":12},"end":{"line":108,"column":13}},{"start":{"line":105,"column":19},"end":{"line":108,"column":13}}]},"8":{"loc":{"start":{"line":102,"column":16},"end":{"line":102,"column":59}},"type":"binary-expr","locations":[{"start":{"line":102,"column":16},"end":{"line":102,"column":28}},{"start":{"line":102,"column":32},"end":{"line":102,"column":59}}]},"9":{"loc":{"start":{"line":113,"column":35},"end":{"line":113,"column":59}},"type":"default-arg","locations":[{"start":{"line":113,"column":55},"end":{"line":113,"column":59}}]},"10":{"loc":{"start":{"line":116,"column":8},"end":{"line":118,"column":9}},"type":"if","locations":[{"start":{"line":116,"column":8},"end":{"line":118,"column":9}}]},"11":{"loc":{"start":{"line":121,"column":12},"end":{"line":132,"column":13}},"type":"if","locations":[{"start":{"line":121,"column":12},"end":{"line":132,"column":13}},{"start":{"line":129,"column":19},"end":{"line":132,"column":13}}]},"12":{"loc":{"start":{"line":121,"column":16},"end":{"line":121,"column":59}},"type":"binary-expr","locations":[{"start":{"line":121,"column":16},"end":{"line":121,"column":28}},{"start":{"line":121,"column":32},"end":{"line":121,"column":59}}]},"13":{"loc":{"start":{"line":122,"column":16},"end":{"line":126,"column":17}},"type":"if","locations":[{"start":{"line":122,"column":16},"end":{"line":126,"column":17}}]},"14":{"loc":{"start":{"line":124,"column":51},"end":{"line":124,"column":112}},"type":"cond-expr","locations":[{"start":{"line":124,"column":79},"end":{"line":124,"column":90}},{"start":{"line":124,"column":93},"end":{"line":124,"column":112}}]},"15":{"loc":{"start":{"line":136,"column":76},"end":{"line":136,"column":100}},"type":"default-arg","locations":[{"start":{"line":136,"column":96},"end":{"line":136,"column":100}}]},"16":{"loc":{"start":{"line":138,"column":12},"end":{"line":148,"column":13}},"type":"if","locations":[{"start":{"line":138,"column":12},"end":{"line":148,"column":13}},{"start":{"line":145,"column":19},"end":{"line":148,"column":13}}]},"17":{"loc":{"start":{"line":138,"column":16},"end":{"line":138,"column":59}},"type":"binary-expr","locations":[{"start":{"line":138,"column":16},"end":{"line":138,"column":28}},{"start":{"line":138,"column":32},"end":{"line":138,"column":59}}]},"18":{"loc":{"start":{"line":139,"column":16},"end":{"line":142,"column":17}},"type":"if","locations":[{"start":{"line":139,"column":16},"end":{"line":142,"column":17}}]}},"s":{"0":7,"1":7,"2":7,"3":7,"4":7,"5":70,"6":70,"7":70,"8":70,"9":70,"10":70,"11":70,"12":21,"13":70,"14":70,"15":0,"16":0,"17":70,"18":70,"19":70,"20":0,"21":70,"22":70,"23":70,"24":70,"25":70,"26":70,"27":0,"28":962,"29":962,"30":962,"31":122,"32":122,"33":840,"34":0,"35":0,"36":0,"37":840,"38":840,"39":840,"40":840,"41":0,"42":37,"43":37,"44":0,"45":1781,"46":36,"47":36,"48":36,"49":0,"50":36,"51":36,"52":36,"53":36,"54":0,"55":694,"56":694,"57":694,"58":60,"59":694,"60":694,"61":694,"62":634,"63":694,"64":694,"65":0,"66":328,"67":328,"68":328,"69":328,"70":328,"71":328,"72":0,"73":0,"74":106,"75":7},"f":{"0":70,"1":0,"2":70,"3":70,"4":70,"5":0,"6":962,"7":0,"8":37,"9":1781,"10":36,"11":36,"12":694,"13":694,"14":328,"15":328,"16":0,"17":106},"b":{"0":[70,0],"1":[21],"2":[122,840],"3":[0,840],"4":[840,0],"5":[37,0],"6":[0],"7":[36,0],"8":[36,36],"9":[634],"10":[60],"11":[694,0],"12":[694,694],"13":[634],"14":[634,0],"15":[328],"16":[328,0],"17":[328,328],"18":[328]}}
,"/Users/menshibin/go/src/taos-connector-node/nodejs/src/client/wsConnectorPool.ts": {"path":"/Users/menshibin/go/src/taos-connector-node/nodejs/src/client/wsConnectorPool.ts","statementMap":{"0":{"start":{"line":1,"column":0},"end":{"line":1,"column":36}},"1":{"start":{"line":2,"column":0},"end":{"line":2,"column":51}},"2":{"start":{"line":3,"column":0},"end":{"line":3,"column":70}},"3":{"start":{"line":4,"column":0},"end":{"line":4,"column":35}},"4":{"start":{"line":6,"column":14},"end":{"line":6,"column":25}},"5":{"start":{"line":9,"column":12},"end":{"line":9,"column":64}},"6":{"start":{"line":13,"column":8},"end":{"line":13,"column":46}},"7":{"start":{"line":14,"column":8},"end":{"line":14,"column":34}},"8":{"start":{"line":18,"column":8},"end":{"line":20,"column":9}},"9":{"start":{"line":19,"column":12},"end":{"line":19,"column":92}},"10":{"start":{"line":21,"column":8},"end":{"line":21,"column":49}},"11":{"start":{"line":25,"column":26},"end":{"line":25,"column":76}},"12":{"start":{"line":26,"column":8},"end":{"line":26,"column":null}},"13":{"start":{"line":28,"column":23},"end":{"line":28,"column":44}},"14":{"start":{"line":29,"column":8},"end":{"line":51,"column":9}},"15":{"start":{"line":30,"column":12},"end":{"line":37,"column":13}},"16":{"start":{"line":31,"column":33},"end":{"line":31,"column":59}},"17":{"start":{"line":32,"column":16},"end":{"line":36,"column":17}},"18":{"start":{"line":33,"column":20},"end":{"line":35,"column":21}},"19":{"start":{"line":34,"column":24},"end":{"line":34,"column":53}},"20":{"start":{"line":39,"column":12},"end":{"line":42,"column":13}},"21":{"start":{"line":40,"column":16},"end":{"line":40,"column":null}},"22":{"start":{"line":41,"column":16},"end":{"line":41,"column":33}},"23":{"start":{"line":43,"column":12},"end":{"line":45,"column":13}},"24":{"start":{"line":44,"column":16},"end":{"line":44,"column":null}},"25":{"start":{"line":47,"column":12},"end":{"line":47,"column":null}},"26":{"start":{"line":48,"column":12},"end":{"line":48,"column":56}},"27":{"start":{"line":50,"column":12},"end":{"line":50,"column":null}},"28":{"start":{"line":55,"column":8},"end":{"line":77,"column":9}},"29":{"start":{"line":56,"column":27},"end":{"line":56,"column":48}},"30":{"start":{"line":57,"column":12},"end":{"line":76,"column":13}},"31":{"start":{"line":58,"column":16},"end":{"line":73,"column":17}},"32":{"start":{"line":59,"column":30},"end":{"line":59,"column":50}},"33":{"start":{"line":60,"column":38},"end":{"line":60,"column":88}},"34":{"start":{"line":61,"column":37},"end":{"line":61,"column":63}},"35":{"start":{"line":62,"column":20},"end":{"line":69,"column":21}},"36":{"start":{"line":63,"column":24},"end":{"line":63,"column":49}},"37":{"start":{"line":64,"column":24},"end":{"line":64,"column":51}},"38":{"start":{"line":65,"column":24},"end":{"line":65,"column":63}},"39":{"start":{"line":68,"column":24},"end":{"line":68,"column":51}},"40":{"start":{"line":71,"column":20},"end":{"line":71,"column":44}},"41":{"start":{"line":72,"column":20},"end":{"line":72,"column":null}},"42":{"start":{"line":75,"column":16},"end":{"line":75,"column":25}},"43":{"start":{"line":81,"column":8},"end":{"line":87,"column":9}},"44":{"start":{"line":82,"column":12},"end":{"line":86,"column":13}},"45":{"start":{"line":83,"column":16},"end":{"line":85,"column":17}},"46":{"start":{"line":84,"column":20},"end":{"line":84,"column":42}},"47":{"start":{"line":88,"column":8},"end":{"line":88,"column":null}},"48":{"start":{"line":89,"column":8},"end":{"line":89,"column":null}},"49":{"start":{"line":90,"column":8},"end":{"line":90,"column":null}},"50":{"start":{"line":7,"column":0},"end":{"line":7,"column":13}},"51":{"start":{"line":95,"column":0},"end":{"line":99,"column":3}},"52":{"start":{"line":96,"column":4},"end":{"line":96,"column":null}},"53":{"start":{"line":97,"column":4},"end":{"line":97,"column":null}},"54":{"start":{"line":98,"column":4},"end":{"line":98,"column":null}},"55":{"start":{"line":101,"column":0},"end":{"line":105,"column":3}},"56":{"start":{"line":102,"column":4},"end":{"line":102,"column":86}},"57":{"start":{"line":103,"column":4},"end":{"line":103,"column":null}},"58":{"start":{"line":104,"column":4},"end":{"line":104,"column":null}},"59":{"start":{"line":107,"column":0},"end":{"line":111,"column":3}},"60":{"start":{"line":108,"column":4},"end":{"line":108,"column":83}},"61":{"start":{"line":109,"column":4},"end":{"line":109,"column":null}},"62":{"start":{"line":110,"column":4},"end":{"line":110,"column":null}}},"fnMap":{"0":{"name":"(anonymous_1)","decl":{"start":{"line":12,"column":4},"end":{"line":12,"column":24}},"loc":{"start":{"line":12,"column":51},"end":{"line":15,"column":5}}},"1":{"name":"(anonymous_2)","decl":{"start":{"line":17,"column":11},"end":{"line":17,"column":17}},"loc":{"start":{"line":17,"column":54},"end":{"line":22,"column":5}}},"2":{"name":"(anonymous_3)","decl":{"start":{"line":24,"column":4},"end":{"line":24,"column":9}},"loc":{"start":{"line":24,"column":67},"end":{"line":52,"column":5}}},"3":{"name":"(anonymous_4)","decl":{"start":{"line":54,"column":4},"end":{"line":54,"column":9}},"loc":{"start":{"line":54,"column":57},"end":{"line":78,"column":5}}},"4":{"name":"(anonymous_5)","decl":{"start":{"line":80,"column":4},"end":{"line":80,"column":13}},"loc":{"start":{"line":80,"column":13},"end":{"line":91,"column":5}}},"5":{"name":"(anonymous_6)","decl":{"start":{"line":95,"column":19},"end":{"line":95,"column":20}},"loc":{"start":{"line":95,"column":28},"end":{"line":99,"column":1}}},"6":{"name":"(anonymous_7)","decl":{"start":{"line":101,"column":21},"end":{"line":101,"column":24}},"loc":{"start":{"line":101,"column":26},"end":{"line":105,"column":1}}},"7":{"name":"(anonymous_8)","decl":{"start":{"line":107,"column":22},"end":{"line":107,"column":25}},"loc":{"start":{"line":107,"column":27},"end":{"line":111,"column":1}}}},"branchMap":{"0":{"loc":{"start":{"line":12,"column":24},"end":{"line":12,"column":51}},"type":"default-arg","locations":[{"start":{"line":12,"column":49},"end":{"line":12,"column":51}}]},"1":{"loc":{"start":{"line":17,"column":27},"end":{"line":17,"column":54}},"type":"default-arg","locations":[{"start":{"line":17,"column":52},"end":{"line":17,"column":54}}]},"2":{"loc":{"start":{"line":18,"column":8},"end":{"line":20,"column":9}},"type":"if","locations":[{"start":{"line":18,"column":8},"end":{"line":20,"column":9}}]},"3":{"loc":{"start":{"line":30,"column":12},"end":{"line":37,"column":13}},"type":"if","locations":[{"start":{"line":30,"column":12},"end":{"line":37,"column":13}}]},"4":{"loc":{"start":{"line":32,"column":16},"end":{"line":36,"column":17}},"type":"if","locations":[{"start":{"line":32,"column":16},"end":{"line":36,"column":17}}]},"5":{"loc":{"start":{"line":33,"column":20},"end":{"line":35,"column":21}},"type":"if","locations":[{"start":{"line":33,"column":20},"end":{"line":35,"column":21}}]},"6":{"loc":{"start":{"line":39,"column":12},"end":{"line":42,"column":13}},"type":"if","locations":[{"start":{"line":39,"column":12},"end":{"line":42,"column":13}}]},"7":{"loc":{"start":{"line":43,"column":12},"end":{"line":45,"column":13}},"type":"if","locations":[{"start":{"line":43,"column":12},"end":{"line":45,"column":13}}]},"8":{"loc":{"start":{"line":43,"column":16},"end":{"line":43,"column":90}},"type":"binary-expr","locations":[{"start":{"line":43,"column":16},"end":{"line":43,"column":42}},{"start":{"line":43,"column":46},"end":{"line":43,"column":90}}]},"9":{"loc":{"start":{"line":55,"column":8},"end":{"line":77,"column":9}},"type":"if","locations":[{"start":{"line":55,"column":8},"end":{"line":77,"column":9}}]},"10":{"loc":{"start":{"line":58,"column":16},"end":{"line":73,"column":17}},"type":"if","locations":[{"start":{"line":58,"column":16},"end":{"line":73,"column":17}},{"start":{"line":70,"column":23},"end":{"line":73,"column":17}}]},"11":{"loc":{"start":{"line":62,"column":20},"end":{"line":69,"column":21}},"type":"if","locations":[{"start":{"line":62,"column":20},"end":{"line":69,"column":21}},{"start":{"line":67,"column":27},"end":{"line":69,"column":21}}]},"12":{"loc":{"start":{"line":81,"column":8},"end":{"line":87,"column":9}},"type":"if","locations":[{"start":{"line":81,"column":8},"end":{"line":87,"column":9}}]}},"s":{"0":7,"1":7,"2":7,"3":7,"4":7,"5":7,"6":7,"7":7,"8":223,"9":7,"10":223,"11":109,"12":109,"13":109,"14":109,"15":109,"16":81,"17":81,"18":81,"19":39,"20":109,"21":39,"22":39,"23":70,"24":0,"25":70,"26":70,"27":109,"28":106,"29":106,"30":106,"31":106,"32":106,"33":106,"34":106,"35":106,"36":9,"37":9,"38":9,"39":97,"40":0,"41":0,"42":106,"43":8,"44":8,"45":9,"46":37,"47":8,"48":8,"49":8,"50":7,"51":7,"52":0,"53":0,"54":0,"55":7,"56":0,"57":0,"58":0,"59":7,"60":0,"61":0,"62":0},"f":{"0":7,"1":223,"2":109,"3":106,"4":8,"5":0,"6":0,"7":0},"b":{"0":[0],"1":[223],"2":[7],"3":[81],"4":[81],"5":[39],"6":[39],"7":[0],"8":[70,0],"9":[106],"10":[106,0],"11":[9,97],"12":[8]}}
,"/Users/menshibin/go/src/taos-connector-node/nodejs/src/client/wsEventCallback.ts": {"path":"/Users/menshibin/go/src/taos-connector-node/nodejs/src/client/wsEventCallback.ts","statementMap":{"0":{"start":{"line":1,"column":0},"end":{"line":1,"column":36}},"1":{"start":{"line":2,"column":0},"end":{"line":2,"column":91}},"2":{"start":{"line":4,"column":0},"end":{"line":4,"column":35}},"3":{"start":{"line":20,"column":0},"end":{"line":20,"column":null}},"4":{"start":{"line":21,"column":4},"end":{"line":21,"column":null}},"5":{"start":{"line":22,"column":4},"end":{"line":22,"column":null}},"6":{"start":{"line":23,"column":4},"end":{"line":23,"column":null}},"7":{"start":{"line":24,"column":4},"end":{"line":24,"column":null}},"8":{"start":{"line":27,"column":19},"end":{"line":27,"column":30}},"9":{"start":{"line":35,"column":8},"end":{"line":37,"column":9}},"10":{"start":{"line":36,"column":12},"end":{"line":36,"column":62}},"11":{"start":{"line":38,"column":8},"end":{"line":38,"column":41}},"12":{"start":{"line":42,"column":22},"end":{"line":42,"column":48}},"13":{"start":{"line":43,"column":8},"end":{"line":54,"column":9}},"14":{"start":{"line":44,"column":12},"end":{"line":51,"column":19}},"15":{"start":{"line":49,"column":44},"end":{"line":50,"column":107}},"16":{"start":{"line":53,"column":12},"end":{"line":53,"column":null}},"17":{"start":{"line":58,"column":42},"end":{"line":58,"column":51}},"18":{"start":{"line":60,"column":8},"end":{"line":60,"column":null}},"19":{"start":{"line":61,"column":22},"end":{"line":61,"column":48}},"20":{"start":{"line":62,"column":8},"end":{"line":62,"column":null}},"21":{"start":{"line":63,"column":8},"end":{"line":63,"column":null}},"22":{"start":{"line":64,"column":8},"end":{"line":94,"column":9}},"23":{"start":{"line":65,"column":12},"end":{"line":91,"column":13}},"24":{"start":{"line":66,"column":16},"end":{"line":90,"column":17}},"25":{"start":{"line":67,"column":20},"end":{"line":71,"column":21}},"26":{"start":{"line":68,"column":24},"end":{"line":68,"column":null}},"27":{"start":{"line":69,"column":24},"end":{"line":69,"column":null}},"28":{"start":{"line":70,"column":24},"end":{"line":70,"column":30}},"29":{"start":{"line":72,"column":23},"end":{"line":90,"column":17}},"30":{"start":{"line":73,"column":20},"end":{"line":77,"column":21}},"31":{"start":{"line":74,"column":24},"end":{"line":74,"column":null}},"32":{"start":{"line":75,"column":24},"end":{"line":75,"column":null}},"33":{"start":{"line":76,"column":24},"end":{"line":76,"column":30}},"34":{"start":{"line":78,"column":23},"end":{"line":90,"column":17}},"35":{"start":{"line":79,"column":20},"end":{"line":83,"column":21}},"36":{"start":{"line":80,"column":24},"end":{"line":80,"column":null}},"37":{"start":{"line":81,"column":24},"end":{"line":81,"column":null}},"38":{"start":{"line":82,"column":24},"end":{"line":82,"column":30}},"39":{"start":{"line":84,"column":23},"end":{"line":90,"column":17}},"40":{"start":{"line":85,"column":20},"end":{"line":89,"column":21}},"41":{"start":{"line":86,"column":24},"end":{"line":86,"column":null}},"42":{"start":{"line":87,"column":24},"end":{"line":87,"column":null}},"43":{"start":{"line":88,"column":24},"end":{"line":88,"column":30}},"44":{"start":{"line":93,"column":12},"end":{"line":93,"column":null}},"45":{"start":{"line":96,"column":8},"end":{"line":107,"column":9}},"46":{"start":{"line":97,"column":27},"end":{"line":97,"column":47}},"47":{"start":{"line":98,"column":35},"end":{"line":101,"column":14}},"48":{"start":{"line":102,"column":12},"end":{"line":102,"column":33}},"49":{"start":{"line":104,"column":12},"end":{"line":104,"column":null}},"50":{"start":{"line":105,"column":12},"end":{"line":106,"column":109}},"51":{"start":{"line":28,"column":0},"end":{"line":28,"column":13}},"52":{"start":{"line":30,"column":19},"end":{"line":30,"column":81}}},"fnMap":{"0":{"name":"(anonymous_1)","decl":{"start":{"line":20,"column":0},"end":{"line":20,"column":12}},"loc":{"start":{"line":20,"column":25},"end":{"line":25,"column":1}}},"1":{"name":"(anonymous_2)","decl":{"start":{"line":31,"column":4},"end":{"line":31,"column":null}},"loc":{"start":{"line":31,"column":4},"end":{"line":32,"column":5}}},"2":{"name":"(anonymous_3)","decl":{"start":{"line":34,"column":11},"end":{"line":34,"column":17}},"loc":{"start":{"line":34,"column":26},"end":{"line":39,"column":5}}},"3":{"name":"(anonymous_4)","decl":{"start":{"line":41,"column":4},"end":{"line":41,"column":9}},"loc":{"start":{"line":41,"column":98},"end":{"line":55,"column":5}}},"4":{"name":"(anonymous_5)","decl":{"start":{"line":49,"column":38},"end":{"line":49,"column":41}},"loc":{"start":{"line":49,"column":44},"end":{"line":50,"column":107}}},"5":{"name":"(anonymous_6)","decl":{"start":{"line":57,"column":4},"end":{"line":57,"column":9}},"loc":{"start":{"line":57,"column":81},"end":{"line":108,"column":5}}}},"branchMap":{"0":{"loc":{"start":{"line":20,"column":12},"end":{"line":20,"column":null}},"type":"binary-expr","locations":[{"start":{"line":20,"column":12},"end":{"line":20,"column":25}},{"start":{"line":20,"column":25},"end":{"line":20,"column":null}}]},"1":{"loc":{"start":{"line":35,"column":8},"end":{"line":37,"column":9}},"type":"if","locations":[{"start":{"line":35,"column":8},"end":{"line":37,"column":9}}]},"2":{"loc":{"start":{"line":66,"column":16},"end":{"line":90,"column":17}},"type":"if","locations":[{"start":{"line":66,"column":16},"end":{"line":90,"column":17}},{"start":{"line":72,"column":23},"end":{"line":90,"column":17}}]},"3":{"loc":{"start":{"line":67,"column":20},"end":{"line":71,"column":21}},"type":"if","locations":[{"start":{"line":67,"column":20},"end":{"line":71,"column":21}}]},"4":{"loc":{"start":{"line":67,"column":24},"end":{"line":67,"column":60}},"type":"binary-expr","locations":[{"start":{"line":67,"column":24},"end":{"line":67,"column":38}},{"start":{"line":67,"column":42},"end":{"line":67,"column":60}}]},"5":{"loc":{"start":{"line":72,"column":23},"end":{"line":90,"column":17}},"type":"if","locations":[{"start":{"line":72,"column":23},"end":{"line":90,"column":17}},{"start":{"line":78,"column":23},"end":{"line":90,"column":17}}]},"6":{"loc":{"start":{"line":73,"column":20},"end":{"line":77,"column":21}},"type":"if","locations":[{"start":{"line":73,"column":20},"end":{"line":77,"column":21}}]},"7":{"loc":{"start":{"line":73,"column":24},"end":{"line":73,"column":60}},"type":"binary-expr","locations":[{"start":{"line":73,"column":24},"end":{"line":73,"column":38}},{"start":{"line":73,"column":42},"end":{"line":73,"column":60}}]},"8":{"loc":{"start":{"line":78,"column":23},"end":{"line":90,"column":17}},"type":"if","locations":[{"start":{"line":78,"column":23},"end":{"line":90,"column":17}},{"start":{"line":84,"column":23},"end":{"line":90,"column":17}}]},"9":{"loc":{"start":{"line":79,"column":20},"end":{"line":83,"column":21}},"type":"if","locations":[{"start":{"line":79,"column":20},"end":{"line":83,"column":21}}]},"10":{"loc":{"start":{"line":79,"column":24},"end":{"line":79,"column":72}},"type":"binary-expr","locations":[{"start":{"line":79,"column":24},"end":{"line":79,"column":46}},{"start":{"line":79,"column":50},"end":{"line":79,"column":72}}]},"11":{"loc":{"start":{"line":84,"column":23},"end":{"line":90,"column":17}},"type":"if","locations":[{"start":{"line":84,"column":23},"end":{"line":90,"column":17}}]},"12":{"loc":{"start":{"line":85,"column":20},"end":{"line":89,"column":21}},"type":"if","locations":[{"start":{"line":85,"column":20},"end":{"line":89,"column":21}}]},"13":{"loc":{"start":{"line":85,"column":24},"end":{"line":85,"column":72}},"type":"binary-expr","locations":[{"start":{"line":85,"column":24},"end":{"line":85,"column":46}},{"start":{"line":85,"column":50},"end":{"line":85,"column":72}}]},"14":{"loc":{"start":{"line":96,"column":8},"end":{"line":107,"column":9}},"type":"if","locations":[{"start":{"line":96,"column":8},"end":{"line":107,"column":9}},{"start":{"line":103,"column":15},"end":{"line":107,"column":9}}]}},"s":{"0":7,"1":7,"2":7,"3":7,"4":7,"5":7,"6":7,"7":7,"8":7,"9":2064,"10":7,"11":2064,"12":1032,"13":1032,"14":1032,"15":37,"16":1032,"17":1032,"18":1032,"19":1032,"20":1032,"21":1032,"22":1032,"23":1032,"24":17588,"25":1053,"26":122,"27":122,"28":122,"29":16535,"30":0,"31":0,"32":0,"33":0,"34":16535,"35":16170,"36":840,"37":840,"38":840,"39":365,"40":365,"41":70,"42":70,"43":70,"44":1032,"45":1032,"46":1032,"47":1032,"48":1032,"49":0,"50":0,"51":7,"52":7},"f":{"0":7,"1":7,"2":2064,"3":1032,"4":37,"5":1032},"b":{"0":[7,7],"1":[7],"2":[1053,16535],"3":[122],"4":[1053,934],"5":[0,16535],"6":[0],"7":[0,0],"8":[16170,365],"9":[840],"10":[16170,840],"11":[365],"12":[70],"13":[365,70],"14":[1032,0]}}
,"/Users/menshibin/go/src/taos-connector-node/nodejs/src/client/wsResponse.ts": {"path":"/Users/menshibin/go/src/taos-connector-node/nodejs/src/client/wsResponse.ts","statementMap":{"0":{"start":{"line":5,"column":0},"end":{"line":5,"column":64}},"1":{"start":{"line":14,"column":8},"end":{"line":14,"column":40}},"2":{"start":{"line":15,"column":8},"end":{"line":15,"column":34}},"3":{"start":{"line":16,"column":8},"end":{"line":16,"column":40}},"4":{"start":{"line":17,"column":8},"end":{"line":17,"column":38}},"5":{"start":{"line":18,"column":8},"end":{"line":18,"column":40}},"6":{"start":{"line":7,"column":0},"end":{"line":7,"column":13}},"7":{"start":{"line":39,"column":8},"end":{"line":39,"column":null}},"8":{"start":{"line":40,"column":8},"end":{"line":40,"column":null}},"9":{"start":{"line":43,"column":8},"end":{"line":43,"column":29}},"10":{"start":{"line":44,"column":8},"end":{"line":44,"column":35}},"11":{"start":{"line":45,"column":8},"end":{"line":45,"column":33}},"12":{"start":{"line":46,"column":8},"end":{"line":46,"column":33}},"13":{"start":{"line":47,"column":8},"end":{"line":47,"column":41}},"14":{"start":{"line":48,"column":8},"end":{"line":52,"column":9}},"15":{"start":{"line":49,"column":12},"end":{"line":49,"column":37}},"16":{"start":{"line":51,"column":12},"end":{"line":51,"column":null}},"17":{"start":{"line":54,"column":8},"end":{"line":54,"column":39}},"18":{"start":{"line":55,"column":8},"end":{"line":55,"column":47}},"19":{"start":{"line":56,"column":8},"end":{"line":56,"column":45}},"20":{"start":{"line":57,"column":8},"end":{"line":57,"column":45}},"21":{"start":{"line":58,"column":8},"end":{"line":58,"column":45}},"22":{"start":{"line":59,"column":8},"end":{"line":59,"column":49}},"23":{"start":{"line":60,"column":8},"end":{"line":60,"column":39}},"24":{"start":{"line":22,"column":0},"end":{"line":22,"column":13}},"25":{"start":{"line":77,"column":23},"end":{"line":77,"column":40}},"26":{"start":{"line":78,"column":8},"end":{"line":78,"column":null}},"27":{"start":{"line":79,"column":8},"end":{"line":79,"column":null}},"28":{"start":{"line":80,"column":8},"end":{"line":80,"column":null}},"29":{"start":{"line":81,"column":8},"end":{"line":81,"column":null}},"30":{"start":{"line":82,"column":8},"end":{"line":82,"column":null}},"31":{"start":{"line":83,"column":8},"end":{"line":83,"column":26}},"32":{"start":{"line":84,"column":8},"end":{"line":88,"column":9}},"33":{"start":{"line":85,"column":22},"end":{"line":85,"column":50}},"34":{"start":{"line":86,"column":12},"end":{"line":86,"column":71}},"35":{"start":{"line":87,"column":12},"end":{"line":87,"column":19}},"36":{"start":{"line":89,"column":8},"end":{"line":89,"column":null}},"37":{"start":{"line":90,"column":22},"end":{"line":90,"column":24}},"38":{"start":{"line":91,"column":8},"end":{"line":100,"column":9}},"39":{"start":{"line":92,"column":12},"end":{"line":92,"column":null}},"40":{"start":{"line":93,"column":12},"end":{"line":93,"column":24}},"41":{"start":{"line":95,"column":12},"end":{"line":95,"column":null}},"42":{"start":{"line":96,"column":12},"end":{"line":98,"column":13}},"43":{"start":{"line":97,"column":16},"end":{"line":97,"column":23}},"44":{"start":{"line":99,"column":12},"end":{"line":99,"column":24}},"45":{"start":{"line":102,"column":8},"end":{"line":102,"column":null}},"46":{"start":{"line":103,"column":8},"end":{"line":105,"column":9}},"47":{"start":{"line":104,"column":12},"end":{"line":104,"column":54}},"48":{"start":{"line":64,"column":0},"end":{"line":64,"column":13}},"49":{"start":{"line":126,"column":8},"end":{"line":126,"column":29}},"50":{"start":{"line":127,"column":8},"end":{"line":127,"column":35}},"51":{"start":{"line":128,"column":8},"end":{"line":128,"column":33}},"52":{"start":{"line":129,"column":8},"end":{"line":129,"column":33}},"53":{"start":{"line":130,"column":8},"end":{"line":130,"column":41}},"54":{"start":{"line":118,"column":0},"end":{"line":118,"column":13}}},"fnMap":{"0":{"name":"(anonymous_0)","decl":{"start":{"line":13,"column":4},"end":{"line":13,"column":16}},"loc":{"start":{"line":13,"column":32},"end":{"line":19,"column":5}}},"1":{"name":"(anonymous_1)","decl":{"start":{"line":38,"column":4},"end":{"line":38,"column":16}},"loc":{"start":{"line":38,"column":32},"end":{"line":41,"column":5}}},"2":{"name":"(anonymous_2)","decl":{"start":{"line":42,"column":12},"end":{"line":42,"column":19}},"loc":{"start":{"line":42,"column":27},"end":{"line":61,"column":5}}},"3":{"name":"(anonymous_3)","decl":{"start":{"line":76,"column":4},"end":{"line":76,"column":16}},"loc":{"start":{"line":76,"column":32},"end":{"line":107,"column":5}}},"4":{"name":"(anonymous_4)","decl":{"start":{"line":125,"column":4},"end":{"line":125,"column":16}},"loc":{"start":{"line":125,"column":36},"end":{"line":131,"column":5}}}},"branchMap":{"0":{"loc":{"start":{"line":48,"column":8},"end":{"line":52,"column":9}},"type":"if","locations":[{"start":{"line":48,"column":8},"end":{"line":52,"column":9}},{"start":{"line":50,"column":13},"end":{"line":52,"column":9}}]},"1":{"loc":{"start":{"line":84,"column":8},"end":{"line":88,"column":9}},"type":"if","locations":[{"start":{"line":84,"column":8},"end":{"line":88,"column":9}}]},"2":{"loc":{"start":{"line":91,"column":8},"end":{"line":100,"column":9}},"type":"if","locations":[{"start":{"line":91,"column":8},"end":{"line":100,"column":9}},{"start":{"line":94,"column":14},"end":{"line":100,"column":9}}]},"3":{"loc":{"start":{"line":96,"column":12},"end":{"line":98,"column":13}},"type":"if","locations":[{"start":{"line":96,"column":12},"end":{"line":98,"column":13}}]},"4":{"loc":{"start":{"line":103,"column":8},"end":{"line":105,"column":9}},"type":"if","locations":[{"start":{"line":103,"column":8},"end":{"line":105,"column":9}}]}},"s":{"0":7,"1":21,"2":21,"3":21,"4":21,"5":21,"6":7,"7":674,"8":674,"9":674,"10":674,"11":674,"12":674,"13":674,"14":674,"15":60,"16":614,"17":674,"18":674,"19":674,"20":674,"21":674,"22":674,"23":674,"24":7,"25":122,"26":122,"27":122,"28":122,"29":122,"30":122,"31":122,"32":122,"33":0,"34":0,"35":0,"36":122,"37":122,"38":122,"39":3,"40":3,"41":119,"42":119,"43":59,"44":60,"45":63,"46":63,"47":63,"48":7,"49":0,"50":0,"51":0,"52":0,"53":0,"54":7},"f":{"0":21,"1":674,"2":674,"3":122,"4":0},"b":{"0":[60,614],"1":[0],"2":[3,119],"3":[59],"4":[63]}}
,"/Users/menshibin/go/src/taos-connector-node/nodejs/src/common/config.ts": {"path":"/Users/menshibin/go/src/taos-connector-node/nodejs/src/common/config.ts","statementMap":{"0":{"start":{"line":10,"column":8},"end":{"line":10,"column":24}},"1":{"start":{"line":14,"column":8},"end":{"line":14,"column":27}},"2":{"start":{"line":17,"column":8},"end":{"line":17,"column":28}},"3":{"start":{"line":21,"column":8},"end":{"line":21,"column":26}},"4":{"start":{"line":24,"column":8},"end":{"line":24,"column":26}},"5":{"start":{"line":28,"column":8},"end":{"line":28,"column":30}},"6":{"start":{"line":31,"column":8},"end":{"line":31,"column":29}},"7":{"start":{"line":35,"column":8},"end":{"line":35,"column":24}},"8":{"start":{"line":38,"column":8},"end":{"line":38,"column":22}},"9":{"start":{"line":42,"column":8},"end":{"line":42,"column":25}},"10":{"start":{"line":46,"column":8},"end":{"line":46,"column":24}},"11":{"start":{"line":50,"column":8},"end":{"line":50,"column":null}},"12":{"start":{"line":53,"column":8},"end":{"line":53,"column":null}},"13":{"start":{"line":1,"column":0},"end":{"line":1,"column":13}}},"fnMap":{"0":{"name":"(anonymous_0)","decl":{"start":{"line":9,"column":4},"end":{"line":9,"column":16}},"loc":{"start":{"line":9,"column":26},"end":{"line":11,"column":5}}},"1":{"name":"(anonymous_1)","decl":{"start":{"line":13,"column":11},"end":{"line":13,"column":19}},"loc":{"start":{"line":13,"column":19},"end":{"line":15,"column":5}}},"2":{"name":"(anonymous_2)","decl":{"start":{"line":16,"column":11},"end":{"line":16,"column":19}},"loc":{"start":{"line":16,"column":33},"end":{"line":18,"column":5}}},"3":{"name":"(anonymous_3)","decl":{"start":{"line":20,"column":11},"end":{"line":20,"column":18}},"loc":{"start":{"line":20,"column":18},"end":{"line":22,"column":5}}},"4":{"name":"(anonymous_4)","decl":{"start":{"line":23,"column":11},"end":{"line":23,"column":18}},"loc":{"start":{"line":23,"column":31},"end":{"line":25,"column":5}}},"5":{"name":"(anonymous_5)","decl":{"start":{"line":27,"column":11},"end":{"line":27,"column":17}},"loc":{"start":{"line":27,"column":17},"end":{"line":29,"column":5}}},"6":{"name":"(anonymous_6)","decl":{"start":{"line":30,"column":11},"end":{"line":30,"column":17}},"loc":{"start":{"line":30,"column":28},"end":{"line":32,"column":5}}},"7":{"name":"(anonymous_7)","decl":{"start":{"line":34,"column":11},"end":{"line":34,"column":16}},"loc":{"start":{"line":34,"column":16},"end":{"line":36,"column":5}}},"8":{"name":"(anonymous_8)","decl":{"start":{"line":37,"column":11},"end":{"line":37,"column":16}},"loc":{"start":{"line":37,"column":27},"end":{"line":39,"column":5}}},"9":{"name":"(anonymous_9)","decl":{"start":{"line":41,"column":11},"end":{"line":41,"column":17}},"loc":{"start":{"line":41,"column":17},"end":{"line":43,"column":5}}},"10":{"name":"(anonymous_10)","decl":{"start":{"line":45,"column":11},"end":{"line":45,"column":17}},"loc":{"start":{"line":45,"column":29},"end":{"line":47,"column":5}}},"11":{"name":"(anonymous_11)","decl":{"start":{"line":49,"column":11},"end":{"line":49,"column":21}},"loc":{"start":{"line":49,"column":33},"end":{"line":51,"column":5}}},"12":{"name":"(anonymous_12)","decl":{"start":{"line":52,"column":11},"end":{"line":52,"column":21}},"loc":{"start":{"line":52,"column":21},"end":{"line":54,"column":5}}}},"branchMap":{},"s":{"0":78,"1":84,"2":0,"3":114,"4":30,"5":114,"6":30,"7":156,"8":64,"9":168,"10":0,"11":0,"12":84,"13":7},"f":{"0":78,"1":84,"2":0,"3":114,"4":30,"5":114,"6":30,"7":156,"8":64,"9":168,"10":0,"11":0,"12":84},"b":{}}
,"/Users/menshibin/go/src/taos-connector-node/nodejs/src/common/constant.ts": {"path":"/Users/menshibin/go/src/taos-connector-node/nodejs/src/common/constant.ts","statementMap":{"0":{"start":{"line":9,"column":13},"end":{"line":9,"column":52}},"1":{"start":{"line":10,"column":13},"end":{"line":10,"column":54}},"2":{"start":{"line":12,"column":13},"end":{"line":31,"column":null}},"3":{"start":{"line":33,"column":13},"end":{"line":39,"column":null}},"4":{"start":{"line":42,"column":0},"end":{"line":42,"column":null}},"5":{"start":{"line":43,"column":4},"end":{"line":43,"column":null}},"6":{"start":{"line":44,"column":4},"end":{"line":44,"column":null}},"7":{"start":{"line":45,"column":4},"end":{"line":45,"column":null}},"8":{"start":{"line":46,"column":4},"end":{"line":46,"column":null}},"9":{"start":{"line":47,"column":4},"end":{"line":47,"column":null}},"10":{"start":{"line":48,"column":4},"end":{"line":48,"column":null}},"11":{"start":{"line":49,"column":4},"end":{"line":49,"column":null}},"12":{"start":{"line":50,"column":4},"end":{"line":50,"column":null}},"13":{"start":{"line":51,"column":4},"end":{"line":51,"column":null}},"14":{"start":{"line":52,"column":4},"end":{"line":52,"column":null}},"15":{"start":{"line":53,"column":4},"end":{"line":53,"column":null}},"16":{"start":{"line":54,"column":4},"end":{"line":54,"column":null}},"17":{"start":{"line":55,"column":4},"end":{"line":55,"column":null}},"18":{"start":{"line":56,"column":4},"end":{"line":56,"column":null}},"19":{"start":{"line":57,"column":4},"end":{"line":57,"column":null}},"20":{"start":{"line":58,"column":4},"end":{"line":58,"column":null}},"21":{"start":{"line":59,"column":4},"end":{"line":59,"column":null}},"22":{"start":{"line":60,"column":4},"end":{"line":60,"column":null}},"23":{"start":{"line":61,"column":4},"end":{"line":61,"column":null}},"24":{"start":{"line":64,"column":13},"end":{"line":68,"column":null}},"25":{"start":{"line":70,"column":13},"end":{"line":83,"column":null}},"26":{"start":{"line":85,"column":13},"end":{"line":89,"column":null}}},"fnMap":{"0":{"name":"(anonymous_0)","decl":{"start":{"line":42,"column":0},"end":{"line":42,"column":12}},"loc":{"start":{"line":42,"column":28},"end":{"line":62,"column":1}}}},"branchMap":{"0":{"loc":{"start":{"line":42,"column":12},"end":{"line":42,"column":null}},"type":"binary-expr","locations":[{"start":{"line":42,"column":12},"end":{"line":42,"column":28}},{"start":{"line":42,"column":28},"end":{"line":42,"column":null}}]}},"s":{"0":7,"1":7,"2":7,"3":7,"4":7,"5":7,"6":7,"7":7,"8":7,"9":7,"10":7,"11":7,"12":7,"13":7,"14":7,"15":7,"16":7,"17":7,"18":7,"19":7,"20":7,"21":7,"22":7,"23":7,"24":7,"25":7,"26":7},"f":{"0":7},"b":{"0":[7,7]}}
,"/Users/menshibin/go/src/taos-connector-node/nodejs/src/common/log.ts": {"path":"/Users/menshibin/go/src/taos-connector-node/nodejs/src/common/log.ts","statementMap":{"0":{"start":{"line":32,"column":0},"end":{"line":32,"column":16}},"1":{"start":{"line":1,"column":0},"end":{"line":1,"column":30}},"2":{"start":{"line":2,"column":0},"end":{"line":2,"column":56}},"3":{"start":{"line":4,"column":21},"end":{"line":9,"column":2}},"4":{"start":{"line":5,"column":4},"end":{"line":7,"column":5}},"5":{"start":{"line":6,"column":8},"end":{"line":6,"column":44}},"6":{"start":{"line":8,"column":4},"end":{"line":8,"column":58}},"7":{"start":{"line":11,"column":18},"end":{"line":25,"column":2}},"8":{"start":{"line":27,"column":15},"end":{"line":30,"column":2}},"9":{"start":{"line":33,"column":4},"end":{"line":33,"column":null}},"10":{"start":{"line":36,"column":0},"end":{"line":36,"column":22}}},"fnMap":{"0":{"name":"(anonymous_1)","decl":{"start":{"line":4,"column":43},"end":{"line":4,"column":44}},"loc":{"start":{"line":4,"column":84},"end":{"line":9,"column":1}}},"1":{"name":"setLevel","decl":{"start":{"line":32,"column":16},"end":{"line":32,"column":24}},"loc":{"start":{"line":32,"column":37},"end":{"line":34,"column":1}}}},"branchMap":{"0":{"loc":{"start":{"line":5,"column":4},"end":{"line":7,"column":5}},"type":"if","locations":[{"start":{"line":5,"column":4},"end":{"line":7,"column":5}}]},"1":{"loc":{"start":{"line":5,"column":8},"end":{"line":5,"column":95}},"type":"binary-expr","locations":[{"start":{"line":5,"column":8},"end":{"line":5,"column":15}},{"start":{"line":5,"column":19},"end":{"line":5,"column":46}},{"start":{"line":5,"column":50},"end":{"line":5,"column":95}}]}},"s":{"0":8,"1":8,"2":8,"3":8,"4":127,"5":0,"6":127,"7":8,"8":8,"9":2,"10":8},"f":{"0":127,"1":2},"b":{"0":[0],"1":[127,127,0]}}
,"/Users/menshibin/go/src/taos-connector-node/nodejs/src/common/reqid.ts": {"path":"/Users/menshibin/go/src/taos-connector-node/nodejs/src/common/reqid.ts","statementMap":{"0":{"start":{"line":1,"column":0},"end":{"line":1,"column":36}},"1":{"start":{"line":2,"column":0},"end":{"line":2,"column":36}},"2":{"start":{"line":3,"column":0},"end":{"line":3,"column":35}},"3":{"start":{"line":6,"column":19},"end":{"line":6,"column":42}},"4":{"start":{"line":7,"column":4},"end":{"line":9,"column":5}},"5":{"start":{"line":8,"column":8},"end":{"line":8,"column":63}},"6":{"start":{"line":10,"column":4},"end":{"line":10,"column":18}},"7":{"start":{"line":14,"column":15},"end":{"line":14,"column":23}},"8":{"start":{"line":16,"column":17},"end":{"line":16,"column":37}},"9":{"start":{"line":19,"column":4},"end":{"line":19,"column":22}},"10":{"start":{"line":22,"column":19},"end":{"line":22,"column":53}},"11":{"start":{"line":24,"column":14},"end":{"line":24,"column":39}},"12":{"start":{"line":25,"column":4},"end":{"line":25,"column":22}},"13":{"start":{"line":46,"column":8},"end":{"line":48,"column":9}},"14":{"start":{"line":47,"column":12},"end":{"line":47,"column":26}},"15":{"start":{"line":49,"column":17},"end":{"line":49,"column":51}},"16":{"start":{"line":50,"column":23},"end":{"line":50,"column":41}},"17":{"start":{"line":51,"column":21},"end":{"line":51,"column":41}},"18":{"start":{"line":52,"column":17},"end":{"line":52,"column":42}},"19":{"start":{"line":53,"column":8},"end":{"line":53,"column":42}},"20":{"start":{"line":54,"column":8},"end":{"line":54,"column":63}},"21":{"start":{"line":55,"column":8},"end":{"line":55,"column":42}},"22":{"start":{"line":56,"column":8},"end":{"line":56,"column":45}},"23":{"start":{"line":57,"column":8},"end":{"line":57,"column":null}},"24":{"start":{"line":58,"column":17},"end":{"line":58,"column":42}},"25":{"start":{"line":59,"column":8},"end":{"line":59,"column":26}},"26":{"start":{"line":28,"column":0},"end":{"line":28,"column":13}},"27":{"start":{"line":29,"column":19},"end":{"line":29,"column":27}},"28":{"start":{"line":30,"column":19},"end":{"line":30,"column":26}},"29":{"start":{"line":31,"column":19},"end":{"line":31,"column":34}},"30":{"start":{"line":32,"column":19},"end":{"line":32,"column":31}},"31":{"start":{"line":33,"column":4},"end":{"line":43,"column":null}},"32":{"start":{"line":34,"column":8},"end":{"line":34,"column":34}},"33":{"start":{"line":36,"column":8},"end":{"line":40,"column":9}},"34":{"start":{"line":37,"column":11},"end":{"line":37,"column":null}},"35":{"start":{"line":39,"column":12},"end":{"line":39,"column":72}},"36":{"start":{"line":42,"column":8},"end":{"line":42,"column":45}}},"fnMap":{"0":{"name":"hexStringToNumber","decl":{"start":{"line":5,"column":9},"end":{"line":5,"column":26}},"loc":{"start":{"line":5,"column":44},"end":{"line":11,"column":1}}},"1":{"name":"uuidToHash","decl":{"start":{"line":13,"column":9},"end":{"line":13,"column":19}},"loc":{"start":{"line":13,"column":19},"end":{"line":26,"column":1}}},"2":{"name":"(anonymous_2)","decl":{"start":{"line":45,"column":11},"end":{"line":45,"column":17}},"loc":{"start":{"line":45,"column":41},"end":{"line":60,"column":5}}},"3":{"name":"(anonymous_3)","decl":{"start":{"line":33,"column":4},"end":{"line":33,"column":null}},"loc":{"start":{"line":33,"column":4},"end":{"line":43,"column":5}}}},"branchMap":{"0":{"loc":{"start":{"line":7,"column":4},"end":{"line":9,"column":5}},"type":"if","locations":[{"start":{"line":7,"column":4},"end":{"line":9,"column":5}}]},"1":{"loc":{"start":{"line":46,"column":8},"end":{"line":48,"column":9}},"type":"if","locations":[{"start":{"line":46,"column":8},"end":{"line":48,"column":9}}]},"2":{"loc":{"start":{"line":36,"column":8},"end":{"line":40,"column":9}},"type":"if","locations":[{"start":{"line":36,"column":8},"end":{"line":40,"column":9}},{"start":{"line":38,"column":13},"end":{"line":40,"column":9}}]}},"s":{"0":7,"1":7,"2":7,"3":7,"4":7,"5":0,"6":7,"7":7,"8":7,"9":7,"10":7,"11":7,"12":7,"13":1174,"14":1,"15":1173,"16":1173,"17":1173,"18":1173,"19":1173,"20":1173,"21":1173,"22":1173,"23":1173,"24":1173,"25":1173,"26":7,"27":7,"28":7,"29":7,"30":7,"31":7,"32":7,"33":7,"34":7,"35":0,"36":7},"f":{"0":7,"1":7,"2":1174,"3":7},"b":{"0":[0],"1":[1],"2":[7,0]}}
,"/Users/menshibin/go/src/taos-connector-node/nodejs/src/common/taosResult.ts": {"path":"/Users/menshibin/go/src/taos-connector-node/nodejs/src/common/taosResult.ts","statementMap":{"0":{"start":{"line":156,"column":0},"end":{"line":156,"column":16}},"1":{"start":{"line":238,"column":0},"end":{"line":238,"column":16}},"2":{"start":{"line":263,"column":0},"end":{"line":263,"column":16}},"3":{"start":{"line":379,"column":0},"end":{"line":379,"column":16}},"4":{"start":{"line":425,"column":0},"end":{"line":425,"column":16}},"5":{"start":{"line":430,"column":0},"end":{"line":430,"column":16}},"6":{"start":{"line":436,"column":0},"end":{"line":436,"column":16}},"7":{"start":{"line":447,"column":0},"end":{"line":447,"column":16}},"8":{"start":{"line":469,"column":0},"end":{"line":469,"column":16}},"9":{"start":{"line":473,"column":0},"end":{"line":473,"column":16}},"10":{"start":{"line":481,"column":0},"end":{"line":481,"column":16}},"11":{"start":{"line":2,"column":0},"end":{"line":2,"column":81}},"12":{"start":{"line":3,"column":0},"end":{"line":3,"column":85}},"13":{"start":{"line":4,"column":0},"end":{"line":4,"column":40}},"14":{"start":{"line":5,"column":0},"end":{"line":5,"column":27}},"15":{"start":{"line":31,"column":12},"end":{"line":31,"column":27}},"16":{"start":{"line":37,"column":8},"end":{"line":42,"column":9}},"17":{"start":{"line":38,"column":12},"end":{"line":38,"column":null}},"18":{"start":{"line":39,"column":12},"end":{"line":39,"column":null}},"19":{"start":{"line":40,"column":12},"end":{"line":40,"column":null}},"20":{"start":{"line":41,"column":12},"end":{"line":41,"column":18}},"21":{"start":{"line":43,"column":8},"end":{"line":62,"column":9}},"22":{"start":{"line":44,"column":12},"end":{"line":44,"column":null}},"23":{"start":{"line":45,"column":12},"end":{"line":45,"column":null}},"24":{"start":{"line":47,"column":12},"end":{"line":60,"column":13}},"25":{"start":{"line":48,"column":28},"end":{"line":48,"column":30}},"26":{"start":{"line":49,"column":16},"end":{"line":55,"column":17}},"27":{"start":{"line":49,"column":29},"end":{"line":49,"column":30}},"28":{"start":{"line":50,"column":20},"end":{"line":54,"column":null}},"29":{"start":{"line":56,"column":16},"end":{"line":56,"column":35}},"30":{"start":{"line":58,"column":16},"end":{"line":59,"column":null}},"31":{"start":{"line":61,"column":12},"end":{"line":61,"column":28}},"32":{"start":{"line":64,"column":8},"end":{"line":64,"column":null}},"33":{"start":{"line":65,"column":8},"end":{"line":65,"column":null}},"34":{"start":{"line":66,"column":8},"end":{"line":66,"column":null}},"35":{"start":{"line":67,"column":8},"end":{"line":67,"column":null}},"36":{"start":{"line":71,"column":8},"end":{"line":71,"column":36}},"37":{"start":{"line":75,"column":8},"end":{"line":79,"column":9}},"38":{"start":{"line":76,"column":12},"end":{"line":76,"column":37}},"39":{"start":{"line":78,"column":12},"end":{"line":78,"column":null}},"40":{"start":{"line":80,"column":8},"end":{"line":82,"column":9}},"41":{"start":{"line":81,"column":12},"end":{"line":81,"column":null}},"42":{"start":{"line":86,"column":8},"end":{"line":88,"column":9}},"43":{"start":{"line":87,"column":12},"end":{"line":87,"column":31}},"44":{"start":{"line":89,"column":8},"end":{"line":89,"column":18}},"45":{"start":{"line":92,"column":8},"end":{"line":92,"column":28}},"46":{"start":{"line":95,"column":8},"end":{"line":95,"column":38}},"47":{"start":{"line":99,"column":8},"end":{"line":101,"column":9}},"48":{"start":{"line":100,"column":12},"end":{"line":100,"column":38}},"49":{"start":{"line":105,"column":8},"end":{"line":105,"column":26}},"50":{"start":{"line":108,"column":8},"end":{"line":108,"column":27}},"51":{"start":{"line":111,"column":8},"end":{"line":111,"column":32}},"52":{"start":{"line":115,"column":8},"end":{"line":115,"column":26}},"53":{"start":{"line":119,"column":8},"end":{"line":119,"column":31}},"54":{"start":{"line":122,"column":8},"end":{"line":122,"column":31}},"55":{"start":{"line":125,"column":8},"end":{"line":125,"column":37}},"56":{"start":{"line":129,"column":8},"end":{"line":131,"column":9}},"57":{"start":{"line":130,"column":12},"end":{"line":130,"column":null}},"58":{"start":{"line":133,"column":8},"end":{"line":135,"column":9}},"59":{"start":{"line":134,"column":12},"end":{"line":134,"column":null}},"60":{"start":{"line":141,"column":8},"end":{"line":151,"column":9}},"61":{"start":{"line":142,"column":25},"end":{"line":142,"column":50}},"62":{"start":{"line":143,"column":12},"end":{"line":149,"column":null}},"63":{"start":{"line":144,"column":16},"end":{"line":148,"column":null}},"64":{"start":{"line":150,"column":12},"end":{"line":150,"column":26}},"65":{"start":{"line":152,"column":8},"end":{"line":152,"column":20}},"66":{"start":{"line":24,"column":0},"end":{"line":24,"column":13}},"67":{"start":{"line":157,"column":19},"end":{"line":157,"column":43}},"68":{"start":{"line":158,"column":19},"end":{"line":158,"column":39}},"69":{"start":{"line":159,"column":22},"end":{"line":159,"column":39}},"70":{"start":{"line":160,"column":4},"end":{"line":235,"column":5}},"71":{"start":{"line":161,"column":19},"end":{"line":161,"column":49}},"72":{"start":{"line":162,"column":8},"end":{"line":164,"column":9}},"73":{"start":{"line":163,"column":12},"end":{"line":163,"column":30}},"74":{"start":{"line":166,"column":8},"end":{"line":166,"column":null}},"75":{"start":{"line":167,"column":28},"end":{"line":167,"column":29}},"76":{"start":{"line":169,"column":27},"end":{"line":169,"column":66}},"77":{"start":{"line":170,"column":33},"end":{"line":170,"column":62}},"78":{"start":{"line":171,"column":8},"end":{"line":171,"column":null}},"79":{"start":{"line":173,"column":25},"end":{"line":173,"column":51}},"80":{"start":{"line":177,"column":25},"end":{"line":177,"column":62}},"81":{"start":{"line":178,"column":23},"end":{"line":178,"column":67}},"82":{"start":{"line":180,"column":27},"end":{"line":180,"column":28}},"83":{"start":{"line":181,"column":8},"end":{"line":230,"column":9}},"84":{"start":{"line":181,"column":21},"end":{"line":181,"column":22}},"85":{"start":{"line":182,"column":22},"end":{"line":182,"column":24}},"86":{"start":{"line":184,"column":12},"end":{"line":184,"column":50}},"87":{"start":{"line":186,"column":30},"end":{"line":186,"column":42}},"88":{"start":{"line":188,"column":12},"end":{"line":228,"column":13}},"89":{"start":{"line":188,"column":25},"end":{"line":188,"column":26}},"90":{"start":{"line":190,"column":32},"end":{"line":190,"column":60}},"91":{"start":{"line":191,"column":16},"end":{"line":227,"column":17}},"92":{"start":{"line":193,"column":20},"end":{"line":193,"column":null}},"93":{"start":{"line":195,"column":41},"end":{"line":195,"column":47}},"94":{"start":{"line":196,"column":40},"end":{"line":196,"column":51}},"95":{"start":{"line":198,"column":36},"end":{"line":198,"column":113}},"96":{"start":{"line":199,"column":34},"end":{"line":199,"column":110}},"97":{"start":{"line":201,"column":20},"end":{"line":205,"column":21}},"98":{"start":{"line":202,"column":24},"end":{"line":202,"column":null}},"99":{"start":{"line":204,"column":24},"end":{"line":204,"column":null}},"100":{"start":{"line":207,"column":20},"end":{"line":207,"column":null}},"101":{"start":{"line":211,"column":36},"end":{"line":211,"column":93}},"102":{"start":{"line":212,"column":20},"end":{"line":226,"column":21}},"103":{"start":{"line":213,"column":24},"end":{"line":213,"column":null}},"104":{"start":{"line":214,"column":24},"end":{"line":214,"column":116}},"105":{"start":{"line":216,"column":24},"end":{"line":216,"column":null}},"106":{"start":{"line":217,"column":41},"end":{"line":217,"column":77}},"107":{"start":{"line":218,"column":24},"end":{"line":224,"column":25}},"108":{"start":{"line":219,"column":28},"end":{"line":219,"column":null}},"109":{"start":{"line":220,"column":31},"end":{"line":224,"column":25}},"110":{"start":{"line":221,"column":28},"end":{"line":221,"column":null}},"111":{"start":{"line":223,"column":28},"end":{"line":223,"column":null}},"112":{"start":{"line":225,"column":24},"end":{"line":225,"column":116}},"113":{"start":{"line":229,"column":12},"end":{"line":229,"column":31}},"114":{"start":{"line":231,"column":8},"end":{"line":231,"column":26}},"115":{"start":{"line":233,"column":8},"end":{"line":234,"column":null}},"116":{"start":{"line":239,"column":4},"end":{"line":261,"column":5}},"117":{"start":{"line":241,"column":12},"end":{"line":241,"column":null}},"118":{"start":{"line":244,"column":12},"end":{"line":244,"column":null}},"119":{"start":{"line":247,"column":12},"end":{"line":247,"column":null}},"120":{"start":{"line":250,"column":12},"end":{"line":250,"column":null}},"121":{"start":{"line":253,"column":12},"end":{"line":253,"column":null}},"122":{"start":{"line":256,"column":12},"end":{"line":256,"column":null}},"123":{"start":{"line":259,"column":12},"end":{"line":259,"column":null}},"124":{"start":{"line":266,"column":23},"end":{"line":266,"column":25}},"125":{"start":{"line":267,"column":4},"end":{"line":375,"column":5}},"126":{"start":{"line":271,"column":12},"end":{"line":278,"column":13}},"127":{"start":{"line":271,"column":25},"end":{"line":271,"column":26}},"128":{"start":{"line":272,"column":16},"end":{"line":276,"column":17}},"129":{"start":{"line":273,"column":20},"end":{"line":273,"column":38}},"130":{"start":{"line":275,"column":20},"end":{"line":275,"column":66}},"131":{"start":{"line":279,"column":12},"end":{"line":279,"column":18}},"132":{"start":{"line":282,"column":12},"end":{"line":288,"column":13}},"133":{"start":{"line":282,"column":25},"end":{"line":282,"column":26}},"134":{"start":{"line":283,"column":16},"end":{"line":287,"column":17}},"135":{"start":{"line":284,"column":20},"end":{"line":284,"column":38}},"136":{"start":{"line":286,"column":20},"end":{"line":286,"column":73}},"137":{"start":{"line":289,"column":12},"end":{"line":289,"column":18}},"138":{"start":{"line":292,"column":12},"end":{"line":298,"column":13}},"139":{"start":{"line":292,"column":25},"end":{"line":292,"column":26}},"140":{"start":{"line":293,"column":16},"end":{"line":297,"column":17}},"141":{"start":{"line":294,"column":20},"end":{"line":294,"column":38}},"142":{"start":{"line":296,"column":20},"end":{"line":296,"column":73}},"143":{"start":{"line":299,"column":12},"end":{"line":299,"column":18}},"144":{"start":{"line":302,"column":12},"end":{"line":308,"column":13}},"145":{"start":{"line":302,"column":25},"end":{"line":302,"column":26}},"146":{"start":{"line":303,"column":16},"end":{"line":307,"column":17}},"147":{"start":{"line":304,"column":20},"end":{"line":304,"column":38}},"148":{"start":{"line":306,"column":20},"end":{"line":306,"column":76}},"149":{"start":{"line":309,"column":12},"end":{"line":309,"column":18}},"150":{"start":{"line":312,"column":12},"end":{"line":318,"column":13}},"151":{"start":{"line":312,"column":25},"end":{"line":312,"column":26}},"152":{"start":{"line":313,"column":16},"end":{"line":317,"column":17}},"153":{"start":{"line":314,"column":20},"end":{"line":314,"column":38}},"154":{"start":{"line":316,"column":20},"end":{"line":316,"column":74}},"155":{"start":{"line":319,"column":12},"end":{"line":319,"column":18}},"156":{"start":{"line":322,"column":12},"end":{"line":328,"column":13}},"157":{"start":{"line":322,"column":25},"end":{"line":322,"column":26}},"158":{"start":{"line":323,"column":16},"end":{"line":327,"column":17}},"159":{"start":{"line":324,"column":20},"end":{"line":
[...]
olumn":41}}]},"4":{"loc":{"start":{"line":73,"column":8},"end":{"line":84,"column":9}},"type":"if","locations":[{"start":{"line":73,"column":8},"end":{"line":84,"column":9}}]},"5":{"loc":{"start":{"line":74,"column":12},"end":{"line":83,"column":13}},"type":"if","locations":[{"start":{"line":74,"column":12},"end":{"line":83,"column":13}},{"start":{"line":81,"column":19},"end":{"line":83,"column":13}}]},"6":{"loc":{"start":{"line":77,"column":16},"end":{"line":80,"column":17}},"type":"if","locations":[{"start":{"line":77,"column":16},"end":{"line":80,"column":17}}]},"7":{"loc":{"start":{"line":118,"column":8},"end":{"line":120,"column":9}},"type":"if","locations":[{"start":{"line":118,"column":8},"end":{"line":120,"column":9}}]},"8":{"loc":{"start":{"line":118,"column":12},"end":{"line":118,"column":49}},"type":"binary-expr","locations":[{"start":{"line":118,"column":12},"end":{"line":118,"column":23}},{"start":{"line":118,"column":27},"end":{"line":118,"column":49}}]},"9":{"loc":{"start":{"line":144,"column":8},"end":{"line":147,"column":9}},"type":"if","locations":[{"start":{"line":144,"column":8},"end":{"line":147,"column":9}}]},"10":{"loc":{"start":{"line":144,"column":12},"end":{"line":144,"column":49}},"type":"binary-expr","locations":[{"start":{"line":144,"column":12},"end":{"line":144,"column":23}},{"start":{"line":144,"column":27},"end":{"line":144,"column":49}}]},"11":{"loc":{"start":{"line":158,"column":8},"end":{"line":161,"column":9}},"type":"if","locations":[{"start":{"line":158,"column":8},"end":{"line":161,"column":9}}]},"12":{"loc":{"start":{"line":176,"column":8},"end":{"line":179,"column":9}},"type":"if","locations":[{"start":{"line":176,"column":8},"end":{"line":179,"column":9}}]},"13":{"loc":{"start":{"line":176,"column":12},"end":{"line":176,"column":49}},"type":"binary-expr","locations":[{"start":{"line":176,"column":12},"end":{"line":176,"column":23}},{"start":{"line":176,"column":27},"end":{"line":176,"column":49}}]},"14":{"loc":{"start":{"line":202,"column":8},"end":{"line":205,"column":9}},"type":"if","locations":[{"start":{"line":202,"column":8},"end":{"line":205,"column":9}}]},"15":{"loc":{"start":{"line":220,"column":8},"end":{"line":223,"column":9}},"type":"if","locations":[{"start":{"line":220,"column":8},"end":{"line":223,"column":9}}]},"16":{"loc":{"start":{"line":220,"column":12},"end":{"line":220,"column":49}},"type":"binary-expr","locations":[{"start":{"line":220,"column":12},"end":{"line":220,"column":23}},{"start":{"line":220,"column":27},"end":{"line":220,"column":49}}]},"17":{"loc":{"start":{"line":228,"column":8},"end":{"line":231,"column":9}},"type":"if","locations":[{"start":{"line":228,"column":8},"end":{"line":231,"column":9}}]},"18":{"loc":{"start":{"line":228,"column":12},"end":{"line":228,"column":49}},"type":"binary-expr","locations":[{"start":{"line":228,"column":12},"end":{"line":228,"column":23}},{"start":{"line":228,"column":27},"end":{"line":228,"column":49}}]},"19":{"loc":{"start":{"line":252,"column":8},"end":{"line":258,"column":9}},"type":"if","locations":[{"start":{"line":252,"column":8},"end":{"line":258,"column":9}}]},"20":{"loc":{"start":{"line":252,"column":12},"end":{"line":252,"column":68}},"type":"binary-expr","locations":[{"start":{"line":252,"column":12},"end":{"line":252,"column":22}},{"start":{"line":252,"column":26},"end":{"line":252,"column":41}},{"start":{"line":252,"column":45},"end":{"line":252,"column":68}}]},"21":{"loc":{"start":{"line":255,"column":12},"end":{"line":257,"column":13}},"type":"if","locations":[{"start":{"line":255,"column":12},"end":{"line":257,"column":13}}]},"22":{"loc":{"start":{"line":279,"column":8},"end":{"line":281,"column":9}},"type":"if","locations":[{"start":{"line":279,"column":8},"end":{"line":281,"column":9}}]},"23":{"loc":{"start":{"line":279,"column":12},"end":{"line":279,"column":89}},"type":"binary-expr","locations":[{"start":{"line":279,"column":12},"end":{"line":279,"column":34}},{"start":{"line":279,"column":38},"end":{"line":279,"column":89}}]},"24":{"loc":{"start":{"line":307,"column":8},"end":{"line":309,"column":9}},"type":"if","locations":[{"start":{"line":307,"column":8},"end":{"line":309,"column":9}}]},"25":{"loc":{"start":{"line":307,"column":12},"end":{"line":307,"column":41}},"type":"binary-expr","locations":[{"start":{"line":307,"column":12},"end":{"line":307,"column":19}},{"start":{"line":307,"column":23},"end":{"line":307,"column":41}}]},"26":{"loc":{"start":{"line":313,"column":8},"end":{"line":322,"column":9}},"type":"if","locations":[{"start":{"line":313,"column":8},"end":{"line":322,"column":9}}]},"27":{"loc":{"start":{"line":313,"column":12},"end":{"line":313,"column":39}},"type":"binary-expr","locations":[{"start":{"line":313,"column":12},"end":{"line":313,"column":18}},{"start":{"line":313,"column":22},"end":{"line":313,"column":39}}]},"28":{"loc":{"start":{"line":326,"column":69},"end":{"line":326,"column":90}},"type":"default-arg","locations":[{"start":{"line":326,"column":86},"end":{"line":326,"column":90}}]},"29":{"loc":{"start":{"line":340,"column":12},"end":{"line":350,"column":13}},"type":"if","locations":[{"start":{"line":340,"column":12},"end":{"line":350,"column":13}}]},"30":{"loc":{"start":{"line":342,"column":16},"end":{"line":349,"column":17}},"type":"if","locations":[{"start":{"line":342,"column":16},"end":{"line":349,"column":17}}]},"31":{"loc":{"start":{"line":343,"column":20},"end":{"line":347,"column":21}},"type":"if","locations":[{"start":{"line":343,"column":20},"end":{"line":347,"column":21}},{"start":{"line":345,"column":25},"end":{"line":347,"column":21}}]}},"s":{"0":2,"1":2,"2":2,"3":2,"4":2,"5":2,"6":2,"7":2,"8":25,"9":25,"10":25,"11":25,"12":25,"13":25,"14":0,"15":25,"16":25,"17":24,"18":0,"19":24,"20":24,"21":24,"22":22,"23":22,"24":30,"25":30,"26":9,"27":9,"28":9,"29":4,"30":4,"31":21,"32":30,"33":1,"34":1,"35":1,"36":21,"37":21,"38":25,"39":25,"40":2,"41":0,"42":2,"43":2,"44":2,"45":4,"46":4,"47":2,"48":2,"49":2,"50":1,"51":0,"52":1,"53":1,"54":2,"55":1,"56":1,"57":2,"58":0,"59":2,"60":2,"61":0,"62":0,"63":0,"64":0,"65":0,"66":0,"67":0,"68":0,"69":0,"70":0,"71":8,"72":0,"73":8,"74":8,"75":2,"76":0,"77":2,"78":2,"79":0,"80":2,"81":25,"82":3,"83":3,"84":3,"85":3,"86":3,"87":3,"88":3,"89":3,"90":3,"91":3,"92":0,"93":30,"94":30,"95":30,"96":30,"97":30,"98":30,"99":30,"100":27,"101":3,"102":3,"103":3,"104":3,"105":52,"106":52,"107":52,"108":52,"109":48,"110":44,"111":48,"112":48,"113":48,"114":48,"115":52,"116":48,"117":48,"118":52,"119":48,"120":4,"121":4,"122":8,"123":4,"124":4,"125":16,"126":16,"127":4,"128":4,"129":8,"130":8,"131":8,"132":8,"133":4,"134":4,"135":8,"136":4,"137":2},"f":{"0":25,"1":25,"2":25,"3":24,"4":22,"5":30,"6":1,"7":21,"8":25,"9":2,"10":1,"11":2,"12":2,"13":0,"14":8,"15":2,"16":2,"17":25,"18":3,"19":30,"20":52,"21":48,"22":52,"23":4,"24":8,"25":16},"b":{"0":[0],"1":[25,25],"2":[0],"3":[24,24],"4":[30],"5":[9,21],"6":[4],"7":[0],"8":[2,2],"9":[0],"10":[1,1],"11":[0],"12":[0],"13":[0,0],"14":[0],"15":[0],"16":[2,2],"17":[0],"18":[2,2],"19":[3],"20":[3,3,3],"21":[3],"22":[27],"23":[30,3],"24":[44],"25":[48,4],"26":[48],"27":[48,48],"28":[2],"29":[8],"30":[8],"31":[4,4]}}
,"/Users/menshibin/go/src/taos-connector-node/nodejs/test/utils.ts": {"path":"/Users/menshibin/go/src/taos-connector-node/nodejs/test/utils.ts","statementMap":{"0":{"start":{"line":6,"column":0},"end":{"line":6,"column":16}},"1":{"start":{"line":21,"column":0},"end":{"line":21,"column":16}},"2":{"start":{"line":57,"column":0},"end":{"line":57,"column":16}},"3":{"start":{"line":244,"column":0},"end":{"line":244,"column":16}},"4":{"start":{"line":248,"column":0},"end":{"line":248,"column":16}},"5":{"start":{"line":252,"column":0},"end":{"line":252,"column":16}},"6":{"start":{"line":256,"column":0},"end":{"line":256,"column":16}},"7":{"start":{"line":260,"column":0},"end":{"line":260,"column":16}},"8":{"start":{"line":264,"column":0},"end":{"line":264,"column":16}},"9":{"start":{"line":270,"column":0},"end":{"line":270,"column":16}},"10":{"start":{"line":278,"column":0},"end":{"line":278,"column":16}},"11":{"start":{"line":307,"column":0},"end":{"line":307,"column":16}},"12":{"start":{"line":321,"column":0},"end":{"line":321,"column":16}},"13":{"start":{"line":1,"column":0},"end":{"line":1,"column":39}},"14":{"start":{"line":7,"column":14},"end":{"line":7,"column":60}},"15":{"start":{"line":9,"column":4},"end":{"line":11,"column":5}},"16":{"start":{"line":9,"column":17},"end":{"line":9,"column":18}},"17":{"start":{"line":10,"column":8},"end":{"line":10,"column":null}},"18":{"start":{"line":13,"column":4},"end":{"line":13,"column":null}},"19":{"start":{"line":14,"column":4},"end":{"line":16,"column":5}},"20":{"start":{"line":14,"column":17},"end":{"line":14,"column":18}},"21":{"start":{"line":15,"column":8},"end":{"line":15,"column":null}},"22":{"start":{"line":17,"column":4},"end":{"line":17,"column":null}},"23":{"start":{"line":18,"column":4},"end":{"line":18,"column":15}},"24":{"start":{"line":22,"column":21},"end":{"line":22,"column":64}},"25":{"start":{"line":23,"column":14},"end":{"line":23,"column":64}},"26":{"start":{"line":24,"column":4},"end":{"line":35,"column":null}},"27":{"start":{"line":25,"column":8},"end":{"line":34,"column":9}},"28":{"start":{"line":26,"column":12},"end":{"line":30,"column":13}},"29":{"start":{"line":27,"column":16},"end":{"line":27,"column":null}},"30":{"start":{"line":29,"column":16},"end":{"line":29,"column":null}},"31":{"start":{"line":32,"column":12},"end":{"line":32,"column":null}},"32":{"start":{"line":33,"column":12},"end":{"line":33,"column":null}},"33":{"start":{"line":37,"column":4},"end":{"line":37,"column":null}},"34":{"start":{"line":38,"column":4},"end":{"line":38,"column":null}},"35":{"start":{"line":40,"column":4},"end":{"line":40,"column":null}},"36":{"start":{"line":41,"column":4},"end":{"line":53,"column":null}},"37":{"start":{"line":42,"column":8},"end":{"line":42,"column":null}},"38":{"start":{"line":43,"column":8},"end":{"line":50,"column":null}},"39":{"start":{"line":44,"column":12},"end":{"line":49,"column":13}},"40":{"start":{"line":45,"column":16},"end":{"line":45,"column":null}},"41":{"start":{"line":47,"column":16},"end":{"line":47,"column":null}},"42":{"start":{"line":48,"column":16},"end":{"line":48,"column":null}},"43":{"start":{"line":51,"column":8},"end":{"line":51,"column":null}},"44":{"start":{"line":52,"column":8},"end":{"line":52,"column":null}},"45":{"start":{"line":54,"column":4},"end":{"line":54,"column":15}},"46":{"start":{"line":58,"column":14},"end":{"line":58,"column":44}},"47":{"start":{"line":59,"column":4},"end":{"line":75,"column":null}},"48":{"start":{"line":60,"column":8},"end":{"line":60,"column":null}},"49":{"start":{"line":61,"column":8},"end":{"line":72,"column":null}},"50":{"start":{"line":62,"column":12},"end":{"line":71,"column":13}},"51":{"start":{"line":63,"column":16},"end":{"line":67,"column":17}},"52":{"start":{"line":64,"column":20},"end":{"line":64,"column":null}},"53":{"start":{"line":66,"column":20},"end":{"line":66,"column":null}},"54":{"start":{"line":69,"column":16},"end":{"line":69,"column":null}},"55":{"start":{"line":70,"column":16},"end":{"line":70,"column":null}},"56":{"start":{"line":73,"column":8},"end":{"line":73,"column":null}},"57":{"start":{"line":74,"column":8},"end":{"line":74,"column":null}},"58":{"start":{"line":77,"column":4},"end":{"line":77,"column":15}},"59":{"start":{"line":81,"column":13},"end":{"line":167,"column":null}},"60":{"start":{"line":169,"column":13},"end":{"line":175,"column":null}},"61":{"start":{"line":176,"column":13},"end":{"line":242,"column":null}},"62":{"start":{"line":245,"column":4},"end":{"line":246,"column":null}},"63":{"start":{"line":249,"column":4},"end":{"line":250,"column":null}},"64":{"start":{"line":253,"column":4},"end":{"line":253,"column":null}},"65":{"start":{"line":257,"column":4},"end":{"line":258,"column":null}},"66":{"start":{"line":261,"column":4},"end":{"line":262,"column":null}},"67":{"start":{"line":265,"column":4},"end":{"line":265,"column":null}},"68":{"start":{"line":271,"column":34},"end":{"line":271,"column":36}},"69":{"start":{"line":272,"column":4},"end":{"line":274,"column":null}},"70":{"start":{"line":273,"column":8},"end":{"line":273,"column":null}},"71":{"start":{"line":275,"column":4},"end":{"line":275,"column":18}},"72":{"start":{"line":279,"column":18},"end":{"line":279,"column":32}},"73":{"start":{"line":280,"column":12},"end":{"line":280,"column":35}},"74":{"start":{"line":281,"column":4},"end":{"line":284,"column":5}},"75":{"start":{"line":281,"column":17},"end":{"line":281,"column":18}},"76":{"start":{"line":281,"column":28},"end":{"line":281,"column":29}},"77":{"start":{"line":282,"column":18},"end":{"line":282,"column":49}},"78":{"start":{"line":283,"column":6},"end":{"line":283,"column":null}},"79":{"start":{"line":285,"column":4},"end":{"line":285,"column":null}},"80":{"start":{"line":308,"column":4},"end":{"line":311,"column":5}},"81":{"start":{"line":309,"column":8},"end":{"line":309,"column":null}},"82":{"start":{"line":310,"column":8},"end":{"line":310,"column":21}},"83":{"start":{"line":312,"column":4},"end":{"line":317,"column":5}},"84":{"start":{"line":312,"column":17},"end":{"line":312,"column":18}},"85":{"start":{"line":313,"column":8},"end":{"line":316,"column":9}},"86":{"start":{"line":314,"column":12},"end":{"line":314,"column":null}},"87":{"start":{"line":315,"column":12},"end":{"line":315,"column":25}},"88":{"start":{"line":318,"column":4},"end":{"line":318,"column":16}},"89":{"start":{"line":322,"column":4},"end":{"line":322,"column":59}},"90":{"start":{"line":322,"column":34},"end":{"line":322,"column":57}}},"fnMap":{"0":{"name":"getInsertBind","decl":{"start":{"line":6,"column":16},"end":{"line":6,"column":29}},"loc":{"start":{"line":6,"column":92},"end":{"line":19,"column":1}}},"1":{"name":"insertStable","decl":{"start":{"line":21,"column":16},"end":{"line":21,"column":28}},"loc":{"start":{"line":21,"column":113},"end":{"line":55,"column":1}}},"2":{"name":"(anonymous_3)","decl":{"start":{"line":24,"column":17},"end":{"line":24,"column":18}},"loc":{"start":{"line":24,"column":25},"end":{"line":35,"column":5}}},"3":{"name":"(anonymous_4)","decl":{"start":{"line":41,"column":19},"end":{"line":41,"column":24}},"loc":{"start":{"line":41,"column":27},"end":{"line":53,"column":5}}},"4":{"name":"(anonymous_5)","decl":{"start":{"line":43,"column":22},"end":{"line":43,"column":23}},"loc":{"start":{"line":43,"column":26},"end":{"line":50,"column":9}}},"5":{"name":"insertNTable","decl":{"start":{"line":57,"column":16},"end":{"line":57,"column":28}},"loc":{"start":{"line":57,"column":69},"end":{"line":78,"column":1}}},"6":{"name":"(anonymous_7)","decl":{"start":{"line":59,"column":19},"end":{"line":59,"column":24}},"loc":{"start":{"line":59,"column":27},"end":{"line":75,"column":5}}},"7":{"name":"(anonymous_8)","decl":{"start":{"line":61,"column":22},"end":{"line":61,"column":23}},"loc":{"start":{"line":61,"column":26},"end":{"line":72,"column":9}}},"8":{"name":"createBaseSTable","decl":{"start":{"line":244,"column":16},"end":{"line":244,"column":32}},"loc":{"start":{"line":244,"column":47},"end":{"line":247,"column":1}}},"9":{"name":"createBaseSTableJSON","decl":{"start":{"line":248,"column":16},"end":{"line":248,"column":36}},"loc":{"start":{"line":248,"column":51},"end":{"line":251,"column":1}}},"10":{"name":"createBaseTable","decl":{"start":{"line":252,"column":16},"end":{"line":252,"column":31}},"loc":{"start":{"line":252,"column":45},"end":{"line":254,"column":1}}},"11":{"name":"createSTable","decl":{"start":{"line":256,"column":16},"end":{"line":256,"column":28}},"loc":{"start":{"line":256,"column":43},"end":{"line":259,"column":1}}},"12":{"name":"createSTableJSON","decl":{"start":{"line":260,"column":16},"end":{"line":260,"column":32}},"loc":{"start":{"line":260,"column":47},"end":{"line":263,"column":1}}},"13":{"name":"createTable","decl":{"start":{"line":264,"column":16},"end":{"line":264,"column":27}},"loc":{"start":{"line":264,"column":41},"end":{"line":266,"column":1}}},"14":{"name":"expectStableData","decl":{"start":{"line":270,"column":16},"end":{"line":270,"column":32}},"loc":{"start":{"line":270,"column":74},"end":{"line":276,"column":1}}},"15":{"name":"(anonymous_16)","decl":{"start":{"line":272,"column":17},"end":{"line":272,"column":18}},"loc":{"start":{"line":272,"column":38},"end":{"line":274,"column":5}}},"16":{"name":"hexToBytes","decl":{"start":{"line":278,"column":16},"end":{"line":278,"column":26}},"loc":{"start":{"line":278,"column":38},"end":{"line":286,"column":1}}},"17":{"name":"compareUint8Arrays","decl":{"start":{"line":307,"column":16},"end":{"line":307,"column":34}},"loc":{"start":{"line":307,"column":69},"end":{"line":319,"column":1}}},"18":{"name":"Sleep","decl":{"start":{"line":321,"column":16},"end":{"line":321,"column":21}},"loc":{"start":{"line":321,"column":32},"end":{"line":323,"column":1}}},"19":{"name":"(anonymous_20)","decl":{"start":{"line":322,"column":23},"end":{"line":322,"column":30}},"loc":{"start":{"line":322,"column":34},"end":{"line":322,"column":57}}}},"branchMap":{"0":{"loc":{"start":{"line":21,"column":90},"end":{"line":21,"column":113}},"type":"default-arg","locations":[{"start":{"line":21,"column":106},"end":{"line":21,"column":113}}]},"1":{"loc":{"start":{"line":22,"column":21},"end":{"line":22,"column":64}},"type":"cond-expr","locations":[{"start":{"line":22,"column":40},"end":{"line":22,"column":56}},{"start":{"line":22,"column":59},"end":{"line":22,"column":64}}]},"2":{"loc":{"start":{"line":25,"column":8},"end":{"line":34,"column":9}},"type":"if","locations":[{"start":{"line":25,"column":8},"end":{"line":34,"column":9}},{"start":{"line":31,"column":15},"end":{"line":34,"column":9}}]},"3":{"loc":{"start":{"line":26,"column":12},"end":{"line":30,"column":13}},"type":"if","locations":[{"start":{"line":26,"column":12},"end":{"line":30,"column":13}},{"start":{"line":28,"column":19},"end":{"line":30,"column":13}}]},"4":{"loc":{"start":{"line":44,"column":12},"end":{"line":49,"column":13}},"type":"if","locations":[{"start":{"line":44,"column":12},"end":{"line":49,"column":13}},{"start":{"line":46,"column":19},"end":{"line":49,"column":13}}]},"5":{"loc":{"start":{"line":62,"column":12},"end":{"line":71,"column":13}},"type":"if","locations":[{"start":{"line":62,"column":12},"end":{"line":71,"column":13}},{"start":{"line":68,"column":19},"end":{"line":71,"column":13}}]},"6":{"loc":{"start":{"line":63,"column":16},"end":{"line":67,"column":17}},"type":"if","locations":[{"start":{"line":63,"column":16},"end":{"line":67,"column":17}},{"start":{"line":65,"column":23},"end":{"line":67,"column":17}}]},"7":{"loc":{"start":{"line":308,"column":4},"end":{"line":311,"column":5}},"type":"if","locations":[{"start":{"line":308,"column":4},"end":{"line":311,"column":5}}]},"8":{"loc":{"start":{"line":313,"column":8},"end":{"line":316,"column":9}},"type":"if","locations":[{"start":{"line":313,"column":8},"end":{"line":316,"column":9}}]}},"s":{"0":5,"1":5,"2":5,"3":5,"4":5,"5":5,"6":5,"7":5,"8":5,"9":5,"10":5,"11":5,"12":5,"13":5,"14":4,"15":4,"16":4,"17":24,"18":4,"19":4,"20":4,"21":64,"22":4,"23":4,"24":6,"25":6,"26":6,"27":54,"28":10,"29":0,"30":10,"31":44,"32":44,"33":6,"34":6,"35":6,"36":6,"37":30,"38":30,"39":510,"40":150,"41":360,"42":360,"43":30,"44":30,"45":6,"46":2,"47":2,"48":10,"49":10,"50":170,"51":50,"52":10,"53":40,"54":120,"55":120,"56":10,"57":10,"58":2,"59":5,"60":5,"61":5,"62":1,"63":0,"64":0,"65":3,"66":3,"67":2,"68":4,"69":4,"70":20,"71":4,"72":9,"73":9,"74":9,"75":9,"76":9,"77":261,"78":261,"79":9,"80":40,"81":0,"82":0,"83":40,"84":40,"85":1092,"86":0,"87":0,"88":40,"89":3,"90":3},"f":{"0":4,"1":6,"2":54,"3":30,"4":510,"5":2,"6":10,"7":170,"8":1,"9":0,"10":0,"11":3,"12":3,"13":2,"14":4,"15":20,"16":9,"17":40,"18":3,"19":3},"b":{"0":[6],"1":[6,0],"2":[10,44],"3":[0,10],"4":[150,360],"5":[50,120],"6":[10,40],"7":[0],"8":[0]}}
}
