TN:
SF:src/client/wsClient.ts
FN:18,(anonymous_1)
FN:25,(anonymous_2)
FN:62,(anonymous_3)
FN:72,(anonymous_4)
FN:73,(anonymous_5)
FN:76,(anonymous_6)
FN:86,(anonymous_7)
FN:95,(anonymous_8)
FN:96,(anonymous_9)
FN:98,(anonymous_10)
FN:112,(anonymous_11)
FN:121,(anonymous_12)
FN:129,(anonymous_13)
FN:144,(anonymous_14)
FN:145,(anonymous_15)
FN:148,(anonymous_16)
FN:150,(anonymous_17)
FN:157,(anonymous_18)
FN:165,(anonymous_19)
FN:170,(anonymous_20)
FN:171,(anonymous_21)
FN:178,(anonymous_22)
FN:206,(anonymous_23)
FN:215,(anonymous_24)
FNF:24
FNH:19
FNDA:109,(anonymous_1)
FNDA:84,(anonymous_2)
FNDA:36,(anonymous_3)
FNDA:561,(anonymous_4)
FNDA:561,(anonymous_5)
FNDA:561,(anonymous_6)
FNDA:0,(anonymous_7)
FNDA:328,(anonymous_8)
FNDA:328,(anonymous_9)
FNDA:328,(anonymous_10)
FNDA:0,(anonymous_11)
FNDA:532,(anonymous_12)
FNDA:25,(anonymous_13)
FNDA:3,(anonymous_14)
FNDA:3,(anonymous_15)
FNDA:3,(anonymous_16)
FNDA:0,(anonymous_17)
FNDA:60,(anonymous_18)
FNDA:60,(anonymous_19)
FNDA:0,(anonymous_20)
FNDA:0,(anonymous_21)
FNDA:21,(anonymous_22)
FNDA:106,(anonymous_23)
FNDA:109,(anonymous_24)
DA:1,7
DA:3,7
DA:4,7
DA:5,7
DA:9,7
DA:10,7
DA:13,7
DA:19,109
DA:20,109
DA:21,109
DA:26,84
DA:27,84
DA:28,64
DA:31,84
DA:41,84
DA:42,84
DA:43,35
DA:45,49
DA:46,49
DA:48,49
DA:49,49
DA:50,49
DA:52,0
DA:55,0
DA:56,0
DA:63,36
DA:64,36
DA:65,36
DA:66,36
DA:68,0
DA:73,561
DA:74,561
DA:75,561
DA:76,561
DA:77,561
DA:78,554
DA:79,86
DA:81,468
DA:84,7
DA:86,0
DA:88,0
DA:96,328
DA:97,328
DA:98,328
DA:99,328
DA:100,119
DA:103,328
DA:104,205
DA:105,173
DA:107,32
DA:110,123
DA:112,0
DA:114,0
DA:122,532
DA:123,532
DA:125,0
DA:130,25
DA:131,25
DA:132,25
DA:133,21
DA:135,25
DA:136,25
DA:138,0
DA:139,0
DA:145,3
DA:146,3
DA:147,3
DA:148,3
DA:149,3
DA:150,0
DA:152,0
DA:158,60
DA:165,60
DA:166,60
DA:167,60
DA:168,60
DA:169,60
DA:170,0
DA:171,0
DA:173,0
DA:179,21
DA:186,21
DA:187,21
DA:188,21
DA:189,0
DA:191,21
DA:192,21
DA:193,21
DA:195,0
DA:197,0
DA:198,0
DA:203,0
DA:207,106
DA:208,106
DA:209,106
DA:217,109
DA:218,109
DA:219,0
LF:98
LH:76
BRDA:27,0,0,64
BRDA:42,1,0,35
BRDA:49,2,0,49
BRDA:64,3,0,36
BRDA:64,4,0,36
BRDA:64,4,1,36
BRDA:72,5,0,89
BRDA:75,6,0,561
BRDA:75,6,1,0
BRDA:75,7,0,561
BRDA:75,7,1,561
BRDA:77,8,0,554
BRDA:77,8,1,7
BRDA:78,9,0,86
BRDA:78,9,1,468
BRDA:95,10,0,176
BRDA:95,11,0,209
BRDA:97,12,0,328
BRDA:97,12,1,0
BRDA:97,13,0,328
BRDA:97,13,1,328
BRDA:99,14,0,119
BRDA:103,15,0,205
BRDA:103,15,1,123
BRDA:104,16,0,173
BRDA:104,16,1,32
BRDA:122,17,0,532
BRDA:132,18,0,21
BRDA:147,19,0,3
BRDA:147,19,1,0
BRDA:147,20,0,3
BRDA:147,20,1,3
BRDA:168,21,0,60
BRDA:168,21,1,0
BRDA:168,22,0,60
BRDA:168,22,1,60
BRDA:186,23,0,21
BRDA:188,24,0,0
BRDA:192,25,0,21
BRDA:207,26,0,106
BRDA:217,27,0,109
BRDA:218,28,0,0
BRDA:218,29,0,109
BRDA:218,29,1,0
BRF:44
BRH:37
end_of_record
TN:
SF:src/client/wsConnector.ts
FN:13,(anonymous_1)
FN:24,(anonymous_2)
FN:35,(anonymous_3)
FN:37,(anonymous_4)
FN:42,(anonymous_5)
FN:50,(anonymous_6)
FN:55,(anonymous_7)
FN:64,(anonymous_8)
FN:81,(anonymous_9)
FN:90,(anonymous_10)
FN:94,(anonymous_11)
FN:101,(anonymous_12)
FN:113,(anonymous_13)
FN:120,(anonymous_14)
FN:136,(anonymous_15)
FN:137,(anonymous_16)
FN:152,(anonymous_17)
FN:156,(anonymous_18)
FNF:18
FNH:14
FNDA:70,(anonymous_1)
FNDA:0,(anonymous_2)
FNDA:70,(anonymous_3)
FNDA:70,(anonymous_4)
FNDA:70,(anonymous_5)
FNDA:0,(anonymous_6)
FNDA:962,(anonymous_7)
FNDA:0,(anonymous_8)
FNDA:37,(anonymous_9)
FNDA:1781,(anonymous_10)
FNDA:36,(anonymous_11)
FNDA:36,(anonymous_12)
FNDA:694,(anonymous_13)
FNDA:694,(anonymous_14)
FNDA:328,(anonymous_15)
FNDA:328,(anonymous_16)
FNDA:0,(anonymous_17)
FNDA:106,(anonymous_18)
DA:1,7
DA:2,7
DA:3,7
DA:4,7
DA:5,7
DA:7,7
DA:10,70
DA:15,70
DA:16,70
DA:17,70
DA:18,70
DA:19,70
DA:20,70
DA:21,21
DA:23,70
DA:24,70
DA:26,70
DA:28,70
DA:29,70
DA:31,0
DA:37,70
DA:38,70
DA:39,70
DA:42,70
DA:43,70
DA:44,70
DA:51,0
DA:56,962
DA:57,962
DA:58,962
DA:59,122
DA:60,122
DA:63,840
DA:64,0
DA:65,0
DA:66,0
DA:70,840
DA:71,840
DA:72,840
DA:73,840
DA:76,0
DA:82,37
DA:83,37
DA:86,0
DA:91,1781
DA:95,36
DA:96,36
DA:97,36
DA:98,0
DA:101,36
DA:102,36
DA:103,36
DA:104,36
DA:106,0
DA:114,694
DA:115,694
DA:116,694
DA:117,60
DA:120,694
DA:121,694
DA:122,694
DA:123,634
DA:127,694
DA:128,694
DA:130,0
DA:137,328
DA:138,328
DA:139,328
DA:140,328
DA:143,328
DA:144,328
DA:146,0
DA:153,0
DA:157,106
LF:74
LH:62
BRDA:15,0,0,70
BRDA:15,0,1,0
BRDA:20,1,0,21
BRDA:58,2,0,122
BRDA:58,2,1,840
BRDA:63,3,0,0
BRDA:63,3,1,840
BRDA:70,4,0,840
BRDA:70,4,1,0
BRDA:82,5,0,37
BRDA:82,5,1,0
BRDA:97,6,0,0
BRDA:102,7,0,36
BRDA:102,7,1,0
BRDA:102,8,0,36
BRDA:102,8,1,36
BRDA:113,9,0,634
BRDA:116,10,0,60
BRDA:121,11,0,694
BRDA:121,11,1,0
BRDA:121,12,0,694
BRDA:121,12,1,694
BRDA:122,13,0,634
BRDA:124,14,0,634
BRDA:124,14,1,0
BRDA:136,15,0,328
BRDA:138,16,0,328
BRDA:138,16,1,0
BRDA:138,17,0,328
BRDA:138,17,1,328
BRDA:139,18,0,328
BRF:31
BRH:22
end_of_record
TN:
SF:src/client/wsConnectorPool.ts
FN:12,(anonymous_1)
FN:17,(anonymous_2)
FN:24,(anonymous_3)
FN:54,(anonymous_4)
FN:80,(anonymous_5)
FN:95,(anonymous_6)
FN:101,(anonymous_7)
FN:107,(anonymous_8)
FNF:8
FNH:5
FNDA:7,(anonymous_1)
FNDA:223,(anonymous_2)
FNDA:109,(anonymous_3)
FNDA:106,(anonymous_4)
FNDA:8,(anonymous_5)
FNDA:0,(anonymous_6)
FNDA:0,(anonymous_7)
FNDA:0,(anonymous_8)
DA:1,7
DA:2,7
DA:3,7
DA:4,7
DA:6,7
DA:7,7
DA:9,7
DA:13,7
DA:14,7
DA:18,223
DA:19,7
DA:21,223
DA:25,109
DA:26,109
DA:28,109
DA:29,109
DA:30,109
DA:31,81
DA:32,81
DA:33,81
DA:34,39
DA:39,109
DA:40,39
DA:41,39
DA:43,70
DA:44,0
DA:47,70
DA:48,70
DA:50,109
DA:55,106
DA:56,106
DA:57,106
DA:58,106
DA:59,106
DA:60,106
DA:61,106
DA:62,106
DA:63,9
DA:64,9
DA:65,9
DA:68,97
DA:71,0
DA:72,0
DA:75,106
DA:81,8
DA:82,8
DA:83,9
DA:84,37
DA:88,8
DA:89,8
DA:90,8
DA:95,7
DA:96,0
DA:97,0
DA:98,0
DA:101,7
DA:102,0
DA:103,0
DA:104,0
DA:107,7
DA:108,0
DA:109,0
DA:110,0
LF:63
LH:51
BRDA:12,0,0,0
BRDA:17,1,0,223
BRDA:18,2,0,7
BRDA:30,3,0,81
BRDA:32,4,0,81
BRDA:33,5,0,39
BRDA:39,6,0,39
BRDA:43,7,0,0
BRDA:43,8,0,70
BRDA:43,8,1,0
BRDA:55,9,0,106
BRDA:58,10,0,106
BRDA:58,10,1,0
BRDA:62,11,0,9
BRDA:62,11,1,97
BRDA:81,12,0,8
BRF:16
BRH:12
end_of_record
TN:
SF:src/client/wsEventCallback.ts
FN:20,(anonymous_1)
FN:31,(anonymous_2)
FN:34,(anonymous_3)
FN:41,(anonymous_4)
FN:49,(anonymous_5)
FN:57,(anonymous_6)
FNF:6
FNH:6
FNDA:7,(anonymous_1)
FNDA:7,(anonymous_2)
FNDA:2064,(anonymous_3)
FNDA:1032,(anonymous_4)
FNDA:37,(anonymous_5)
FNDA:1032,(anonymous_6)
DA:1,7
DA:2,7
DA:4,7
DA:20,7
DA:21,7
DA:22,7
DA:23,7
DA:24,7
DA:27,7
DA:28,7
DA:30,7
DA:35,2064
DA:36,7
DA:38,2064
DA:42,1032
DA:43,1032
DA:44,1032
DA:49,37
DA:53,1032
DA:58,1032
DA:60,1032
DA:61,1032
DA:62,1032
DA:63,1032
DA:64,1032
DA:65,1032
DA:66,17588
DA:67,1053
DA:68,122
DA:69,122
DA:70,122
DA:72,16535
DA:73,0
DA:74,0
DA:75,0
DA:76,0
DA:78,16535
DA:79,16170
DA:80,840
DA:81,840
DA:82,840
DA:84,365
DA:85,365
DA:86,70
DA:87,70
DA:88,70
DA:93,1032
DA:96,1032
DA:97,1032
DA:98,1032
DA:102,1032
DA:104,0
DA:105,0
LF:53
LH:47
BRDA:20,0,0,7
BRDA:20,0,1,7
BRDA:35,1,0,7
BRDA:66,2,0,1053
BRDA:66,2,1,16535
BRDA:67,3,0,122
BRDA:67,4,0,1053
BRDA:67,4,1,934
BRDA:72,5,0,0
BRDA:72,5,1,16535
BRDA:73,6,0,0
BRDA:73,7,0,0
BRDA:73,7,1,0
BRDA:78,8,0,16170
BRDA:78,8,1,365
BRDA:79,9,0,840
BRDA:79,10,0,16170
BRDA:79,10,1,840
BRDA:84,11,0,365
BRDA:85,12,0,70
BRDA:85,13,0,365
BRDA:85,13,1,70
BRDA:96,14,0,1032
BRDA:96,14,1,0
BRF:24
BRH:19
end_of_record
TN:
SF:src/client/wsResponse.ts
FN:13,(anonymous_0)
FN:38,(anonymous_1)
FN:42,(anonymous_2)
FN:76,(anonymous_3)
FN:125,(anonymous_4)
FNF:5
FNH:4
FNDA:21,(anonymous_0)
FNDA:674,(anonymous_1)
FNDA:674,(anonymous_2)
FNDA:122,(anonymous_3)
FNDA:0,(anonymous_4)
DA:5,7
DA:7,7
DA:14,21
DA:15,21
DA:16,21
DA:17,21
DA:18,21
DA:22,7
DA:39,674
DA:40,674
DA:43,674
DA:44,674
DA:45,674
DA:46,674
DA:47,674
DA:48,674
DA:49,60
DA:51,614
DA:54,674
DA:55,674
DA:56,674
DA:57,674
DA:58,674
DA:59,674
DA:60,674
DA:64,7
DA:77,122
DA:78,122
DA:79,122
DA:80,122
DA:81,122
DA:82,122
DA:83,122
DA:84,122
DA:85,0
DA:86,0
DA:87,0
DA:89,122
DA:90,122
DA:91,122
DA:92,3
DA:93,3
DA:95,119
DA:96,119
DA:97,59
DA:99,60
DA:102,63
DA:103,63
DA:104,63
DA:118,7
DA:126,0
DA:127,0
DA:128,0
DA:129,0
DA:130,0
LF:55
LH:47
BRDA:48,0,0,60
BRDA:48,0,1,614
BRDA:84,1,0,0
BRDA:91,2,0,3
BRDA:91,2,1,119
BRDA:96,3,0,59
BRDA:103,4,0,63
BRF:7
BRH:6
end_of_record
TN:
SF:src/common/config.ts
FN:9,(anonymous_0)
FN:13,(anonymous_1)
FN:16,(anonymous_2)
FN:20,(anonymous_3)
FN:23,(anonymous_4)
FN:27,(anonymous_5)
FN:30,(anonymous_6)
FN:34,(anonymous_7)
FN:37,(anonymous_8)
FN:41,(anonymous_9)
FN:45,(anonymous_10)
FN:49,(anonymous_11)
FN:52,(anonymous_12)
FNF:13
FNH:10
FNDA:78,(anonymous_0)
FNDA:84,(anonymous_1)
FNDA:0,(anonymous_2)
FNDA:114,(anonymous_3)
FNDA:30,(anonymous_4)
FNDA:114,(anonymous_5)
FNDA:30,(anonymous_6)
FNDA:156,(anonymous_7)
FNDA:64,(anonymous_8)
FNDA:168,(anonymous_9)
FNDA:0,(anonymous_10)
FNDA:0,(anonymous_11)
FNDA:84,(anonymous_12)
DA:1,7
DA:10,78
DA:14,84
DA:17,0
DA:21,114
DA:24,30
DA:28,114
DA:31,30
DA:35,156
DA:38,64
DA:42,168
DA:46,0
DA:50,0
DA:53,84
LF:14
LH:11
BRF:0
BRH:0
end_of_record
TN:
SF:src/common/constant.ts
FN:42,(anonymous_0)
FNF:1
FNH:1
FNDA:7,(anonymous_0)
DA:9,7
DA:10,7
DA:12,7
DA:33,7
DA:42,7
DA:43,7
DA:44,7
DA:45,7
DA:46,7
DA:47,7
DA:48,7
DA:49,7
DA:50,7
DA:51,7
DA:52,7
DA:53,7
DA:54,7
DA:55,7
DA:56,7
DA:57,7
DA:58,7
DA:59,7
DA:60,7
DA:61,7
DA:64,7
DA:70,7
DA:85,7
LF:27
LH:27
BRDA:42,0,0,7
BRDA:42,0,1,7
BRF:2
BRH:2
end_of_record
TN:
SF:src/common/log.ts
FN:4,(anonymous_1)
FN:32,setLevel
FNF:2
FNH:2
FNDA:127,(anonymous_1)
FNDA:2,setLevel
DA:1,8
DA:2,8
DA:4,8
DA:5,127
DA:6,0
DA:8,127
DA:11,8
DA:27,8
DA:32,8
DA:33,2
DA:36,8
LF:11
LH:10
BRDA:5,0,0,0
BRDA:5,1,0,127
BRDA:5,1,1,127
BRDA:5,1,2,0
BRF:4
BRH:2
end_of_record
TN:
SF:src/common/reqid.ts
FN:5,hexStringToNumber
FN:13,uuidToHash
FN:45,(anonymous_2)
FN:33,(anonymous_3)
FNF:4
FNH:4
FNDA:7,hexStringToNumber
FNDA:7,uuidToHash
FNDA:1174,(anonymous_2)
FNDA:7,(anonymous_3)
DA:1,7
DA:2,7
DA:3,7
DA:6,7
DA:7,7
DA:8,0
DA:10,7
DA:14,7
DA:16,7
DA:19,7
DA:22,7
DA:24,7
DA:25,7
DA:28,7
DA:29,7
DA:30,7
DA:31,7
DA:32,7
DA:33,7
DA:34,7
DA:36,7
DA:37,7
DA:39,0
DA:42,7
DA:46,1174
DA:47,1
DA:49,1173
DA:50,1173
DA:51,1173
DA:52,1173
DA:53,1173
DA:54,1173
DA:55,1173
DA:56,1173
DA:57,1173
DA:58,1173
DA:59,1173
LF:37
LH:35
BRDA:7,0,0,0
BRDA:46,1,0,1
BRDA:36,2,0,7
BRDA:36,2,1,0
BRF:4
BRH:2
end_of_record
TN:
SF:src/common/taosResult.ts
FN:35,(anonymous_1)
FN:70,(anonymous_2)
FN:74,(anonymous_3)
FN:85,(anonymous_4)
FN:91,(anonymous_5)
FN:94,(anonymous_6)
FN:98,(anonymous_7)
FN:104,(anonymous_8)
FN:107,(anonymous_9)
FN:110,(anonymous_10)
FN:114,(anonymous_11)
FN:118,(anonymous_12)
FN:121,(anonymous_13)
FN:124,(anonymous_14)
FN:128,(anonymous_15)
FN:140,(anonymous_16)
FN:143,(anonymous_17)
FN:156,parseBlock
FN:238,_isVarType
FN:263,readSolidDataToArray
FN:379,readSolidData
FN:425,readBinary
FN:430,readVarchar
FN:436,readNchar
FN:447,getString
FN:453,iteratorBuff
FN:461,isNull
FN:469,getCharOffset
FN:473,setBitmapNull
FN:477,bitPos
FN:481,bitmapLen
FNF:31
FNH:26
FNDA:203,(anonymous_1)
FNDA:24,(anonymous_2)
FNDA:0,(anonymous_3)
FNDA:0,(anonymous_4)
FNDA:30,(anonymous_5)
FNDA:70,(anonymous_6)
FNDA:66,(anonymous_7)
FNDA:226,(anonymous_8)
FNDA:10,(anonymous_9)
FNDA:7,(anonymous_10)
FNDA:60,(anonymous_11)
FNDA:0,(anonymous_12)
FNDA:0,(anonymous_13)
FNDA:119,(anonymous_14)
FNDA:60,(anonymous_15)
FNDA:70,(anonymous_16)
FNDA:496,(anonymous_17)
FNDA:60,parseBlock
FNDA:1592,_isVarType
FNDA:196,readSolidDataToArray
FNDA:947,readSolidData
FNDA:130,readBinary
FNDA:850,readVarchar
FNDA:100,readNchar
FNDA:66,getString
FNDA:0,iteratorBuff
FNDA:3480,isNull
FNDA:20,getCharOffset
FNDA:20,setBitmapNull
FNDA:20,bitPos
FNDA:148,bitmapLen
DA:2,7
DA:3,7
DA:4,7
DA:5,7
DA:24,7
DA:31,203
DA:37,203
DA:38,30
DA:39,30
DA:40,30
DA:41,30
DA:43,173
DA:44,113
DA:45,113
DA:47,60
DA:48,60
DA:49,60
DA:50,313
DA:56,60
DA:58,0
DA:61,60
DA:64,173
DA:65,173
DA:66,173
DA:67,173
DA:71,24
DA:75,0
DA:76,0
DA:78,0
DA:80,0
DA:81,0
DA:86,0
DA:87,0
DA:89,0
DA:92,30
DA:95,70
DA:99,66
DA:100,66
DA:105,226
DA:108,10
DA:111,7
DA:115,60
DA:119,0
DA:122,0
DA:125,119
DA:129,60
DA:130,0
DA:133,60
DA:134,60
DA:141,70
DA:142,70
DA:143,70
DA:144,496
DA:150,70
DA:152,0
DA:156,7
DA:157,60
DA:158,60
DA:159,60
DA:160,60
DA:161,60
DA:162,60
DA:163,0
DA:166,60
DA:167,60
DA:169,60
DA:170,60
DA:171,60
DA:173,60
DA:177,60
DA:178,60
DA:180,60
DA:181,60
DA:182,146
DA:184,146
DA:186,146
DA:188,146
DA:190,1352
DA:191,1352
DA:193,992
DA:195,992
DA:196,992
DA:198,992
DA:199,992
DA:201,992
DA:202,45
DA:204,947
DA:207,992
DA:211,360
DA:212,360
DA:213,0
DA:214,0
DA:216,360
DA:217,360
DA:218,360
DA:219,210
DA:220,150
DA:221,90
DA:223,60
DA:225,360
DA:229,146
DA:231,60
DA:233,0
DA:238,7
DA:239,1592
DA:241,68
DA:244,218
DA:247,0
DA:250,20
DA:253,49
DA:256,49
DA:259,1188
DA:263,7
DA:266,196
DA:267,196
DA:271,24
DA:272,120
DA:273,0
DA:275,120
DA:279,24
DA:282,8
DA:283,40
DA:284,0
DA:286,40
DA:289,8
DA:292,52
DA:293,1260
DA:294,20
DA:296,1240
DA:299,52
DA:302,8
DA:303,40
DA:304,0
DA:306,40
DA:309,8
DA:312,8
DA:313,40
DA:314,0
DA:316,40
DA:319,8
DA:322,8
DA:323,40
DA:324,0
DA:326,40
DA:329,8
DA:332,8
DA:333,40
DA:334,0
DA:336,40
DA:339,8
DA:342,48
DA:343,1240
DA:344,0
DA:346,1240
DA:349,48
DA:353,8
DA:354,40
DA:355,0
DA:357,40
DA:360,8
DA:363,24
DA:364,620
DA:365,0
DA:367,620
DA:370,24
DA:373,0
DA:376,196
DA:379,7
DA:381,947
DA:383,60
DA:386,60
DA:389,60
DA:392,160
DA:395,61
DA:398,60
DA:401,60
DA:404,60
DA:407,60
DA:410,154
DA:413,60
DA:416,92
DA:420,0
DA:425,7
DA:426,130
DA:427,130
DA:430,7
DA:432,850
DA:433,850
DA:436,7
DA:437,100
DA:439,100
DA:440,100
DA:441,1014
DA:444,100
DA:447,7
DA:449,66
DA:450,66
DA:454,0
DA:455,0
DA:456,0
DA:462,3480
DA:463,3480
DA:464,3480
DA:465,3480
DA:469,7
DA:470,20
DA:473,7
DA:474,20
DA:478,20
DA:481,7
DA:482,148
LF:211
LH:179
BRDA:37,0,0,30
BRDA:43,1,0,113
BRDA:43,1,1,60
BRDA:47,2,0,60
BRDA:47,2,1,0
BRDA:47,3,0,60
BRDA:47,3,1,60
BRDA:47,3,2,60
BRDA:47,3,3,60
BRDA:75,4,0,0
BRDA:75,4,1,0
BRDA:80,5,0,0
BRDA:86,6,0,0
BRDA:91,7,0,0
BRDA:99,8,0,66
BRDA:129,9,0,0
BRDA:133,10,0,60
BRDA:141,11,0,70
BRDA:160,12,0,60
BRDA:160,12,1,0
BRDA:160,13,0,60
BRDA:160,13,1,60
BRDA:160,13,2,60
BRDA:160,13,3,60
BRDA:162,14,0,0
BRDA:191,15,0,992
BRDA:191,15,1,360
BRDA:201,16,0,45
BRDA:201,16,1,947
BRDA:212,17,0,0
BRDA:212,17,1,360
BRDA:218,18,0,210
BRDA:218,18,1,150
BRDA:220,19,0,90
BRDA:220,19,1,60
BRDA:220,20,0,150
BRDA:220,20,1,105
BRDA:239,21,0,68
BRDA:239,21,1,218
BRDA:239,21,2,0
BRDA:239,21,3,20
BRDA:239,21,4,49
BRDA:239,21,5,49
BRDA:239,21,6,1188
BRDA:267,22,0,8
BRDA:267,22,1,16
BRDA:267,22,2,24
BRDA:267,22,3,8
BRDA:267,22,4,52
BRDA:267,22,5,8
BRDA:267,22,6,8
BRDA:267,22,7,8
BRDA:267,22,8,8
BRDA:267,22,9,48
BRDA:267,22,10,8
BRDA:267,22,11,24
BRDA:267,22,12,0
BRDA:272,23,0,0
BRDA:272,23,1,120
BRDA:283,24,0,0
BRDA:283,24,1,40
BRDA:293,25,0,20
BRDA:293,25,1,1240
BRDA:303,26,0,0
BRDA:303,26,1,40
BRDA:313,27,0,0
BRDA:313,27,1,40
BRDA:323,28,0,0
BRDA:323,28,1,40
BRDA:333,29,0,0
BRDA:333,29,1,40
BRDA:343,30,0,0
BRDA:343,30,1,1240
BRDA:354,31,0,0
BRDA:354,31,1,40
BRDA:364,32,0,0
BRDA:364,32,1,620
BRDA:381,33,0,60
BRDA:381,33,1,60
BRDA:381,33,2,60
BRDA:381,33,3,160
BRDA:381,33,4,61
BRDA:381,33,5,60
BRDA:381,33,6,60
BRDA:381,33,7,60
BRDA:381,33,8,60
BRDA:381,33,9,154
BRDA:381,33,10,60
BRDA:381,33,11,92
BRDA:381,33,12,0
BRF:90
BRH:68
end_of_record
TN:
SF:src/common/ut8Helper.ts
FN:23,appendRune
FNF:1
FNH:1
FNDA:1014,appendRune
DA:3,7
DA:5,7
DA:7,7
DA:8,7
DA:9,7
DA:10,7
DA:11,7
DA:12,7
DA:13,7
DA:14,7
DA:16,7
DA:17,7
DA:23,7
DA:24,1014
DA:25,1014
DA:26,929
DA:27,929
DA:29,85
DA:30,0
DA:31,85
DA:32,0
DA:33,85
DA:34,85
DA:36,0
DA:39,85
LF:25
LH:22
BRDA:25,0,0,929
BRDA:29,1,0,0
BRDA:29,1,1,85
BRDA:31,2,0,0
BRDA:31,2,1,85
BRDA:31,3,0,85
BRDA:31,3,1,85
BRDA:31,3,2,0
BRDA:33,4,0,85
BRDA:33,4,1,0
BRF:10
BRH:6
end_of_record
TN:
SF:src/common/utils.ts
FN:3,getUrl
FN:21,isEmpty
FN:29,getBinarySql
FN:60,zigzagDecode
FNF:4
FNH:4
FNDA:84,getUrl
FNDA:563,isEmpty
FNDA:295,getBinarySql
FNDA:135,zigzagDecode
DA:3,7
DA:4,84
DA:5,84
DA:6,30
DA:8,84
DA:9,30
DA:12,84
DA:13,84
DA:14,0
DA:16,84
DA:17,84
DA:21,7
DA:22,563
DA:24,543
DA:26,543
DA:29,7
DA:32,295
DA:33,176
DA:34,176
DA:35,176
DA:36,176
DA:37,176
DA:38,176
DA:39,176
DA:40,176
DA:41,176
DA:42,176
DA:43,176
DA:44,176
DA:45,16976
DA:47,176
DA:50,119
DA:51,119
DA:52,119
DA:53,119
DA:54,119
DA:55,119
DA:56,119
DA:57,119
DA:60,7
DA:61,135
LF:41
LH:40
BRDA:5,0,0,30
BRDA:6,1,0,30
BRDA:6,1,1,0
BRDA:8,2,0,30
BRDA:9,3,0,30
BRDA:9,3,1,0
BRDA:13,4,0,0
BRDA:22,5,0,20
BRDA:22,6,0,563
BRDA:22,6,1,543
BRDA:24,7,0,0
BRDA:24,8,0,543
BRDA:24,8,1,0
BRDA:32,9,0,176
BRF:14
BRH:9
end_of_record
TN:
SF:src/common/wsError.ts
FN:3,(anonymous_0)
FN:23,(anonymous_1)
FNF:2
FNH:2
FNDA:176,(anonymous_0)
FNDA:7,(anonymous_1)
DA:1,7
DA:2,176
DA:4,176
DA:5,176
DA:6,176
DA:7,176
DA:8,176
DA:10,176
DA:11,176
DA:13,0
DA:17,7
DA:18,7
DA:19,7
DA:20,7
DA:21,7
DA:23,7
DA:24,7
DA:25,7
DA:26,7
DA:27,7
DA:28,7
DA:29,7
DA:30,7
DA:31,7
DA:32,7
DA:33,7
DA:34,7
DA:35,7
LF:28
LH:27
BRDA:3,0,0,119
BRDA:7,1,0,176
BRDA:10,2,0,176
BRDA:10,2,1,0
BRDA:23,3,0,7
BRDA:23,3,1,7
BRF:6
BRH:5
end_of_record
TN:
SF:src/sql/wsProto.ts
FN:14,(anonymous_0)
FN:24,(anonymous_1)
FNF:2
FNH:2
FNDA:1,(anonymous_0)
FNDA:1,(anonymous_1)
DA:14,1
DA:15,1
DA:16,1
DA:17,1
DA:18,1
DA:19,1
DA:20,1
DA:21,1
DA:24,1
DA:25,1
DA:26,1
DA:27,1
LF:12
LH:12
BRDA:14,0,0,1
BRDA:14,0,1,1
BRDA:24,1,0,1
BRDA:24,1,1,1
BRF:4
BRH:4
end_of_record
TN:
SF:src/sql/wsRows.ts
FN:16,(anonymous_1)
FN:23,(anonymous_2)
FN:43,(anonymous_3)
FN:71,(anonymous_4)
FN:75,(anonymous_5)
FN:89,(anonymous_6)
FNF:6
FNH:6
FNDA:11,(anonymous_1)
FNDA:20,(anonymous_2)
FNDA:20,(anonymous_3)
FNDA:10,(anonymous_4)
FNDA:10,(anonymous_5)
FNDA:21,(anonymous_6)
DA:1,7
DA:2,7
DA:3,7
DA:5,7
DA:6,7
DA:7,7
DA:8,7
DA:10,7
DA:17,11
DA:18,11
DA:19,11
DA:20,11
DA:24,20
DA:25,0
DA:26,0
DA:29,20
DA:30,20
DA:31,20
DA:32,0
DA:36,20
DA:37,20
DA:38,10
DA:40,10
DA:44,20
DA:45,20
DA:46,20
DA:47,20
DA:50,20
DA:51,20
DA:52,20
DA:53,0
DA:54,0
DA:57,20
DA:58,10
DA:59,10
DA:61,10
DA:64,20
DA:66,0
DA:67,0
DA:72,10
DA:76,10
DA:77,0
DA:80,10
DA:81,10
DA:82,10
DA:83,10
DA:86,0
DA:90,21
DA:91,10
DA:93,11
DA:94,11
LF:51
LH:42
BRDA:24,0,0,0
BRDA:24,1,0,20
BRDA:24,1,1,20
BRDA:30,2,0,20
BRDA:30,3,0,20
BRDA:30,3,1,20
BRDA:31,4,0,0
BRDA:31,5,0,20
BRDA:31,5,1,20
BRDA:31,5,2,20
BRDA:37,6,0,10
BRDA:45,7,0,20
BRDA:52,8,0,0
BRDA:57,9,0,10
BRDA:57,9,1,10
BRDA:76,10,0,0
BRDA:81,11,0,10
BRDA:81,12,0,10
BRDA:81,12,1,10
BRDA:82,13,0,10
BRDA:82,14,0,10
BRDA:82,14,1,10
BRDA:90,15,0,10
BRF:23
BRH:19
end_of_record
TN:
SF:src/sql/wsSql.ts
FN:17,(anonymous_1)
FN:23,(anonymous_2)
FN:42,(anonymous_3)
FN:49,(anonymous_4)
FN:53,(anonymous_5)
FN:57,(anonymous_6)
FN:63,(anonymous_7)
FN:83,(anonymous_8)
FN:106,(anonymous_9)
FN:150,(anonymous_10)
FN:151,(anonymous_11)
FN:163,(anonymous_12)
FN:174,(anonymous_13)
FNF:13
FNH:12
FNDA:84,(anonymous_1)
FNDA:84,(anonymous_2)
FNDA:40,(anonymous_3)
FNDA:21,(anonymous_4)
FNDA:81,(anonymous_5)
FNDA:8,(anonymous_6)
FNDA:8,(anonymous_7)
FNDA:36,(anonymous_8)
FNDA:165,(anonymous_9)
FNDA:8,(anonymous_10)
FNDA:8,(anonymous_11)
FNDA:11,(anonymous_12)
FNDA:0,(anonymous_13)
DA:1,7
DA:2,7
DA:3,7
DA:4,7
DA:6,7
DA:7,7
DA:9,7
DA:10,7
DA:11,7
DA:12,7
DA:14,7
DA:18,84
DA:19,84
DA:20,84
DA:24,84
DA:25,0
DA:27,84
DA:28,84
DA:29,84
DA:30,84
DA:31,84
DA:32,64
DA:34,81
DA:36,3
DA:37,3
DA:43,40
DA:50,21
DA:54,81
DA:58,8
DA:59,8
DA:60,0
DA:63,8
DA:64,8
DA:65,8
DA:66,0
DA:70,8
DA:80,8
DA:84,36
DA:85,36
DA:86,36
DA:87,36
DA:88,36
DA:89,36
DA:90,36
DA:92,36
DA:93,36
DA:96,36
DA:98,0
DA:99,0
DA:103,0
DA:107,165
DA:108,165
DA:109,165
DA:111,162
DA:112,162
DA:113,113
DA:115,49
DA:116,49
DA:117,49
DA:118,99
DA:119,99
DA:122,99
DA:123,99
DA:124,99
DA:125,0
DA:126,0
DA:129,99
DA:130,49
DA:132,50
DA:135,49
DA:137,0
DA:139,49
DA:142,0
DA:146,3
DA:151,8
DA:152,8
DA:153,8
DA:154,8
DA:155,7
DA:156,7
DA:158,1
DA:164,11
DA:165,11
DA:166,11
DA:168,11
DA:170,0
DA:176,0
DA:184,0
LF:88
LH:75
BRDA:24,0,0,0
BRDA:31,1,0,64
BRDA:31,2,0,84
BRDA:31,2,1,64
BRDA:59,3,0,0
BRDA:59,4,0,8
BRDA:59,4,1,8
BRDA:59,4,2,8
BRDA:65,5,0,0
BRDA:84,6,0,36
BRDA:87,7,0,36
BRDA:92,8,0,36
BRDA:92,9,0,36
BRDA:92,9,1,36
BRDA:92,9,2,36
BRDA:106,10,0,165
BRDA:112,11,0,113
BRDA:112,11,1,49
BRDA:115,12,0,49
BRDA:124,13,0,0
BRDA:129,14,0,49
BRDA:174,15,0,0
BRF:22
BRH:17
end_of_record
TN:
SF:src/stmt/wsParams.ts
FN:11,(anonymous_0)
FN:24,(anonymous_1)
FN:32,(anonymous_2)
FN:36,(anonymous_3)
FN:40,(anonymous_4)
FN:44,(anonymous_5)
FN:53,(anonymous_6)
FN:61,(anonymous_7)
FN:69,(anonymous_8)
FN:78,(anonymous_9)
FN:86,(anonymous_10)
FN:94,(anonymous_11)
FN:102,(anonymous_12)
FN:110,(anonymous_13)
FN:118,(anonymous_14)
FN:126,(anonymous_15)
FN:134,(anonymous_16)
FN:139,(anonymous_17)
FN:143,(anonymous_18)
FN:147,(anonymous_19)
FN:151,(anonymous_20)
FN:155,(anonymous_21)
FN:159,(anonymous_22)
FN:231,(anonymous_23)
FN:320,(anonymous_24)
FN:369,(anonymous_25)
FN:394,(anonymous_26)
FN:449,(anonymous_27)
FNF:28
FNH:28
FNDA:178,(anonymous_0)
FNDA:34,(anonymous_1)
FNDA:33,(anonymous_2)
FNDA:33,(anonymous_3)
FNDA:99,(anonymous_4)
FNDA:6,(anonymous_5)
FNDA:6,(anonymous_6)
FNDA:6,(anonymous_7)
FNDA:6,(anonymous_8)
FNDA:6,(anonymous_9)
FNDA:34,(anonymous_10)
FNDA:6,(anonymous_11)
FNDA:6,(anonymous_12)
FNDA:6,(anonymous_13)
FNDA:39,(anonymous_14)
FNDA:6,(anonymous_15)
FNDA:9,(anonymous_16)
FNDA:6,(anonymous_17)
FNDA:6,(anonymous_18)
FNDA:2,(anonymous_19)
FNDA:4,(anonymous_20)
FNDA:4,(anonymous_21)
FNDA:21,(anonymous_22)
FNDA:127,(anonymous_23)
FNDA:25,(anonymous_24)
FNDA:31,(anonymous_25)
FNDA:6,(anonymous_26)
FNDA:66,(anonymous_27)
DA:1,7
DA:2,7
DA:3,7
DA:4,7
DA:6,7
DA:12,178
DA:13,178
DA:14,178
DA:15,178
DA:19,7
DA:20,34
DA:22,34
DA:23,34
DA:25,34
DA:26,34
DA:28,34
DA:33,33
DA:37,33
DA:41,99
DA:45,6
DA:46,0
DA:48,6
DA:50,6
DA:54,6
DA:55,0
DA:57,6
DA:58,6
DA:62,6
DA:63,0
DA:65,6
DA:66,6
DA:70,6
DA:71,0
DA:73,6
DA:74,6
DA:79,6
DA:80,0
DA:82,6
DA:83,6
DA:87,34
DA:88,0
DA:90,34
DA:91,34
DA:95,6
DA:96,0
DA:98,6
DA:99,6
DA:103,6
DA:104,0
DA:106,6
DA:107,6
DA:111,6
DA:112,0
DA:114,6
DA:115,6
DA:119,39
DA:120,0
DA:122,39
DA:123,38
DA:127,6
DA:128,0
DA:130,6
DA:131,6
DA:135,9
DA:136,9
DA:140,6
DA:144,6
DA:148,2
DA:152,4
DA:156,4
DA:160,21
DA:161,0
DA:165,21
DA:167,21
DA:169,21
DA:171,21
DA:172,21
DA:173,0
DA:174,0
DA:177,21
DA:180,21
DA:181,66
DA:182,66
DA:183,0
DA:185,0
DA:186,0
DA:187,0
DA:188,0
DA:189,0
DA:190,0
DA:192,0
DA:195,66
DA:198,66
DA:199,51
DA:201,15
DA:204,66
DA:206,66
DA:207,0
DA:208,0
DA:210,0
DA:212,66
DA:213,66
DA:215,0
DA:220,0
DA:221,0
DA:222,0
DA:226,21
DA:227,21
DA:232,127
DA:233,127
DA:234,127
DA:235,127
DA:236,127
DA:237,125
DA:238,1
DA:241,2
DA:244,126
DA:245,402
DA:246,382
DA:247,382
DA:249,22
DA:250,13
DA:252,9
DA:254,22
DA:257,22
DA:258,22
DA:261,22
DA:262,22
DA:265,22
DA:266,22
DA:269,22
DA:270,22
DA:274,74
DA:275,74
DA:279,22
DA:280,22
DA:284,22
DA:285,22
DA:289,22
DA:290,22
DA:294,110
DA:295,110
DA:298,22
DA:299,22
DA:302,0
DA:307,0
DA:311,20
DA:312,20
DA:313,20
DA:316,126
DA:317,126
DA:321,25
DA:322,25
DA:324,25
DA:325,25
DA:326,25
DA:327,14
DA:328,0
DA:331,11
DA:333,25
DA:335,73
DA:336,73
DA:338,73
DA:339,73
DA:341,33
DA:342,33
DA:343,33
DA:345,33
DA:346,40
DA:348,40
DA:349,40
DA:350,40
DA:352,0
DA:358,0
DA:359,0
DA:365,25
DA:366,25
DA:371,31
DA:373,31
DA:374,31
DA:375,31
DA:377,31
DA:379,31
DA:380,31
DA:382,95
DA:383,95
DA:385,95
DA:386,2054
DA:388,95
DA:391,31
DA:395,6
DA:396,6
DA:397,6
DA:398,6
DA:399,6
DA:400,6
DA:401,0
DA:404,0
DA:407,6
DA:408,22
DA:409,22
DA:410,22
DA:411,22
DA:412,22
DA:413,22
DA:414,22
DA:416,200
DA:419,22
DA:420,22
DA:421,22
DA:423,200
DA:425,22
DA:426,22
DA:428,0
DA:429,0
DA:430,0
DA:431,0
DA:433,0
DA:438,0
DA:439,0
DA:445,6
DA:446,6
DA:450,66
DA:451,0
DA:453,66
DA:454,66
DA:455,66
DA:456,858
DA:457,858
DA:459,66
LF:230
LH:185
BRDA:25,0,0,34
BRDA:45,1,0,0
BRDA:45,2,0,6
BRDA:45,2,1,6
BRDA:54,3,0,0
BRDA:54,4,0,6
BRDA:54,4,1,6
BRDA:62,5,0,0
BRDA:62,6,0,6
BRDA:62,6,1,6
BRDA:70,7,0,0
BRDA:70,8,0,6
BRDA:70,8,1,6
BRDA:79,9,0,0
BRDA:79,10,0,6
BRDA:79,10,1,6
BRDA:87,11,0,0
BRDA:87,12,0,34
BRDA:87,12,1,34
BRDA:95,13,0,0
BRDA:95,14,0,6
BRDA:95,14,1,6
BRDA:103,15,0,0
BRDA:103,16,0,6
BRDA:103,16,1,6
BRDA:111,17,0,0
BRDA:111,18,0,6
BRDA:111,18,1,6
BRDA:119,19,0,0
BRDA:119,20,0,39
BRDA:119,20,1,39
BRDA:127,21,0,0
BRDA:127,22,0,6
BRDA:127,22,1,6
BRDA:160,23,0,0
BRDA:160,24,0,21
BRDA:160,24,1,21
BRDA:172,25,0,0
BRDA:172,25,1,21
BRDA:173,26,0,0
BRDA:181,27,0,66
BRDA:181,27,1,0
BRDA:182,28,0,0
BRDA:182,28,1,66
BRDA:185,29,0,0
BRDA:185,29,1,0
BRDA:188,30,0,0
BRDA:188,30,1,0
BRDA:195,31,0,66
BRDA:195,32,0,66
BRDA:195,32,1,51
BRDA:198,33,0,51
BRDA:198,33,1,15
BRDA:206,34,0,0
BRDA:206,34,1,66
BRDA:207,35,0,0
BRDA:207,35,1,0
BRDA:212,36,0,66
BRDA:212,36,1,0
BRDA:231,37,0,0
BRDA:236,38,0,125
BRDA:236,38,1,2
BRDA:237,39,0,1
BRDA:245,40,0,382
BRDA:245,40,1,20
BRDA:246,41,0,382
BRDA:246,41,1,0
BRDA:247,42,0,22
BRDA:247,42,1,22
BRDA:247,42,2,22
BRDA:247,42,3,22
BRDA:247,42,4,22
BRDA:247,42,5,74
BRDA:247,42,6,22
BRDA:247,42,7,22
BRDA:247,42,8,22
BRDA:247,42,9,110
BRDA:247,42,10,22
BRDA:247,42,11,0
BRDA:249,43,0,13
BRDA:249,43,1,9
BRDA:326,44,0,14
BRDA:326,44,1,11
BRDA:327,45,0,0
BRDA:336,46,0,73
BRDA:336,46,1,0
BRDA:339,47,0,33
BRDA:339,47,1,40
BRDA:346,48,0,40
BRDA:346,48,1,0
BRDA:399,49,0,6
BRDA:399,49,1,0
BRDA:400,50,0,0
BRDA:409,51,0,22
BRDA:409,51,1,0
BRDA:411,52,0,22
BRDA:411,52,1,0
BRDA:428,53,0,0
BRDA:428,53,1,0
BRDA:450,54,0,0
BRF:100
BRH:63
end_of_record
TN:
SF:src/stmt/wsProto.ts
FN:24,(anonymous_0)
FN:37,binaryBlockEncode
FNF:2
FNH:2
FNDA:415,(anonymous_0)
FNDA:33,binaryBlockEncode
DA:1,7
DA:2,7
DA:21,7
DA:25,415
DA:26,415
DA:27,415
DA:37,7
DA:39,33
DA:40,33
DA:41,33
DA:42,33
DA:43,33
DA:45,33
DA:46,33
DA:48,33
DA:49,33
DA:50,33
DA:52,33
DA:54,33
DA:56,33
DA:58,33
DA:60,33
DA:62,33
DA:64,33
DA:66,33
DA:68,33
DA:70,33
DA:71,33
DA:72,33
DA:73,33
DA:75,177
DA:77,177
DA:79,177
DA:80,177
DA:82,177
DA:83,177
DA:85,177
DA:86,177
DA:88,177
DA:91,33
LF:40
LH:40
BRDA:80,0,0,177
BRF:1
BRH:1
end_of_record
TN:
SF:src/stmt/wsStmt.ts
FN:15,(anonymous_1)
FN:22,(anonymous_2)
FN:33,(anonymous_3)
FN:45,(anonymous_4)
FN:57,(anonymous_5)
FN:69,(anonymous_6)
FN:73,(anonymous_7)
FN:87,(anonymous_8)
FN:101,(anonymous_9)
FN:113,(anonymous_10)
FN:127,(anonymous_11)
FN:131,(anonymous_12)
FN:142,(anonymous_13)
FN:146,(anonymous_14)
FN:157,(anonymous_15)
FN:161,(anonymous_16)
FN:188,(anonymous_17)
FN:203,(anonymous_18)
FNF:18
FNH:17
FNDA:36,(anonymous_1)
FNDA:36,(anonymous_2)
FNDA:35,(anonymous_3)
FNDA:36,(anonymous_4)
FNDA:20,(anonymous_5)
FNDA:34,(anonymous_6)
FNDA:13,(anonymous_7)
FNDA:20,(anonymous_8)
FNDA:200,(anonymous_9)
FNDA:30,(anonymous_10)
FNDA:0,(anonymous_11)
FNDA:30,(anonymous_12)
FNDA:26,(anonymous_13)
FNDA:36,(anonymous_14)
FNDA:20,(anonymous_15)
FNDA:423,(anonymous_16)
FNDA:33,(anonymous_17)
FNDA:36,(anonymous_18)
DA:2,7
DA:3,7
DA:4,7
DA:5,7
DA:6,7
DA:7,7
DA:9,7
DA:12,36
DA:16,36
DA:17,36
DA:18,36
DA:23,36
DA:24,36
DA:25,36
DA:27,0
DA:28,0
DA:34,35
DA:42,35
DA:46,36
DA:54,36
DA:58,20
DA:66,20
DA:70,34
DA:74,13
DA:75,0
DA:78,13
DA:79,13
DA:80,0
DA:82,13
DA:83,13
DA:84,13
DA:88,20
DA:89,0
DA:92,20
DA:93,20
DA:94,0
DA:96,20
DA:97,20
DA:98,20
DA:102,200
DA:110,200
DA:114,30
DA:121,30
DA:128,0
DA:132,30
DA:139,30
DA:143,26
DA:147,36
DA:154,36
DA:158,20
DA:162,423
DA:163,423
DA:164,0
DA:166,423
DA:167,423
DA:168,387
DA:169,383
DA:170,383
DA:171,383
DA:174,383
DA:175,28
DA:178,36
DA:179,36
DA:180,36
DA:182,419
DA:184,4
DA:189,33
DA:190,0
DA:192,33
DA:193,32
DA:194,32
DA:195,32
DA:198,32
DA:199,0
DA:204,36
DA:205,36
DA:206,36
DA:207,0
DA:209,36
DA:215,36
DA:216,36
DA:218,0
DA:219,0
DA:223,0
LF:84
LH:70
BRDA:17,0,0,36
BRDA:74,1,0,0
BRDA:74,2,0,13
BRDA:74,2,1,13
BRDA:79,3,0,0
BRDA:88,4,0,0
BRDA:88,5,0,20
BRDA:88,5,1,20
BRDA:93,6,0,0
BRDA:161,7,0,387
BRDA:163,8,0,0
BRDA:167,9,0,387
BRDA:167,9,1,36
BRDA:170,10,0,383
BRDA:174,11,0,28
BRDA:189,12,0,0
BRDA:194,13,0,32
BRDA:198,14,0,0
BRDA:204,15,0,36
BRDA:206,16,0,0
BRF:20
BRH:12
end_of_record
TN:
SF:src/tmq/config.ts
FN:17,(anonymous_0)
FNF:1
FNH:1
FNDA:25,(anonymous_0)
DA:1,2
DA:3,2
DA:18,25
DA:19,25
DA:20,25
DA:21,25
DA:22,25
DA:23,25
DA:24,25
DA:26,25
DA:27,0
DA:30,25
DA:31,25
DA:32,0
DA:35,25
DA:36,25
DA:37,25
DA:40,25
DA:41,25
DA:42,25
DA:44,0
DA:46,25
DA:47,25
DA:50,0
DA:52,25
LF:25
LH:21
BRDA:26,0,0,0
BRDA:31,1,0,0
BRDA:36,2,0,25
BRDA:40,3,0,25
BRDA:41,4,0,25
BRDA:41,4,1,0
BRDA:46,5,0,25
BRDA:46,5,1,0
BRF:8
BRH:4
end_of_record
TN:
SF:src/tmq/constant.ts
FN:109,(anonymous_0)
FN:120,(anonymous_1)
FNF:2
FNH:1
FNDA:0,(anonymous_0)
FNDA:66,(anonymous_1)
DA:1,2
DA:2,2
DA:4,2
DA:9,2
DA:14,2
DA:19,2
DA:24,2
DA:29,2
DA:34,2
DA:39,2
DA:44,2
DA:49,2
DA:54,2
DA:59,2
DA:64,2
DA:71,2
DA:78,2
DA:84,2
DA:88,2
DA:89,2
DA:90,2
DA:91,2
DA:92,2
DA:93,2
DA:94,2
DA:95,2
DA:96,2
DA:97,2
DA:98,2
DA:99,2
DA:100,2
DA:101,2
DA:104,2
DA:110,0
DA:114,2
DA:121,66
DA:122,66
DA:123,66
DA:124,66
DA:125,66
LF:40
LH:39
BRF:0
BRH:0
end_of_record
TN:
SF:src/tmq/tmqResponse.ts
FN:22,(anonymous_1)
FN:50,(anonymous_2)
FN:62,(anonymous_3)
FN:80,(anonymous_4)
FN:90,(anonymous_5)
FN:93,(anonymous_6)
FN:105,(anonymous_7)
FN:117,(anonymous_8)
FN:145,(anonymous_9)
FN:199,(anonymous_10)
FN:216,(anonymous_11)
FN:311,(anonymous_12)
FN:332,(anonymous_13)
FN:351,(anonymous_14)
FN:361,(anonymous_15)
FN:374,(anonymous_16)
FN:386,(anonymous_17)
FN:395,getBitmapLen
FNF:18
FNH:14
FNDA:30,(anonymous_1)
FNDA:0,(anonymous_2)
FNDA:30,(anonymous_3)
FNDA:3,(anonymous_4)
FNDA:0,(anonymous_5)
FNDA:3,(anonymous_6)
FNDA:0,(anonymous_7)
FNDA:3,(anonymous_8)
FNDA:24,(anonymous_9)
FNDA:228,(anonymous_10)
FNDA:24,(anonymous_11)
FNDA:52,(anonymous_12)
FNDA:1,(anonymous_13)
FNDA:2,(anonymous_14)
FNDA:2,(anonymous_15)
FNDA:2,(anonymous_16)
FNDA:0,(anonymous_17)
FNDA:24,getBitmapLen
DA:1,2
DA:2,2
DA:3,2
DA:4,2
DA:5,2
DA:6,2
DA:7,2
DA:9,2
DA:23,30
DA:24,30
DA:25,30
DA:26,30
DA:27,30
DA:28,30
DA:29,30
DA:30,30
DA:31,30
DA:32,30
DA:33,30
DA:34,30
DA:35,0
DA:37,30
DA:43,2
DA:51,0
DA:52,0
DA:53,0
DA:54,0
DA:55,0
DA:59,2
DA:63,30
DA:64,30
DA:65,30
DA:66,30
DA:70,2
DA:83,3
DA:84,3
DA:85,3
DA:86,3
DA:87,3
DA:88,3
DA:91,0
DA:94,3
DA:95,3
DA:96,3
DA:97,3
DA:99,0
DA:100,0
DA:101,0
DA:102,0
DA:106,0
DA:108,0
DA:111,0
DA:113,0
DA:118,3
DA:119,3
DA:120,0
DA:122,3
DA:123,3
DA:126,3
DA:127,3
DA:130,3
DA:131,24
DA:132,24
DA:133,24
DA:134,24
DA:135,24
DA:136,24
DA:140,3
DA:141,3
DA:146,24
DA:147,24
DA:148,24
DA:149,3
DA:150,3
DA:151,3
DA:152,3
DA:153,3
DA:154,3
DA:155,3
DA:156,3
DA:157,66
DA:158,66
DA:159,66
DA:160,66
DA:161,66
DA:162,66
DA:163,66
DA:164,66
DA:165,66
DA:166,66
DA:167,66
DA:168,66
DA:170,66
DA:171,66
DA:176,66
DA:178,66
DA:179,66
DA:182,3
DA:183,0
DA:184,0
DA:185,0
DA:186,0
DA:187,0
DA:190,3
DA:192,21
DA:196,0
DA:200,228
DA:201,228
DA:202,228
DA:203,228
DA:204,263
DA:205,263
DA:206,263
DA:207,228
DA:209,35
DA:210,35
DA:213,228
DA:218,24
DA:219,24
DA:220,0
DA:223,24
DA:224,24
DA:225,24
DA:226,24
DA:228,24
DA:230,24
DA:231,24
DA:232,24
DA:234,240
DA:237,24
DA:238,24
DA:239,240
DA:241,240
DA:243,240
DA:245,196
DA:246,196
DA:248,196
DA:252,44
DA:253,44
DA:254,44
DA:256,720
DA:259,44
DA:260,720
DA:261,720
DA:262,0
DA:264,720
DA:265,720
DA:266,720
DA:269,640
DA:270,80
DA:272,40
DA:275,40
DA:280,720
DA:282,44
DA:285,240
DA:287,240
DA:288,4200
DA:289,620
DA:291,4200
DA:294,24
DA:298,24
DA:303,2
DA:312,52
DA:313,52
DA:314,52
DA:315,52
DA:316,52
DA:317,52
DA:318,52
DA:319,52
DA:320,28
DA:324,2
DA:333,1
DA:334,1
DA:335,1
DA:336,1
DA:337,1
DA:338,1
DA:339,1
DA:343,2
DA:352,2
DA:353,2
DA:354,2
DA:355,2
DA:356,2
DA:357,2
DA:358,2
DA:362,2
DA:363,0
DA:365,2
DA:366,4
DA:368,2
DA:373,2
DA:375,2
DA:376,2
DA:380,2
DA:387,0
DA:388,0
DA:389,0
DA:390,0
DA:391,0
DA:396,24
LF:202
LH:172
BRDA:34,0,0,0
BRDA:34,0,1,30
BRDA:95,1,0,3
BRDA:106,2,0,0
BRDA:106,2,1,0
BRDA:106,2,2,0
BRDA:106,2,3,0
BRDA:119,3,0,0
BRDA:122,4,0,0
BRDA:122,4,1,3
BRDA:123,5,0,3
BRDA:123,5,1,0
BRDA:146,6,0,24
BRDA:148,7,0,3
BRDA:148,7,1,21
BRDA:170,8,0,66
BRDA:182,9,0,0
BRDA:199,10,0,162
BRDA:206,11,0,228
BRDA:219,12,0,0
BRDA:225,13,0,24
BRDA:225,14,0,24
BRDA:225,14,1,24
BRDA:225,14,2,24
BRDA:243,15,0,196
BRDA:243,15,1,44
BRDA:261,16,0,0
BRDA:261,16,1,720
BRDA:266,17,0,640
BRDA:266,17,1,80
BRDA:270,18,0,40
BRDA:270,18,1,40
BRDA:270,19,0,80
BRDA:270,19,1,60
BRDA:288,20,0,620
BRDA:362,21,0,0
BRF:36
BRH:24
end_of_record
TN:
SF:src/tmq/wsTmq.ts
FN:16,(anonymous_1)
FN:22,(anonymous_2)
FN:28,(anonymous_3)
FN:38,(anonymous_4)
FN:62,(anonymous_5)
FN:72,(anonymous_6)
FN:88,(anonymous_7)
FN:100,(anonymous_8)
FN:105,(anonymous_9)
FN:117,(anonymous_10)
FN:143,(anonymous_11)
FN:149,(anonymous_12)
FN:157,(anonymous_13)
FN:175,(anonymous_14)
FN:201,(anonymous_15)
FN:219,(anonymous_16)
FN:227,(anonymous_17)
FN:236,(anonymous_18)
FN:240,(anonymous_19)
FN:264,(anonymous_20)
FN:292,(anonymous_21)
FN:306,(anonymous_22)
FN:319,(anonymous_23)
FN:326,(anonymous_24)
FN:328,(anonymous_25)
FN:333,(anonymous_26)
FNF:26
FNH:25
FNDA:25,(anonymous_1)
FNDA:25,(anonymous_2)
FNDA:25,(anonymous_3)
FNDA:24,(anonymous_4)
FNDA:22,(anonymous_5)
FNDA:30,(anonymous_6)
FNDA:1,(anonymous_7)
FNDA:21,(anonymous_8)
FNDA:25,(anonymous_9)
FNDA:2,(anonymous_10)
FNDA:1,(anonymous_11)
FNDA:2,(anonymous_12)
FNDA:2,(anonymous_13)
FNDA:0,(anonymous_14)
FNDA:8,(anonymous_15)
FNDA:2,(anonymous_16)
FNDA:2,(anonymous_17)
FNDA:25,(anonymous_18)
FNDA:3,(anonymous_19)
FNDA:30,(anonymous_20)
FNDA:52,(anonymous_21)
FNDA:48,(anonymous_22)
FNDA:52,(anonymous_23)
FNDA:4,(anonymous_24)
FNDA:8,(anonymous_25)
FNDA:16,(anonymous_26)
DA:1,2
DA:2,2
DA:3,2
DA:5,2
DA:6,2
DA:7,2
DA:8,2
DA:9,2
DA:11,2
DA:17,25
DA:18,25
DA:19,25
DA:23,25
DA:24,25
DA:29,25
DA:30,0
DA:33,25
DA:34,25
DA:39,24
DA:40,0
DA:44,24
DA:58,24
DA:59,24
DA:63,22
DA:69,22
DA:73,30
DA:74,30
DA:75,9
DA:76,9
DA:77,9
DA:78,4
DA:79,4
DA:82,21
DA:85,30
DA:89,1
DA:96,1
DA:97,1
DA:101,21
DA:102,21
DA:106,25
DA:114,25
DA:118,2
DA:119,0
DA:122,2
DA:123,2
DA:124,4
DA:128,4
DA:131,2
DA:139,2
DA:140,2
DA:144,1
DA:145,0
DA:148,1
DA:149,1
DA:150,2
DA:152,1
DA:153,1
DA:158,2
DA:159,0
DA:163,2
DA:172,2
DA:176,0
DA:177,0
DA:181,0
DA:182,0
DA:183,0
DA:187,0
DA:189,0
DA:197,0
DA:198,0
DA:202,8
DA:203,0
DA:207,8
DA:216,8
DA:220,2
DA:221,0
DA:224,2
DA:228,2
DA:229,0
DA:233,2
DA:237,25
DA:241,3
DA:248,3
DA:249,3
DA:250,3
DA:251,3
DA:252,3
DA:253,3
DA:254,3
DA:255,3
DA:256,3
DA:261,0
DA:265,30
DA:274,30
DA:275,30
DA:276,30
DA:277,30
DA:278,30
DA:279,30
DA:280,27
DA:283,3
DA:285,3
DA:286,3
DA:289,3
DA:293,52
DA:301,52
DA:302,52
DA:303,52
DA:307,48
DA:308,44
DA:311,48
DA:313,48
DA:314,48
DA:315,48
DA:316,52
DA:318,48
DA:319,48
DA:320,52
DA:323,48
DA:327,4
DA:328,4
DA:329,8
DA:332,4
DA:333,4
DA:334,16
DA:335,16
DA:338,4
DA:339,4
DA:340,8
DA:341,8
DA:342,8
DA:343,8
DA:344,4
DA:346,4
DA:348,8
DA:352,4
LF:136
LH:118
BRDA:29,0,0,0
BRDA:29,1,0,25
BRDA:29,1,1,25
BRDA:39,2,0,0
BRDA:39,3,0,24
BRDA:39,3,1,24
BRDA:73,4,0,30
BRDA:74,5,0,9
BRDA:74,5,1,21
BRDA:77,6,0,4
BRDA:118,7,0,0
BRDA:118,8,0,2
BRDA:118,8,1,2
BRDA:144,9,0,0
BRDA:144,10,0,1
BRDA:144,10,1,1
BRDA:158,11,0,0
BRDA:176,12,0,0
BRDA:176,13,0,0
BRDA:176,13,1,0
BRDA:202,14,0,0
BRDA:220,15,0,0
BRDA:220,16,0,2
BRDA:220,16,1,2
BRDA:228,17,0,0
BRDA:228,18,0,2
BRDA:228,18,1,2
BRDA:252,19,0,3
BRDA:252,20,0,3
BRDA:252,20,1,3
BRDA:252,20,2,3
BRDA:255,21,0,3
BRDA:279,22,0,27
BRDA:279,23,0,30
BRDA:279,23,1,3
BRDA:307,24,0,44
BRDA:307,25,0,48
BRDA:307,25,1,4
BRDA:313,26,0,48
BRDA:313,27,0,48
BRDA:313,27,1,48
BRDA:326,28,0,2
BRDA:340,29,0,8
BRDA:342,30,0,8
BRDA:343,31,0,4
BRDA:343,31,1,4
BRF:46
BRH:35
end_of_record
TN:
SF:test/utils.ts
FN:6,getInsertBind
FN:21,insertStable
FN:24,(anonymous_3)
FN:41,(anonymous_4)
FN:43,(anonymous_5)
FN:57,insertNTable
FN:59,(anonymous_7)
FN:61,(anonymous_8)
FN:244,createBaseSTable
FN:248,createBaseSTableJSON
FN:252,createBaseTable
FN:256,createSTable
FN:260,createSTableJSON
FN:264,createTable
FN:270,expectStableData
FN:272,(anonymous_16)
FN:278,hexToBytes
FN:307,compareUint8Arrays
FN:321,Sleep
FN:322,(anonymous_20)
FNF:20
FNH:18
FNDA:4,getInsertBind
FNDA:6,insertStable
FNDA:54,(anonymous_3)
FNDA:30,(anonymous_4)
FNDA:510,(anonymous_5)
FNDA:2,insertNTable
FNDA:10,(anonymous_7)
FNDA:170,(anonymous_8)
FNDA:1,createBaseSTable
FNDA:0,createBaseSTableJSON
FNDA:0,createBaseTable
FNDA:3,createSTable
FNDA:3,createSTableJSON
FNDA:2,createTable
FNDA:4,expectStableData
FNDA:20,(anonymous_16)
FNDA:9,hexToBytes
FNDA:40,compareUint8Arrays
FNDA:3,Sleep
FNDA:3,(anonymous_20)
DA:1,5
DA:6,5
DA:7,4
DA:9,4
DA:10,24
DA:13,4
DA:14,4
DA:15,64
DA:17,4
DA:18,4
DA:21,5
DA:22,6
DA:23,6
DA:24,6
DA:25,54
DA:26,10
DA:27,0
DA:29,10
DA:32,44
DA:33,44
DA:37,6
DA:38,6
DA:40,6
DA:41,6
DA:42,30
DA:43,30
DA:44,510
DA:45,150
DA:47,360
DA:48,360
DA:51,30
DA:52,30
DA:54,6
DA:57,5
DA:58,2
DA:59,2
DA:60,10
DA:61,10
DA:62,170
DA:63,50
DA:64,10
DA:66,40
DA:69,120
DA:70,120
DA:73,10
DA:74,10
DA:77,2
DA:81,5
DA:169,5
DA:176,5
DA:244,5
DA:245,1
DA:248,5
DA:249,0
DA:252,5
DA:253,0
DA:256,5
DA:257,3
DA:260,5
DA:261,3
DA:264,5
DA:265,2
DA:270,5
DA:271,4
DA:272,4
DA:273,20
DA:275,4
DA:278,5
DA:279,9
DA:280,9
DA:281,9
DA:282,261
DA:283,261
DA:285,9
DA:307,5
DA:308,40
DA:309,0
DA:310,0
DA:312,40
DA:313,1092
DA:314,0
DA:315,0
DA:318,40
DA:321,5
DA:322,3
LF:85
LH:78
BRDA:21,0,0,6
BRDA:22,1,0,6
BRDA:22,1,1,0
BRDA:25,2,0,10
BRDA:25,2,1,44
BRDA:26,3,0,0
BRDA:26,3,1,10
BRDA:44,4,0,150
BRDA:44,4,1,360
BRDA:62,5,0,50
BRDA:62,5,1,120
BRDA:63,6,0,10
BRDA:63,6,1,40
BRDA:308,7,0,0
BRDA:313,8,0,0
BRF:15
BRH:11
end_of_record
